
*** Running vivado
    with args -log system_m00_pchk_0.vds -m64 -product Vivado -mode batch -messageDb vivado.pb -notrace -source system_m00_pchk_0.tcl


****** Vivado v2016.4 (64-bit)
  **** SW Build 1756540 on Mon Jan 23 19:11:23 MST 2017
  **** IP Build 1755317 on Mon Jan 23 20:30:07 MST 2017
    ** Copyright 1986-2016 Xilinx, Inc. All Rights Reserved.

source system_m00_pchk_0.tcl -notrace
Starting RTL Elaboration : Time (s): cpu = 00:00:11 ; elapsed = 00:00:14 . Memory (MB): peak = 423.887 ; gain = 213.793
INFO: [Synth 8-638] synthesizing module 'system_m00_pchk_0' [d:/Projects/2018/Infa-red-based-Image-processing-Zybo/src/bd/system/ip/system_m00_pchk_0/synth/system_m00_pchk_0.v:58]
INFO: [Synth 8-638] synthesizing module 'axi_protocol_checker_v1_1_12_top' [d:/Projects/2018/Infa-red-based-Image-processing-Zybo/src/bd/system/ipshared/40a5/hdl/axi_protocol_checker_v1_1_vl_rfs.v:4350]
INFO: [Synth 8-638] synthesizing module 'axi_protocol_checker_v1_1_12_core' [d:/Projects/2018/Infa-red-based-Image-processing-Zybo/src/bd/system/ipshared/40a5/hdl/axi_protocol_checker_v1_1_vl_rfs.v:2320]
INFO: [Synth 8-638] synthesizing module 'axi_protocol_checker_v1_1_12_syn_fifo' [d:/Projects/2018/Infa-red-based-Image-processing-Zybo/src/bd/system/ipshared/40a5/hdl/axi_protocol_checker_v1_1_vl_rfs.v:3603]
INFO: [Synth 8-256] done synthesizing module 'axi_protocol_checker_v1_1_12_syn_fifo' (1#1) [d:/Projects/2018/Infa-red-based-Image-processing-Zybo/src/bd/system/ipshared/40a5/hdl/axi_protocol_checker_v1_1_vl_rfs.v:3603]
INFO: [Synth 8-638] synthesizing module 'axi_protocol_checker_v1_1_12_axi4pc_asr_inline' [d:/Projects/2018/Infa-red-based-Image-processing-Zybo/src/bd/system/ipshared/40a5/hdl/axi_protocol_checker_v1_1_vl_rfs.v:145]
INFO: [Synth 8-256] done synthesizing module 'axi_protocol_checker_v1_1_12_axi4pc_asr_inline' (2#1) [d:/Projects/2018/Infa-red-based-Image-processing-Zybo/src/bd/system/ipshared/40a5/hdl/axi_protocol_checker_v1_1_vl_rfs.v:145]
INFO: [Synth 8-638] synthesizing module 'axi_protocol_checker_v1_1_12_syn_fifo__parameterized0' [d:/Projects/2018/Infa-red-based-Image-processing-Zybo/src/bd/system/ipshared/40a5/hdl/axi_protocol_checker_v1_1_vl_rfs.v:3603]
INFO: [Synth 8-256] done synthesizing module 'axi_protocol_checker_v1_1_12_syn_fifo__parameterized0' (2#1) [d:/Projects/2018/Infa-red-based-Image-processing-Zybo/src/bd/system/ipshared/40a5/hdl/axi_protocol_checker_v1_1_vl_rfs.v:3603]
INFO: [Synth 8-638] synthesizing module 'axi_protocol_checker_v1_1_12_syn_fifo__parameterized1' [d:/Projects/2018/Infa-red-based-Image-processing-Zybo/src/bd/system/ipshared/40a5/hdl/axi_protocol_checker_v1_1_vl_rfs.v:3603]
INFO: [Synth 8-256] done synthesizing module 'axi_protocol_checker_v1_1_12_syn_fifo__parameterized1' (2#1) [d:/Projects/2018/Infa-red-based-Image-processing-Zybo/src/bd/system/ipshared/40a5/hdl/axi_protocol_checker_v1_1_vl_rfs.v:3603]
INFO: [Synth 8-256] done synthesizing module 'axi_protocol_checker_v1_1_12_core' (3#1) [d:/Projects/2018/Infa-red-based-Image-processing-Zybo/src/bd/system/ipshared/40a5/hdl/axi_protocol_checker_v1_1_vl_rfs.v:2320]
INFO: [Synth 8-638] synthesizing module 'axi_protocol_checker_v1_1_12_reporter' [d:/Projects/2018/Infa-red-based-Image-processing-Zybo/src/bd/system/ipshared/40a5/hdl/axi_protocol_checker_v1_1_vl_rfs.v:3920]
INFO: [Synth 8-256] done synthesizing module 'axi_protocol_checker_v1_1_12_reporter' (4#1) [d:/Projects/2018/Infa-red-based-Image-processing-Zybo/src/bd/system/ipshared/40a5/hdl/axi_protocol_checker_v1_1_vl_rfs.v:3920]
INFO: [Synth 8-256] done synthesizing module 'axi_protocol_checker_v1_1_12_top' (5#1) [d:/Projects/2018/Infa-red-based-Image-processing-Zybo/src/bd/system/ipshared/40a5/hdl/axi_protocol_checker_v1_1_vl_rfs.v:4350]
INFO: [Synth 8-256] done synthesizing module 'system_m00_pchk_0' (6#1) [d:/Projects/2018/Infa-red-based-Image-processing-Zybo/src/bd/system/ip/system_m00_pchk_0/synth/system_m00_pchk_0.v:58]
Finished RTL Elaboration : Time (s): cpu = 00:00:13 ; elapsed = 00:00:15 . Memory (MB): peak = 471.859 ; gain = 261.766
Finished RTL Optimization Phase 1 : Time (s): cpu = 00:00:13 ; elapsed = 00:00:16 . Memory (MB): peak = 471.859 ; gain = 261.766
INFO: [Device 21-403] Loading part xc7z020clg400-1
Constraint Validation Runtime : Time (s): cpu = 00:00:00 ; elapsed = 00:00:00.063 . Memory (MB): peak = 803.703 ; gain = 0.133
Finished Constraint Validation : Time (s): cpu = 00:00:23 ; elapsed = 00:00:31 . Memory (MB): peak = 803.703 ; gain = 593.609
Finished Loading Part and Timing Information : Time (s): cpu = 00:00:23 ; elapsed = 00:00:31 . Memory (MB): peak = 803.703 ; gain = 593.609
Finished applying 'set_property' XDC Constraints : Time (s): cpu = 00:00:23 ; elapsed = 00:00:31 . Memory (MB): peak = 803.703 ; gain = 593.609
Finished RTL Optimization Phase 2 : Time (s): cpu = 00:00:24 ; elapsed = 00:00:32 . Memory (MB): peak = 803.703 ; gain = 593.609
Finished Cross Boundary and Area Optimization : Time (s): cpu = 00:00:29 ; elapsed = 00:00:38 . Memory (MB): peak = 803.703 ; gain = 593.609
---------------------------------------------------------------------------------
Start ROM, RAM, DSP and Shift Register Reporting
---------------------------------------------------------------------------------

Distributed RAM: Preliminary Mapping  Report (see note below)
+---------------------------------+--------------------------------------------+----------------+----------------------+--------------+
|Module Name                      | RTL Object                                 | Inference      | Size (Depth x Width) | Primitives   | 
+---------------------------------+--------------------------------------------+----------------+----------------------+--------------+
|axi_protocol_checker_v1_1_12_top | CORE/AWCMD/data_ram_reg                    | User Attribute | 2 x 22               | RAM32M x 4   | 
|axi_protocol_checker_v1_1_12_top | CORE/WCHECK/data_ram_reg                   | User Attribute | 2 x 17               | RAM32M x 3   | 
|axi_protocol_checker_v1_1_12_top | CORE/gen_thread_loop[0].RDCAM/data_ram_reg | User Attribute | 2 x 16               | RAM32M x 3   | 
|axi_protocol_checker_v1_1_12_top | CORE/gen_thread_loop[1].RDCAM/data_ram_reg | User Attribute | 2 x 16               | RAM32M x 3   | 
+---------------------------------+--------------------------------------------+----------------+----------------------+--------------+

Note: The table above is a preliminary report that shows the Distributed RAMs at the current stage of the synthesis flow. Some Distributed RAMs may be reimplemented as non Distributed RAM primitives later in the synthesis flow. Multiple instantiated RAMs are reported only once.
---------------------------------------------------------------------------------
Finished ROM, RAM, DSP and Shift Register Reporting
---------------------------------------------------------------------------------
Finished Applying XDC Timing Constraints : Time (s): cpu = 00:00:38 ; elapsed = 00:00:48 . Memory (MB): peak = 803.703 ; gain = 593.609
Finished Timing Optimization : Time (s): cpu = 00:00:39 ; elapsed = 00:00:48 . Memory (MB): peak = 803.703 ; gain = 593.609
Finished Technology Mapping : Time (s): cpu = 00:00:39 ; elapsed = 00:00:49 . Memory (MB): peak = 803.703 ; gain = 593.609
Finished IO Insertion : Time (s): cpu = 00:00:40 ; elapsed = 00:00:49 . Memory (MB): peak = 803.703 ; gain = 593.609
Finished Renaming Generated Instances : Time (s): cpu = 00:00:40 ; elapsed = 00:00:50 . Memory (MB): peak = 803.703 ; gain = 593.609
Finished Rebuilding User Hierarchy : Time (s): cpu = 00:00:40 ; elapsed = 00:00:50 . Memory (MB): peak = 803.703 ; gain = 593.609
Finished Renaming Generated Ports : Time (s): cpu = 00:00:40 ; elapsed = 00:00:50 . Memory (MB): peak = 803.703 ; gain = 593.609
Finished Handling Custom Attributes : Time (s): cpu = 00:00:40 ; elapsed = 00:00:50 . Memory (MB): peak = 803.703 ; gain = 593.609
Finished Renaming Generated Nets : Time (s): cpu = 00:00:40 ; elapsed = 00:00:50 . Memory (MB): peak = 803.703 ; gain = 593.609

Report Cell Usage: 
+------+-------+------+
|      |Cell   |Count |
+------+-------+------+
|1     |CARRY4 |    23|
|2     |LUT1   |    50|
|3     |LUT2   |   104|
|4     |LUT3   |    62|
|5     |LUT4   |    75|
|6     |LUT5   |    85|
|7     |LUT6   |   215|
|8     |MUXF7  |     2|
|9     |MUXF8  |     1|
|10    |RAM32M |    11|
|11    |SRL16E |    15|
|12    |FDRE   |  1026|
|13    |FDSE   |     1|
+------+-------+------+
Finished Writing Synthesis Report : Time (s): cpu = 00:00:40 ; elapsed = 00:00:50 . Memory (MB): peak = 803.703 ; gain = 593.609
synth_design: Time (s): cpu = 00:00:34 ; elapsed = 00:00:41 . Memory (MB): peak = 803.703 ; gain = 465.035
