
*** Running vivado
    with args -log system_processing_system7_0_0.vds -m64 -product Vivado -mode batch -messageDb vivado.pb -notrace -source system_processing_system7_0_0.tcl


****** Vivado v2016.4 (64-bit)
  **** SW Build 1756540 on Mon Jan 23 19:11:23 MST 2017
  **** IP Build 1755317 on Mon Jan 23 20:30:07 MST 2017
    ** Copyright 1986-2016 Xilinx, Inc. All Rights Reserved.

source system_processing_system7_0_0.tcl -notrace
Starting RTL Elaboration : Time (s): cpu = 00:00:14 ; elapsed = 00:00:20 . Memory (MB): peak = 372.766 ; gain = 162.395
INFO: [Synth 8-638] synthesizing module 'system_processing_system7_0_0' [d:/Projects/2018/Infa-red-based-Image-processing-Zybo/src/bd/system/ip/system_processing_system7_0_0/synth/system_processing_system7_0_0.v:60]
INFO: [Synth 8-638] synthesizing module 'processing_system7_v5_5_processing_system7' [d:/Projects/2018/Infa-red-based-Image-processing-Zybo/src/bd/system/ip/system_processing_system7_0_0/hdl/verilog/processing_system7_v5_5_processing_system7.v:161]
INFO: [Synth 8-638] synthesizing module 'BUFG' [C:/Xilinx/Vivado/2016.4/scripts/rt/data/unisim_comp.v:607]
INFO: [Synth 8-256] done synthesizing module 'BUFG' (1#1) [C:/Xilinx/Vivado/2016.4/scripts/rt/data/unisim_comp.v:607]
INFO: [Synth 8-638] synthesizing module 'BIBUF' [C:/Xilinx/Vivado/2016.4/scripts/rt/data/unisim_comp.v:268]
INFO: [Synth 8-256] done synthesizing module 'BIBUF' (2#1) [C:/Xilinx/Vivado/2016.4/scripts/rt/data/unisim_comp.v:268]
INFO: [Synth 8-638] synthesizing module 'PS7' [C:/Xilinx/Vivado/2016.4/scripts/rt/data/unisim_comp.v:33182]
INFO: [Synth 8-256] done synthesizing module 'PS7' (3#1) [C:/Xilinx/Vivado/2016.4/scripts/rt/data/unisim_comp.v:33182]
INFO: [Synth 8-256] done synthesizing module 'processing_system7_v5_5_processing_system7' (4#1) [d:/Projects/2018/Infa-red-based-Image-processing-Zybo/src/bd/system/ip/system_processing_system7_0_0/hdl/verilog/processing_system7_v5_5_processing_system7.v:161]
INFO: [Synth 8-256] done synthesizing module 'system_processing_system7_0_0' (5#1) [d:/Projects/2018/Infa-red-based-Image-processing-Zybo/src/bd/system/ip/system_processing_system7_0_0/synth/system_processing_system7_0_0.v:60]
Finished RTL Elaboration : Time (s): cpu = 00:00:16 ; elapsed = 00:00:22 . Memory (MB): peak = 411.309 ; gain = 200.938
Finished RTL Optimization Phase 1 : Time (s): cpu = 00:00:16 ; elapsed = 00:00:22 . Memory (MB): peak = 411.309 ; gain = 200.938
INFO: [Device 21-403] Loading part xc7z020clg400-1
Constraint Validation Runtime : Time (s): cpu = 00:00:00 ; elapsed = 00:00:00.071 . Memory (MB): peak = 660.090 ; gain = 0.000
Finished Constraint Validation : Time (s): cpu = 00:00:31 ; elapsed = 00:00:43 . Memory (MB): peak = 660.090 ; gain = 449.719
Finished Loading Part and Timing Information : Time (s): cpu = 00:00:31 ; elapsed = 00:00:43 . Memory (MB): peak = 660.090 ; gain = 449.719
Finished applying 'set_property' XDC Constraints : Time (s): cpu = 00:00:31 ; elapsed = 00:00:44 . Memory (MB): peak = 660.090 ; gain = 449.719
Finished RTL Optimization Phase 2 : Time (s): cpu = 00:00:32 ; elapsed = 00:00:45 . Memory (MB): peak = 660.090 ; gain = 449.719
Finished Cross Boundary and Area Optimization : Time (s): cpu = 00:00:33 ; elapsed = 00:00:46 . Memory (MB): peak = 660.090 ; gain = 449.719
Finished Applying XDC Timing Constraints : Time (s): cpu = 00:00:48 ; elapsed = 00:01:03 . Memory (MB): peak = 860.688 ; gain = 650.316
Finished Timing Optimization : Time (s): cpu = 00:00:48 ; elapsed = 00:01:03 . Memory (MB): peak = 877.633 ; gain = 667.262
Finished Technology Mapping : Time (s): cpu = 00:00:50 ; elapsed = 00:01:04 . Memory (MB): peak = 882.383 ; gain = 672.012
Finished IO Insertion : Time (s): cpu = 00:00:52 ; elapsed = 00:01:07 . Memory (MB): peak = 882.383 ; gain = 672.012
Finished Renaming Generated Instances : Time (s): cpu = 00:00:52 ; elapsed = 00:01:07 . Memory (MB): peak = 882.383 ; gain = 672.012
Finished Rebuilding User Hierarchy : Time (s): cpu = 00:00:52 ; elapsed = 00:01:07 . Memory (MB): peak = 882.383 ; gain = 672.012
Finished Renaming Generated Ports : Time (s): cpu = 00:00:52 ; elapsed = 00:01:07 . Memory (MB): peak = 882.383 ; gain = 672.012
Finished Handling Custom Attributes : Time (s): cpu = 00:00:52 ; elapsed = 00:01:07 . Memory (MB): peak = 882.383 ; gain = 672.012
Finished Renaming Generated Nets : Time (s): cpu = 00:00:52 ; elapsed = 00:01:07 . Memory (MB): peak = 882.383 ; gain = 672.012

Report Cell Usage: 
+------+------+------+
|      |Cell  |Count |
+------+------+------+
|1     |BIBUF |   130|
|2     |BUFG  |     1|
|3     |LUT1  |    50|
|4     |PS7   |     1|
+------+------+------+
Finished Writing Synthesis Report : Time (s): cpu = 00:00:52 ; elapsed = 00:01:07 . Memory (MB): peak = 882.383 ; gain = 672.012
synth_design: Time (s): cpu = 00:00:47 ; elapsed = 00:00:58 . Memory (MB): peak = 906.313 ; gain = 613.160
