
*** Running vivado
    with args -log system_auto_pc_1.vds -m64 -product Vivado -mode batch -messageDb vivado.pb -notrace -source system_auto_pc_1.tcl


****** Vivado v2016.4 (64-bit)
  **** SW Build 1756540 on Mon Jan 23 19:11:23 MST 2017
  **** IP Build 1755317 on Mon Jan 23 20:30:07 MST 2017
    ** Copyright 1986-2016 Xilinx, Inc. All Rights Reserved.

source system_auto_pc_1.tcl -notrace
Starting RTL Elaboration : Time (s): cpu = 00:00:07 ; elapsed = 00:00:09 . Memory (MB): peak = 313.258 ; gain = 102.859
INFO: [Synth 8-638] synthesizing module 'system_auto_pc_1' [d:/Projects/2018/Zybo-Z7-20-pcam-5c/src/bd/system/ip/system_auto_pc_1/synth/system_auto_pc_1.v:58]
INFO: [Synth 8-638] synthesizing module 'axi_protocol_converter_v2_1_11_axi_protocol_converter' [d:/Projects/2018/Zybo-Z7-20-pcam-5c/src/bd/system/ipshared/df1b/hdl/axi_protocol_converter_v2_1_vl_rfs.v:4806]
INFO: [Synth 8-638] synthesizing module 'axi_protocol_converter_v2_1_11_axi3_conv' [d:/Projects/2018/Zybo-Z7-20-pcam-5c/src/bd/system/ipshared/df1b/hdl/axi_protocol_converter_v2_1_vl_rfs.v:954]
INFO: [Synth 8-638] synthesizing module 'axi_protocol_converter_v2_1_11_b_downsizer' [d:/Projects/2018/Zybo-Z7-20-pcam-5c/src/bd/system/ipshared/df1b/hdl/axi_protocol_converter_v2_1_vl_rfs.v:2276]
INFO: [Synth 8-256] done synthesizing module 'axi_protocol_converter_v2_1_11_b_downsizer' (1#1) [d:/Projects/2018/Zybo-Z7-20-pcam-5c/src/bd/system/ipshared/df1b/hdl/axi_protocol_converter_v2_1_vl_rfs.v:2276]
INFO: [Synth 8-638] synthesizing module 'axi_protocol_converter_v2_1_11_a_axi3_conv' [d:/Projects/2018/Zybo-Z7-20-pcam-5c/src/bd/system/ipshared/df1b/hdl/axi_protocol_converter_v2_1_vl_rfs.v:62]
INFO: [Synth 8-638] synthesizing module 'axi_data_fifo_v2_1_10_axic_fifo' [d:/Projects/2018/Zybo-Z7-20-pcam-5c/src/bd/system/ipshared/39ba/hdl/axi_data_fifo_v2_1_vl_rfs.v:64]
INFO: [Synth 8-638] synthesizing module 'axi_data_fifo_v2_1_10_fifo_gen' [d:/Projects/2018/Zybo-Z7-20-pcam-5c/src/bd/system/ipshared/39ba/hdl/axi_data_fifo_v2_1_vl_rfs.v:168]
INFO: [Synth 8-256] done synthesizing module 'axi_data_fifo_v2_1_10_fifo_gen' (20#1) [d:/Projects/2018/Zybo-Z7-20-pcam-5c/src/bd/system/ipshared/39ba/hdl/axi_data_fifo_v2_1_vl_rfs.v:168]
INFO: [Synth 8-256] done synthesizing module 'axi_data_fifo_v2_1_10_axic_fifo' (21#1) [d:/Projects/2018/Zybo-Z7-20-pcam-5c/src/bd/system/ipshared/39ba/hdl/axi_data_fifo_v2_1_vl_rfs.v:64]
INFO: [Synth 8-256] done synthesizing module 'axi_protocol_converter_v2_1_11_a_axi3_conv' (22#1) [d:/Projects/2018/Zybo-Z7-20-pcam-5c/src/bd/system/ipshared/df1b/hdl/axi_protocol_converter_v2_1_vl_rfs.v:62]
INFO: [Synth 8-638] synthesizing module 'axi_protocol_converter_v2_1_11_w_axi3_conv' [d:/Projects/2018/Zybo-Z7-20-pcam-5c/src/bd/system/ipshared/df1b/hdl/axi_protocol_converter_v2_1_vl_rfs.v:2004]
INFO: [Synth 8-256] done synthesizing module 'axi_protocol_converter_v2_1_11_w_axi3_conv' (23#1) [d:/Projects/2018/Zybo-Z7-20-pcam-5c/src/bd/system/ipshared/df1b/hdl/axi_protocol_converter_v2_1_vl_rfs.v:2004]
INFO: [Synth 8-256] done synthesizing module 'axi_protocol_converter_v2_1_11_axi3_conv' (24#1) [d:/Projects/2018/Zybo-Z7-20-pcam-5c/src/bd/system/ipshared/df1b/hdl/axi_protocol_converter_v2_1_vl_rfs.v:954]
INFO: [Synth 8-256] done synthesizing module 'axi_protocol_converter_v2_1_11_axi_protocol_converter' (25#1) [d:/Projects/2018/Zybo-Z7-20-pcam-5c/src/bd/system/ipshared/df1b/hdl/axi_protocol_converter_v2_1_vl_rfs.v:4806]
INFO: [Synth 8-256] done synthesizing module 'system_auto_pc_1' (26#1) [d:/Projects/2018/Zybo-Z7-20-pcam-5c/src/bd/system/ip/system_auto_pc_1/synth/system_auto_pc_1.v:58]
Finished RTL Elaboration : Time (s): cpu = 00:00:31 ; elapsed = 00:00:33 . Memory (MB): peak = 429.430 ; gain = 219.031
Finished RTL Optimization Phase 1 : Time (s): cpu = 00:00:31 ; elapsed = 00:00:34 . Memory (MB): peak = 429.430 ; gain = 219.031
INFO: [Device 21-403] Loading part xc7z020clg400-1
Constraint Validation Runtime : Time (s): cpu = 00:00:00 ; elapsed = 00:00:00.031 . Memory (MB): peak = 772.078 ; gain = 0.000
Finished Constraint Validation : Time (s): cpu = 00:00:40 ; elapsed = 00:00:47 . Memory (MB): peak = 772.078 ; gain = 561.680
Finished Loading Part and Timing Information : Time (s): cpu = 00:00:40 ; elapsed = 00:00:47 . Memory (MB): peak = 772.078 ; gain = 561.680
Finished applying 'set_property' XDC Constraints : Time (s): cpu = 00:00:40 ; elapsed = 00:00:47 . Memory (MB): peak = 772.078 ; gain = 561.680
Finished RTL Optimization Phase 2 : Time (s): cpu = 00:00:41 ; elapsed = 00:00:48 . Memory (MB): peak = 772.078 ; gain = 561.680
Finished Cross Boundary and Area Optimization : Time (s): cpu = 00:00:42 ; elapsed = 00:00:50 . Memory (MB): peak = 772.078 ; gain = 561.680
---------------------------------------------------------------------------------
Start ROM, RAM, DSP and Shift Register Reporting
---------------------------------------------------------------------------------

Distributed RAM: Preliminary Mapping  Report (see note below)
+-----------------------+-------------------------------------------------------------------------------+----------------+----------------------+--------------+
|Module Name            | RTL Object                                                                    | Inference      | Size (Depth x Width) | Primitives   | 
+-----------------------+-------------------------------------------------------------------------------+----------------+----------------------+--------------+
|fifo_generator_v13_1_3 | inst_fifo_gen/gconvfifo.rf/grf.rf/gntv_or_sync_fifo.mem/gdm.dm_gen.dm/RAM_reg | User Attribute | 32 x 5               | RAM32M x 1   | 
|fifo_generator_v13_1_3 | inst_fifo_gen/gconvfifo.rf/grf.rf/gntv_or_sync_fifo.mem/gdm.dm_gen.dm/RAM_reg | User Attribute | 32 x 5               | RAM32M x 1   | 
+-----------------------+-------------------------------------------------------------------------------+----------------+----------------------+--------------+

Note: The table above is a preliminary report that shows the Distributed RAMs at the current stage of the synthesis flow. Some Distributed RAMs may be reimplemented as non Distributed RAM primitives later in the synthesis flow. Multiple instantiated RAMs are reported only once.
---------------------------------------------------------------------------------
Finished ROM, RAM, DSP and Shift Register Reporting
---------------------------------------------------------------------------------
Finished Applying XDC Timing Constraints : Time (s): cpu = 00:00:50 ; elapsed = 00:00:57 . Memory (MB): peak = 772.078 ; gain = 561.680
Finished Timing Optimization : Time (s): cpu = 00:00:51 ; elapsed = 00:00:58 . Memory (MB): peak = 772.078 ; gain = 561.680
Finished Technology Mapping : Time (s): cpu = 00:00:51 ; elapsed = 00:00:58 . Memory (MB): peak = 772.078 ; gain = 561.680
Finished IO Insertion : Time (s): cpu = 00:00:51 ; elapsed = 00:00:59 . Memory (MB): peak = 772.078 ; gain = 561.680
Finished Renaming Generated Instances : Time (s): cpu = 00:00:51 ; elapsed = 00:00:59 . Memory (MB): peak = 772.078 ; gain = 561.680
Finished Rebuilding User Hierarchy : Time (s): cpu = 00:00:51 ; elapsed = 00:00:59 . Memory (MB): peak = 772.078 ; gain = 561.680
Finished Renaming Generated Ports : Time (s): cpu = 00:00:51 ; elapsed = 00:00:59 . Memory (MB): peak = 772.078 ; gain = 561.680
Finished Handling Custom Attributes : Time (s): cpu = 00:00:51 ; elapsed = 00:00:59 . Memory (MB): peak = 772.078 ; gain = 561.680
Finished Renaming Generated Nets : Time (s): cpu = 00:00:51 ; elapsed = 00:00:59 . Memory (MB): peak = 772.078 ; gain = 561.680

Report Cell Usage: 
+------+-------+------+
|      |Cell   |Count |
+------+-------+------+
|1     |CARRY4 |     8|
|2     |LUT1   |    13|
|3     |LUT2   |    30|
|4     |LUT3   |    33|
|5     |LUT4   |    42|
|6     |LUT5   |    85|
|7     |LUT6   |    51|
|8     |RAM32M |     2|
|9     |FDCE   |    46|
|10    |FDPE   |    42|
|11    |FDRE   |   191|
|12    |FDSE   |     4|
+------+-------+------+
Finished Writing Synthesis Report : Time (s): cpu = 00:00:51 ; elapsed = 00:00:59 . Memory (MB): peak = 772.078 ; gain = 561.680
synth_design: Time (s): cpu = 00:00:51 ; elapsed = 00:00:57 . Memory (MB): peak = 772.078 ; gain = 543.453
