
*** Running vivado
    with args -log system_processing_system7_0_0.vds -m64 -product Vivado -mode batch -messageDb vivado.pb -notrace -source system_processing_system7_0_0.tcl


****** Vivado v2016.4 (64-bit)
  **** SW Build 1756540 on Mon Jan 23 19:11:23 MST 2017
  **** IP Build 1755317 on Mon Jan 23 20:30:07 MST 2017
    ** Copyright 1986-2016 Xilinx, Inc. All Rights Reserved.

source system_processing_system7_0_0.tcl -notrace
Starting RTL Elaboration : Time (s): cpu = 00:00:18 ; elapsed = 00:00:24 . Memory (MB): peak = 424.844 ; gain = 215.094
INFO: [Synth 8-638] synthesizing module 'system_processing_system7_0_0' [d:/Projects/2018/Infa-red-based-Image-processing-Zybo/src/bd/system/ip/system_processing_system7_0_0/synth/system_processing_system7_0_0.v:60]
INFO: [Synth 8-638] synthesizing module 'processing_system7_v5_5_processing_system7' [d:/Projects/2018/Infa-red-based-Image-processing-Zybo/src/bd/system/ip/system_processing_system7_0_0/hdl/verilog/processing_system7_v5_5_processing_system7.v:161]
INFO: [Synth 8-638] synthesizing module 'BUFG' [C:/Xilinx/Vivado/2016.4/scripts/rt/data/unisim_comp.v:607]
INFO: [Synth 8-256] done synthesizing module 'BUFG' (1#1) [C:/Xilinx/Vivado/2016.4/scripts/rt/data/unisim_comp.v:607]
INFO: [Synth 8-638] synthesizing module 'BIBUF' [C:/Xilinx/Vivado/2016.4/scripts/rt/data/unisim_comp.v:268]
INFO: [Synth 8-256] done synthesizing module 'BIBUF' (2#1) [C:/Xilinx/Vivado/2016.4/scripts/rt/data/unisim_comp.v:268]
INFO: [Synth 8-638] synthesizing module 'PS7' [C:/Xilinx/Vivado/2016.4/scripts/rt/data/unisim_comp.v:33182]
INFO: [Synth 8-256] done synthesizing module 'PS7' (3#1) [C:/Xilinx/Vivado/2016.4/scripts/rt/data/unisim_comp.v:33182]
INFO: [Synth 8-256] done synthesizing module 'processing_system7_v5_5_processing_system7' (4#1) [d:/Projects/2018/Infa-red-based-Image-processing-Zybo/src/bd/system/ip/system_processing_system7_0_0/hdl/verilog/processing_system7_v5_5_processing_system7.v:161]
INFO: [Synth 8-256] done synthesizing module 'system_processing_system7_0_0' (5#1) [d:/Projects/2018/Infa-red-based-Image-processing-Zybo/src/bd/system/ip/system_processing_system7_0_0/synth/system_processing_system7_0_0.v:60]
Finished RTL Elaboration : Time (s): cpu = 00:00:20 ; elapsed = 00:00:26 . Memory (MB): peak = 462.313 ; gain = 252.563
Finished RTL Optimization Phase 1 : Time (s): cpu = 00:00:20 ; elapsed = 00:00:26 . Memory (MB): peak = 462.313 ; gain = 252.563
INFO: [Device 21-403] Loading part xc7z020clg400-1
Constraint Validation Runtime : Time (s): cpu = 00:00:00 ; elapsed = 00:00:00.094 . Memory (MB): peak = 711.789 ; gain = 0.000
Finished Constraint Validation : Time (s): cpu = 00:00:33 ; elapsed = 00:00:45 . Memory (MB): peak = 711.789 ; gain = 502.039
Finished Loading Part and Timing Information : Time (s): cpu = 00:00:33 ; elapsed = 00:00:45 . Memory (MB): peak = 711.789 ; gain = 502.039
Finished applying 'set_property' XDC Constraints : Time (s): cpu = 00:00:33 ; elapsed = 00:00:46 . Memory (MB): peak = 711.789 ; gain = 502.039
Finished RTL Optimization Phase 2 : Time (s): cpu = 00:00:34 ; elapsed = 00:00:47 . Memory (MB): peak = 711.789 ; gain = 502.039
Finished Cross Boundary and Area Optimization : Time (s): cpu = 00:00:35 ; elapsed = 00:00:48 . Memory (MB): peak = 711.789 ; gain = 502.039
Finished Applying XDC Timing Constraints : Time (s): cpu = 00:00:48 ; elapsed = 00:01:02 . Memory (MB): peak = 912.813 ; gain = 703.063
Finished Timing Optimization : Time (s): cpu = 00:00:49 ; elapsed = 00:01:02 . Memory (MB): peak = 928.875 ; gain = 719.125
Finished Technology Mapping : Time (s): cpu = 00:00:50 ; elapsed = 00:01:04 . Memory (MB): peak = 934.137 ; gain = 724.387
Finished IO Insertion : Time (s): cpu = 00:00:52 ; elapsed = 00:01:06 . Memory (MB): peak = 934.137 ; gain = 724.387
Finished Renaming Generated Instances : Time (s): cpu = 00:00:52 ; elapsed = 00:01:06 . Memory (MB): peak = 934.137 ; gain = 724.387
Finished Rebuilding User Hierarchy : Time (s): cpu = 00:00:52 ; elapsed = 00:01:06 . Memory (MB): peak = 934.137 ; gain = 724.387
Finished Renaming Generated Ports : Time (s): cpu = 00:00:52 ; elapsed = 00:01:06 . Memory (MB): peak = 934.137 ; gain = 724.387
Finished Handling Custom Attributes : Time (s): cpu = 00:00:52 ; elapsed = 00:01:06 . Memory (MB): peak = 934.137 ; gain = 724.387
Finished Renaming Generated Nets : Time (s): cpu = 00:00:52 ; elapsed = 00:01:06 . Memory (MB): peak = 934.137 ; gain = 724.387

Report Cell Usage: 
+------+------+------+
|      |Cell  |Count |
+------+------+------+
|1     |BIBUF |   130|
|2     |BUFG  |     1|
|3     |LUT1  |    50|
|4     |PS7   |     1|
+------+------+------+
Finished Writing Synthesis Report : Time (s): cpu = 00:00:52 ; elapsed = 00:01:06 . Memory (MB): peak = 934.137 ; gain = 724.387
synth_design: Time (s): cpu = 00:00:43 ; elapsed = 00:00:52 . Memory (MB): peak = 957.422 ; gain = 612.609
