
*** Running vivado
    with args -log system_system_ila_0.vds -m64 -product Vivado -mode batch -messageDb vivado.pb -notrace -source system_system_ila_0.tcl


****** Vivado v2016.4 (64-bit)
  **** SW Build 1756540 on Mon Jan 23 19:11:23 MST 2017
  **** IP Build 1755317 on Mon Jan 23 20:30:07 MST 2017
    ** Copyright 1986-2016 Xilinx, Inc. All Rights Reserved.

source system_system_ila_0.tcl -notrace
Starting RTL Elaboration : Time (s): cpu = 00:00:14 ; elapsed = 00:00:17 . Memory (MB): peak = 450.566 ; gain = 240.074
INFO: [Synth 8-638] synthesizing module 'system_system_ila_0' [d:/Projects/2018/Infa-red-based-Image-processing-Zybo/src/bd/system/ip/system_system_ila_0/synth/system_system_ila_0.v:203]
INFO: [Synth 8-638] synthesizing module 'bd_0203' [d:/Projects/2018/Infa-red-based-Image-processing-Zybo/src/bd/system/ip/system_system_ila_0/bd_1/hdl/bd_0203.v:13]
INFO: [Synth 8-638] synthesizing module 'bd_0203_g_inst_0' [d:/Projects/2018/Infa-red-based-Image-processing-Zybo/src/bd/system/ip/system_system_ila_0/bd_1/ip/ip_1/synth/bd_0203_g_inst_0.v:113]
INFO: [Synth 8-638] synthesizing module 'bd_0203_g_inst_0_gigantic_mux' [d:/Projects/2018/Infa-red-based-Image-processing-Zybo/src/bd/system/ip/system_system_ila_0/bd_1/ip/ip_1/bd_0203_g_inst_0_gigantic_mux.v:63]
INFO: [Synth 8-256] done synthesizing module 'bd_0203_g_inst_0_gigantic_mux' (1#1) [d:/Projects/2018/Infa-red-based-Image-processing-Zybo/src/bd/system/ip/system_system_ila_0/bd_1/ip/ip_1/bd_0203_g_inst_0_gigantic_mux.v:63]
INFO: [Synth 8-256] done synthesizing module 'bd_0203_g_inst_0' (2#1) [d:/Projects/2018/Infa-red-based-Image-processing-Zybo/src/bd/system/ip/system_system_ila_0/bd_1/ip/ip_1/synth/bd_0203_g_inst_0.v:113]
INFO: [Synth 8-638] synthesizing module 'bd_0203_ila_lib_0' [d:/Projects/2018/Infa-red-based-Image-processing-Zybo/src/bd/system/ip/system_system_ila_0/bd_1/ip/ip_0/synth/bd_0203_ila_lib_0.v:84]
INFO: [Synth 8-638] synthesizing module 'CFGLUT5' [C:/Xilinx/Vivado/2016.4/scripts/rt/data/unisim_comp.v:998]
INFO: [Synth 8-256] done synthesizing module 'CFGLUT5' (10#1) [C:/Xilinx/Vivado/2016.4/scripts/rt/data/unisim_comp.v:998]
INFO: [Synth 8-638] synthesizing module 'CARRY4' [C:/Xilinx/Vivado/2016.4/scripts/rt/data/unisim_comp.v:961]
INFO: [Synth 8-256] done synthesizing module 'CARRY4' (11#1) [C:/Xilinx/Vivado/2016.4/scripts/rt/data/unisim_comp.v:961]
INFO: [Synth 8-638] synthesizing module 'SRLC32E' [C:/Xilinx/Vivado/2016.4/scripts/rt/data/unisim_comp.v:43478]
INFO: [Synth 8-256] done synthesizing module 'SRLC32E' (21#1) [C:/Xilinx/Vivado/2016.4/scripts/rt/data/unisim_comp.v:43478]
INFO: [Synth 8-638] synthesizing module 'SRL16E' [C:/Xilinx/Vivado/2016.4/scripts/rt/data/unisim_comp.v:43328]
INFO: [Synth 8-256] done synthesizing module 'SRL16E' (23#1) [C:/Xilinx/Vivado/2016.4/scripts/rt/data/unisim_comp.v:43328]
INFO: [Synth 8-638] synthesizing module 'SRLC16E' [C:/Xilinx/Vivado/2016.4/scripts/rt/data/unisim_comp.v:43417]
INFO: [Synth 8-256] done synthesizing module 'SRLC16E' (25#1) [C:/Xilinx/Vivado/2016.4/scripts/rt/data/unisim_comp.v:43417]
INFO: [Synth 8-638] synthesizing module 'FDRE' [C:/Xilinx/Vivado/2016.4/scripts/rt/data/unisim_comp.v:3964]
INFO: [Synth 8-256] done synthesizing module 'FDRE' (30#1) [C:/Xilinx/Vivado/2016.4/scripts/rt/data/unisim_comp.v:3964]
INFO: [Synth 8-256] done synthesizing module 'bd_0203_ila_lib_0' (48#1) [d:/Projects/2018/Infa-red-based-Image-processing-Zybo/src/bd/system/ip/system_system_ila_0/bd_1/ip/ip_0/synth/bd_0203_ila_lib_0.v:84]
INFO: [Synth 8-256] done synthesizing module 'bd_0203' (49#1) [d:/Projects/2018/Infa-red-based-Image-processing-Zybo/src/bd/system/ip/system_system_ila_0/bd_1/hdl/bd_0203.v:13]
INFO: [Synth 8-256] done synthesizing module 'system_system_ila_0' (50#1) [d:/Projects/2018/Infa-red-based-Image-processing-Zybo/src/bd/system/ip/system_system_ila_0/synth/system_system_ila_0.v:203]
Finished RTL Elaboration : Time (s): cpu = 00:01:01 ; elapsed = 00:01:08 . Memory (MB): peak = 772.105 ; gain = 561.613
Finished RTL Optimization Phase 1 : Time (s): cpu = 00:01:01 ; elapsed = 00:01:09 . Memory (MB): peak = 772.105 ; gain = 561.613
INFO: [Device 21-403] Loading part xc7z020clg400-1
Constraint Validation Runtime : Time (s): cpu = 00:00:00 ; elapsed = 00:00:00.143 . Memory (MB): peak = 873.223 ; gain = 0.000
Finished Constraint Validation : Time (s): cpu = 00:01:15 ; elapsed = 00:01:27 . Memory (MB): peak = 873.223 ; gain = 662.730
Finished Loading Part and Timing Information : Time (s): cpu = 00:01:15 ; elapsed = 00:01:27 . Memory (MB): peak = 873.223 ; gain = 662.730
Finished applying 'set_property' XDC Constraints : Time (s): cpu = 00:01:16 ; elapsed = 00:01:28 . Memory (MB): peak = 873.223 ; gain = 662.730
Finished RTL Optimization Phase 2 : Time (s): cpu = 00:01:19 ; elapsed = 00:01:32 . Memory (MB): peak = 873.223 ; gain = 662.730
Finished Cross Boundary and Area Optimization : Time (s): cpu = 00:01:26 ; elapsed = 00:01:40 . Memory (MB): peak = 873.223 ; gain = 662.730
Finished Applying XDC Timing Constraints : Time (s): cpu = 00:01:37 ; elapsed = 00:01:51 . Memory (MB): peak = 873.223 ; gain = 662.730
Finished Timing Optimization : Time (s): cpu = 00:01:38 ; elapsed = 00:01:52 . Memory (MB): peak = 873.223 ; gain = 662.730
Finished Technology Mapping : Time (s): cpu = 00:01:39 ; elapsed = 00:01:53 . Memory (MB): peak = 873.223 ; gain = 662.730
Finished IO Insertion : Time (s): cpu = 00:01:39 ; elapsed = 00:01:53 . Memory (MB): peak = 873.223 ; gain = 662.730
Finished Renaming Generated Instances : Time (s): cpu = 00:01:39 ; elapsed = 00:01:53 . Memory (MB): peak = 873.223 ; gain = 662.730
Finished Rebuilding User Hierarchy : Time (s): cpu = 00:01:39 ; elapsed = 00:01:54 . Memory (MB): peak = 873.223 ; gain = 662.730
Finished Renaming Generated Ports : Time (s): cpu = 00:01:39 ; elapsed = 00:01:54 . Memory (MB): peak = 873.223 ; gain = 662.730
Finished Handling Custom Attributes : Time (s): cpu = 00:01:40 ; elapsed = 00:01:54 . Memory (MB): peak = 873.223 ; gain = 662.730
Finished Renaming Generated Nets : Time (s): cpu = 00:01:40 ; elapsed = 00:01:54 . Memory (MB): peak = 873.223 ; gain = 662.730

Report Cell Usage: 
+------+---------+------+
|      |Cell     |Count |
+------+---------+------+
|1     |CARRY4   |    51|
|2     |CFGLUT5  |   141|
|3     |LUT1     |    27|
|4     |LUT2     |    54|
|5     |LUT3     |   114|
|6     |LUT4     |   215|
|7     |LUT5     |   117|
|8     |LUT6     |   617|
|9     |MUXF7    |    44|
|10    |RAMB36E1 |     2|
|11    |SRL16E   |    70|
|12    |SRLC16E  |     2|
|13    |SRLC32E  |    17|
|14    |FDRE     |  1800|
|15    |FDSE     |     9|
+------+---------+------+
Finished Writing Synthesis Report : Time (s): cpu = 00:01:40 ; elapsed = 00:01:54 . Memory (MB): peak = 873.223 ; gain = 662.730
synth_design: Time (s): cpu = 00:01:34 ; elapsed = 00:01:46 . Memory (MB): peak = 873.223 ; gain = 511.852
