
*** Running vivado
    with args -log system_axi_vdma_0_0.vds -m64 -product Vivado -mode batch -messageDb vivado.pb -notrace -source system_axi_vdma_0_0.tcl


****** Vivado v2016.4 (64-bit)
  **** SW Build 1756540 on Mon Jan 23 19:11:23 MST 2017
  **** IP Build 1755317 on Mon Jan 23 20:30:07 MST 2017
    ** Copyright 1986-2016 Xilinx, Inc. All Rights Reserved.

source system_axi_vdma_0_0.tcl -notrace
Starting RTL Elaboration : Time (s): cpu = 00:00:08 ; elapsed = 00:00:12 . Memory (MB): peak = 357.336 ; gain = 147.180
INFO: [Synth 8-638] synthesizing module 'system_axi_vdma_0_0' [d:/Projects/2018/Infa-red-based-Image-processing-Zybo/src/bd/system/ip/system_axi_vdma_0_0/synth/system_axi_vdma_0_0.vhd:131]
INFO: [Synth 8-638] synthesizing module 'axi_vdma' [d:/Projects/2018/Infa-red-based-Image-processing-Zybo/src/bd/system/ipshared/ed72/hdl/axi_vdma_v6_2_rfs.vhd:69480]
INFO: [Synth 8-638] synthesizing module 'axi_vdma_rst_module' [d:/Projects/2018/Infa-red-based-Image-processing-Zybo/src/bd/system/ipshared/ed72/hdl/axi_vdma_v6_2_rfs.vhd:16457]
INFO: [Synth 8-638] synthesizing module 'axi_vdma_reset' [d:/Projects/2018/Infa-red-based-Image-processing-Zybo/src/bd/system/ipshared/ed72/hdl/axi_vdma_v6_2_rfs.vhd:14862]
INFO: [Synth 8-256] done synthesizing module 'axi_vdma_reset' (1#1) [d:/Projects/2018/Infa-red-based-Image-processing-Zybo/src/bd/system/ipshared/ed72/hdl/axi_vdma_v6_2_rfs.vhd:14862]
INFO: [Synth 8-256] done synthesizing module 'axi_vdma_rst_module' (2#1) [d:/Projects/2018/Infa-red-based-Image-processing-Zybo/src/bd/system/ipshared/ed72/hdl/axi_vdma_v6_2_rfs.vhd:16457]
INFO: [Synth 8-638] synthesizing module 'axi_vdma_reg_if' [d:/Projects/2018/Infa-red-based-Image-processing-Zybo/src/bd/system/ipshared/ed72/hdl/axi_vdma_v6_2_rfs.vhd:39644]
INFO: [Synth 8-638] synthesizing module 'axi_vdma_lite_if' [d:/Projects/2018/Infa-red-based-Image-processing-Zybo/src/bd/system/ipshared/ed72/hdl/axi_vdma_v6_2_rfs.vhd:16952]
INFO: [Synth 8-256] done synthesizing module 'axi_vdma_lite_if' (3#1) [d:/Projects/2018/Infa-red-based-Image-processing-Zybo/src/bd/system/ipshared/ed72/hdl/axi_vdma_v6_2_rfs.vhd:16952]
INFO: [Synth 8-256] done synthesizing module 'axi_vdma_reg_if' (4#1) [d:/Projects/2018/Infa-red-based-Image-processing-Zybo/src/bd/system/ipshared/ed72/hdl/axi_vdma_v6_2_rfs.vhd:39644]
INFO: [Synth 8-638] synthesizing module 'axi_vdma_intrpt' [d:/Projects/2018/Infa-red-based-Image-processing-Zybo/src/bd/system/ipshared/ed72/hdl/axi_vdma_v6_2_rfs.vhd:40370]
INFO: [Synth 8-256] done synthesizing module 'axi_vdma_intrpt' (5#1) [d:/Projects/2018/Infa-red-based-Image-processing-Zybo/src/bd/system/ipshared/ed72/hdl/axi_vdma_v6_2_rfs.vhd:40370]
INFO: [Synth 8-638] synthesizing module 'axi_vdma_mm2s_axis_dwidth_converter' [d:/Projects/2018/Infa-red-based-Image-processing-Zybo/src/bd/system/ipshared/ed72/hdl/axi_vdma_v6_2_rfs.vhd:68170]
INFO: [Synth 8-638] synthesizing module 'axi_vdma_v6_2_10_axis_dwidth_converter_v1_0_axis_dwidth_converter' [d:/Projects/2018/Infa-red-based-Image-processing-Zybo/src/bd/system/ipshared/ed72/hdl/axi_vdma_v6_2_rfs.v:1938]
INFO: [Synth 8-638] synthesizing module 'axi_vdma_v6_2_10_axis_dwidth_converter_v1_0_axisc_upsizer' [d:/Projects/2018/Infa-red-based-Image-processing-Zybo/src/bd/system/ipshared/ed72/hdl/axi_vdma_v6_2_rfs.v:1191]
INFO: [Synth 8-256] done synthesizing module 'axi_vdma_v6_2_10_axis_dwidth_converter_v1_0_axisc_upsizer' (6#1) [d:/Projects/2018/Infa-red-based-Image-processing-Zybo/src/bd/system/ipshared/ed72/hdl/axi_vdma_v6_2_rfs.v:1191]
INFO: [Synth 8-638] synthesizing module 'axi_vdma_v6_2_10_axis_dwidth_converter_v1_0_axisc_downsizer' [d:/Projects/2018/Infa-red-based-Image-processing-Zybo/src/bd/system/ipshared/ed72/hdl/axi_vdma_v6_2_rfs.v:1558]
INFO: [Synth 8-256] done synthesizing module 'axi_vdma_v6_2_10_axis_dwidth_converter_v1_0_axisc_downsizer' (7#1) [d:/Projects/2018/Infa-red-based-Image-processing-Zybo/src/bd/system/ipshared/ed72/hdl/axi_vdma_v6_2_rfs.v:1558]
INFO: [Synth 8-638] synthesizing module 'axi_vdma_v6_2_10_axis_register_slice_v1_0_axis_register_slice' [d:/Projects/2018/Infa-red-based-Image-processing-Zybo/src/bd/system/ipshared/ed72/hdl/axi_vdma_v6_2_rfs.v:979]
INFO: [Synth 8-638] synthesizing module 'axi_vdma_v6_2_10_axis_infrastructure_v1_0_util_axis2vector' [d:/Projects/2018/Infa-red-based-Image-processing-Zybo/src/bd/system/ipshared/ed72/hdl/axi_vdma_v6_2_rfs.v:63]
INFO: [Synth 8-256] done synthesizing module 'axi_vdma_v6_2_10_axis_infrastructure_v1_0_util_axis2vector' (8#1) [d:/Projects/2018/Infa-red-based-Image-processing-Zybo/src/bd/system/ipshared/ed72/hdl/axi_vdma_v6_2_rfs.v:63]
INFO: [Synth 8-638] synthesizing module 'axi_vdma_v6_2_10_axis_register_slice_v1_0_axisc_register_slice' [d:/Projects/2018/Infa-red-based-Image-processing-Zybo/src/bd/system/ipshared/ed72/hdl/axi_vdma_v6_2_rfs.v:391]
INFO: [Synth 8-256] done synthesizing module 'axi_vdma_v6_2_10_axis_register_slice_v1_0_axisc_register_slice' (9#1) [d:/Projects/2018/Infa-red-based-Image-processing-Zybo/src/bd/system/ipshared/ed72/hdl/axi_vdma_v6_2_rfs.v:391]
INFO: [Synth 8-638] synthesizing module 'axi_vdma_v6_2_10_axis_infrastructure_v1_0_util_vector2axis' [d:/Projects/2018/Infa-red-based-Image-processing-Zybo/src/bd/system/ipshared/ed72/hdl/axi_vdma_v6_2_rfs.v:228]
INFO: [Synth 8-256] done synthesizing module 'axi_vdma_v6_2_10_axis_infrastructure_v1_0_util_vector2axis' (10#1) [d:/Projects/2018/Infa-red-based-Image-processing-Zybo/src/bd/system/ipshared/ed72/hdl/axi_vdma_v6_2_rfs.v:228]
INFO: [Synth 8-256] done synthesizing module 'axi_vdma_v6_2_10_axis_register_slice_v1_0_axis_register_slice' (11#1) [d:/Projects/2018/Infa-red-based-Image-processing-Zybo/src/bd/system/ipshared/ed72/hdl/axi_vdma_v6_2_rfs.v:979]
INFO: [Synth 8-638] synthesizing module 'axi_vdma_v6_2_10_axis_register_slice_v1_0_axis_register_slice__parameterized0' [d:/Projects/2018/Infa-red-based-Image-processing-Zybo/src/bd/system/ipshared/ed72/hdl/axi_vdma_v6_2_rfs.v:979]
INFO: [Synth 8-638] synthesizing module 'axi_vdma_v6_2_10_axis_infrastructure_v1_0_util_axis2vector__parameterized0' [d:/Projects/2018/Infa-red-based-Image-processing-Zybo/src/bd/system/ipshared/ed72/hdl/axi_vdma_v6_2_rfs.v:63]
INFO: [Synth 8-256] done synthesizing module 'axi_vdma_v6_2_10_axis_infrastructure_v1_0_util_axis2vector__parameterized0' (11#1) [d:/Projects/2018/Infa-red-based-Image-processing-Zybo/src/bd/system/ipshared/ed72/hdl/axi_vdma_v6_2_rfs.v:63]
INFO: [Synth 8-638] synthesizing module 'axi_vdma_v6_2_10_axis_register_slice_v1_0_axisc_register_slice__parameterized0' [d:/Projects/2018/Infa-red-based-Image-processing-Zybo/src/bd/system/ipshared/ed72/hdl/axi_vdma_v6_2_rfs.v:391]
INFO: [Synth 8-256] done synthesizing module 'axi_vdma_v6_2_10_axis_register_slice_v1_0_axisc_register_slice__parameterized0' (11#1) [d:/Projects/2018/Infa-red-based-Image-processing-Zybo/src/bd/system/ipshared/ed72/hdl/axi_vdma_v6_2_rfs.v:391]
INFO: [Synth 8-638] synthesizing module 'axi_vdma_v6_2_10_axis_infrastructure_v1_0_util_vector2axis__parameterized0' [d:/Projects/2018/Infa-red-based-Image-processing-Zybo/src/bd/system/ipshared/ed72/hdl/axi_vdma_v6_2_rfs.v:228]
INFO: [Synth 8-256] done synthesizing module 'axi_vdma_v6_2_10_axis_infrastructure_v1_0_util_vector2axis__parameterized0' (11#1) [d:/Projects/2018/Infa-red-based-Image-processing-Zybo/src/bd/system/ipshared/ed72/hdl/axi_vdma_v6_2_rfs.v:228]
INFO: [Synth 8-256] done synthesizing module 'axi_vdma_v6_2_10_axis_register_slice_v1_0_axis_register_slice__parameterized0' (11#1) [d:/Projects/2018/Infa-red-based-Image-processing-Zybo/src/bd/system/ipshared/ed72/hdl/axi_vdma_v6_2_rfs.v:979]
INFO: [Synth 8-256] done synthesizing module 'axi_vdma_v6_2_10_axis_dwidth_converter_v1_0_axis_dwidth_converter' (12#1) [d:/Projects/2018/Infa-red-based-Image-processing-Zybo/src/bd/system/ipshared/ed72/hdl/axi_vdma_v6_2_rfs.v:1938]
INFO: [Synth 8-256] done synthesizing module 'axi_vdma_mm2s_axis_dwidth_converter' (13#1) [d:/Projects/2018/Infa-red-based-Image-processing-Zybo/src/bd/system/ipshared/ed72/hdl/axi_vdma_v6_2_rfs.vhd:68170]
INFO: [Synth 8-638] synthesizing module 'axi_vdma_reg_module' [d:/Projects/2018/Infa-red-based-Image-processing-Zybo/src/bd/system/ipshared/ed72/hdl/axi_vdma_v6_2_rfs.vhd:38829]
INFO: [Synth 8-638] synthesizing module 'axi_vdma_register' [d:/Projects/2018/Infa-red-based-Image-processing-Zybo/src/bd/system/ipshared/ed72/hdl/axi_vdma_v6_2_rfs.vhd:18712]
INFO: [Synth 8-256] done synthesizing module 'axi_vdma_register' (14#1) [d:/Projects/2018/Infa-red-based-Image-processing-Zybo/src/bd/system/ipshared/ed72/hdl/axi_vdma_v6_2_rfs.vhd:18712]
INFO: [Synth 8-638] synthesizing module 'axi_vdma_regdirect' [d:/Projects/2018/Infa-red-based-Image-processing-Zybo/src/bd/system/ipshared/ed72/hdl/axi_vdma_v6_2_rfs.vhd:20526]
INFO: [Synth 8-256] done synthesizing module 'axi_vdma_regdirect' (15#1) [d:/Projects/2018/Infa-red-based-Image-processing-Zybo/src/bd/system/ipshared/ed72/hdl/axi_vdma_v6_2_rfs.vhd:20526]
INFO: [Synth 8-638] synthesizing module 'axi_vdma_reg_mux' [d:/Projects/2018/Infa-red-based-Image-processing-Zybo/src/bd/system/ipshared/ed72/hdl/axi_vdma_v6_2_rfs.vhd:29591]
INFO: [Synth 8-256] done synthesizing module 'axi_vdma_reg_mux' (16#1) [d:/Projects/2018/Infa-red-based-Image-processing-Zybo/src/bd/system/ipshared/ed72/hdl/axi_vdma_v6_2_rfs.vhd:29591]
INFO: [Synth 8-256] done synthesizing module 'axi_vdma_reg_module' (17#1) [d:/Projects/2018/Infa-red-based-Image-processing-Zybo/src/bd/system/ipshared/ed72/hdl/axi_vdma_v6_2_rfs.vhd:38829]
INFO: [Synth 8-638] synthesizing module 'axi_vdma_mngr' [d:/Projects/2018/Infa-red-based-Image-processing-Zybo/src/bd/system/ipshared/ed72/hdl/axi_vdma_v6_2_rfs.vhd:63815]
INFO: [Synth 8-638] synthesizing module 'axi_vdma_sm' [d:/Projects/2018/Infa-red-based-Image-processing-Zybo/src/bd/system/ipshared/ed72/hdl/axi_vdma_v6_2_rfs.vhd:61558]
INFO: [Synth 8-256] done synthesizing module 'axi_vdma_sm' (18#1) [d:/Projects/2018/Infa-red-based-Image-processing-Zybo/src/bd/system/ipshared/ed72/hdl/axi_vdma_v6_2_rfs.vhd:61558]
INFO: [Synth 8-638] synthesizing module 'axi_vdma_cmdsts_if' [d:/Projects/2018/Infa-red-based-Image-processing-Zybo/src/bd/system/ipshared/ed72/hdl/axi_vdma_v6_2_rfs.vhd:62697]
INFO: [Synth 8-256] done synthesizing module 'axi_vdma_cmdsts_if' (19#1) [d:/Projects/2018/Infa-red-based-Image-processing-Zybo/src/bd/system/ipshared/ed72/hdl/axi_vdma_v6_2_rfs.vhd:62697]
INFO: [Synth 8-638] synthesizing module 'axi_vdma_sts_mngr' [d:/Projects/2018/Infa-red-based-Image-processing-Zybo/src/bd/system/ipshared/ed72/hdl/axi_vdma_v6_2_rfs.vhd:63204]
INFO: [Synth 8-256] done synthesizing module 'axi_vdma_sts_mngr' (20#1) [d:/Projects/2018/Infa-red-based-Image-processing-Zybo/src/bd/system/ipshared/ed72/hdl/axi_vdma_v6_2_rfs.vhd:63204]
INFO: [Synth 8-638] synthesizing module 'axi_vdma_vidreg_module' [d:/Projects/2018/Infa-red-based-Image-processing-Zybo/src/bd/system/ipshared/ed72/hdl/axi_vdma_v6_2_rfs.vhd:55739]
INFO: [Synth 8-638] synthesizing module 'axi_vdma_vregister' [d:/Projects/2018/Infa-red-based-Image-processing-Zybo/src/bd/system/ipshared/ed72/hdl/axi_vdma_v6_2_rfs.vhd:53625]
INFO: [Synth 8-256] done synthesizing module 'axi_vdma_vregister' (21#1) [d:/Projects/2018/Infa-red-based-Image-processing-Zybo/src/bd/system/ipshared/ed72/hdl/axi_vdma_v6_2_rfs.vhd:53625]
INFO: [Synth 8-638] synthesizing module 'axi_vdma_vaddrreg_mux' [d:/Projects/2018/Infa-red-based-Image-processing-Zybo/src/bd/system/ipshared/ed72/hdl/axi_vdma_v6_2_rfs.vhd:55216]
INFO: [Synth 8-256] done synthesizing module 'axi_vdma_vaddrreg_mux' (22#1) [d:/Projects/2018/Infa-red-based-Image-processing-Zybo/src/bd/system/ipshared/ed72/hdl/axi_vdma_v6_2_rfs.vhd:55216]
INFO: [Synth 8-256] done synthesizing module 'axi_vdma_vidreg_module' (23#1) [d:/Projects/2018/Infa-red-based-Image-processing-Zybo/src/bd/system/ipshared/ed72/hdl/axi_vdma_v6_2_rfs.vhd:55739]
INFO: [Synth 8-638] synthesizing module 'axi_vdma_genlock_mngr' [d:/Projects/2018/Infa-red-based-Image-processing-Zybo/src/bd/system/ipshared/ed72/hdl/axi_vdma_v6_2_rfs.vhd:58282]
INFO: [Synth 8-638] synthesizing module 'axi_vdma_genlock_mux' [d:/Projects/2018/Infa-red-based-Image-processing-Zybo/src/bd/system/ipshared/ed72/hdl/axi_vdma_v6_2_rfs.vhd:57020]
INFO: [Synth 8-256] done synthesizing module 'axi_vdma_genlock_mux' (24#1) [d:/Projects/2018/Infa-red-based-Image-processing-Zybo/src/bd/system/ipshared/ed72/hdl/axi_vdma_v6_2_rfs.vhd:57020]
INFO: [Synth 8-638] synthesizing module 'axi_vdma_greycoder' [d:/Projects/2018/Infa-red-based-Image-processing-Zybo/src/bd/system/ipshared/ed72/hdl/axi_vdma_v6_2_rfs.vhd:57995]
INFO: [Synth 8-256] done synthesizing module 'axi_vdma_greycoder' (25#1) [d:/Projects/2018/Infa-red-based-Image-processing-Zybo/src/bd/system/ipshared/ed72/hdl/axi_vdma_v6_2_rfs.vhd:57995]
INFO: [Synth 8-638] synthesizing module 'axi_vdma_greycoder__parameterized0' [d:/Projects/2018/Infa-red-based-Image-processing-Zybo/src/bd/system/ipshared/ed72/hdl/axi_vdma_v6_2_rfs.vhd:57995]
INFO: [Synth 8-256] done synthesizing module 'axi_vdma_greycoder__parameterized0' (25#1) [d:/Projects/2018/Infa-red-based-Image-processing-Zybo/src/bd/system/ipshared/ed72/hdl/axi_vdma_v6_2_rfs.vhd:57995]
INFO: [Synth 8-256] done synthesizing module 'axi_vdma_genlock_mngr' (26#1) [d:/Projects/2018/Infa-red-based-Image-processing-Zybo/src/bd/system/ipshared/ed72/hdl/axi_vdma_v6_2_rfs.vhd:58282]
INFO: [Synth 8-256] done synthesizing module 'axi_vdma_mngr' (27#1) [d:/Projects/2018/Infa-red-based-Image-processing-Zybo/src/bd/system/ipshared/ed72/hdl/axi_vdma_v6_2_rfs.vhd:63815]
INFO: [Synth 8-638] synthesizing module 'axi_vdma_fsync_gen' [d:/Projects/2018/Infa-red-based-Image-processing-Zybo/src/bd/system/ipshared/ed72/hdl/axi_vdma_v6_2_rfs.vhd:52754]
INFO: [Synth 8-256] done synthesizing module 'axi_vdma_fsync_gen' (28#1) [d:/Projects/2018/Infa-red-based-Image-processing-Zybo/src/bd/system/ipshared/ed72/hdl/axi_vdma_v6_2_rfs.vhd:52754]
INFO: [Synth 8-638] synthesizing module 'axi_vdma_vid_cdc' [d:/Projects/2018/Infa-red-based-Image-processing-Zybo/src/bd/system/ipshared/ed72/hdl/axi_vdma_v6_2_rfs.vhd:13249]
INFO: [Synth 8-256] done synthesizing module 'axi_vdma_vid_cdc' (29#1) [d:/Projects/2018/Infa-red-based-Image-processing-Zybo/src/bd/system/ipshared/ed72/hdl/axi_vdma_v6_2_rfs.vhd:13249]
INFO: [Synth 8-638] synthesizing module 'axi_vdma_sof_gen' [d:/Projects/2018/Infa-red-based-Image-processing-Zybo/src/bd/system/ipshared/ed72/hdl/axi_vdma_v6_2_rfs.vhd:40980]
INFO: [Synth 8-256] done synthesizing module 'axi_vdma_sof_gen' (30#1) [d:/Projects/2018/Infa-red-based-Image-processing-Zybo/src/bd/system/ipshared/ed72/hdl/axi_vdma_v6_2_rfs.vhd:40980]
INFO: [Synth 8-638] synthesizing module 'axi_vdma_mm2s_linebuf' [d:/Projects/2018/Infa-red-based-Image-processing-Zybo/src/bd/system/ipshared/ed72/hdl/axi_vdma_v6_2_rfs.vhd:45948]
INFO: [Synth 8-638] synthesizing module 'axi_vdma_sfifo' [d:/Projects/2018/Infa-red-based-Image-processing-Zybo/src/bd/system/ipshared/ed72/hdl/axi_vdma_v6_2_rfs.vhd:41782]
INFO: [Synth 8-256] done synthesizing module 'axi_vdma_sfifo' (57#1) [d:/Projects/2018/Infa-red-based-Image-processing-Zybo/src/bd/system/ipshared/ed72/hdl/axi_vdma_v6_2_rfs.vhd:41782]
INFO: [Synth 8-638] synthesizing module 'axi_vdma_skid_buf' [d:/Projects/2018/Infa-red-based-Image-processing-Zybo/src/bd/system/ipshared/ed72/hdl/axi_vdma_v6_2_rfs.vhd:41227]
INFO: [Synth 8-256] done synthesizing module 'axi_vdma_skid_buf' (58#1) [d:/Projects/2018/Infa-red-based-Image-processing-Zybo/src/bd/system/ipshared/ed72/hdl/axi_vdma_v6_2_rfs.vhd:41227]
INFO: [Synth 8-256] done synthesizing module 'axi_vdma_mm2s_linebuf' (59#1) [d:/Projects/2018/Infa-red-based-Image-processing-Zybo/src/bd/system/ipshared/ed72/hdl/axi_vdma_v6_2_rfs.vhd:45948]
INFO: [Synth 8-638] synthesizing module 'axi_vdma_skid_buf__parameterized0' [d:/Projects/2018/Infa-red-based-Image-processing-Zybo/src/bd/system/ipshared/ed72/hdl/axi_vdma_v6_2_rfs.vhd:41227]
INFO: [Synth 8-256] done synthesizing module 'axi_vdma_skid_buf__parameterized0' (59#1) [d:/Projects/2018/Infa-red-based-Image-processing-Zybo/src/bd/system/ipshared/ed72/hdl/axi_vdma_v6_2_rfs.vhd:41227]
INFO: [Synth 8-638] synthesizing module 'axi_vdma_s2mm_axis_dwidth_converter' [d:/Projects/2018/Infa-red-based-Image-processing-Zybo/src/bd/system/ipshared/ed72/hdl/axi_vdma_v6_2_rfs.vhd:68664]
INFO: [Synth 8-638] synthesizing module 'axi_vdma_v6_2_10_axis_dwidth_converter_v1_0_axis_dwidth_converter__parameterized1' [d:/Projects/2018/Infa-red-based-Image-processing-Zybo/src/bd/system/ipshared/ed72/hdl/axi_vdma_v6_2_rfs.v:1938]
INFO: [Synth 8-638] synthesizing module 'axi_vdma_v6_2_10_axis_dwidth_converter_v1_0_axisc_upsizer__parameterized0' [d:/Projects/2018/Infa-red-based-Image-processing-Zybo/src/bd/system/ipshared/ed72/hdl/axi_vdma_v6_2_rfs.v:1191]
INFO: [Synth 8-256] done synthesizing module 'axi_vdma_v6_2_10_axis_dwidth_converter_v1_0_axisc_upsizer__parameterized0' (59#1) [d:/Projects/2018/Infa-red-based-Image-processing-Zybo/src/bd/system/ipshared/ed72/hdl/axi_vdma_v6_2_rfs.v:1191]
INFO: [Synth 8-638] synthesizing module 'axi_vdma_v6_2_10_axis_dwidth_converter_v1_0_axisc_downsizer__parameterized0' [d:/Projects/2018/Infa-red-based-Image-processing-Zybo/src/bd/system/ipshared/ed72/hdl/axi_vdma_v6_2_rfs.v:1558]
INFO: [Synth 8-256] done synthesizing module 'axi_vdma_v6_2_10_axis_dwidth_converter_v1_0_axisc_downsizer__parameterized0' (59#1) [d:/Projects/2018/Infa-red-based-Image-processing-Zybo/src/bd/system/ipshared/ed72/hdl/axi_vdma_v6_2_rfs.v:1558]
INFO: [Synth 8-638] synthesizing module 'axi_vdma_v6_2_10_axis_register_slice_v1_0_axis_register_slice__parameterized1' [d:/Projects/2018/Infa-red-based-Image-processing-Zybo/src/bd/system/ipshared/ed72/hdl/axi_vdma_v6_2_rfs.v:979]
INFO: [Synth 8-638] synthesizing module 'axi_vdma_v6_2_10_axis_infrastructure_v1_0_util_axis2vector__parameterized1' [d:/Projects/2018/Infa-red-based-Image-processing-Zybo/src/bd/system/ipshared/ed72/hdl/axi_vdma_v6_2_rfs.v:63]
INFO: [Synth 8-256] done synthesizing module 'axi_vdma_v6_2_10_axis_infrastructure_v1_0_util_axis2vector__parameterized1' (59#1) [d:/Projects/2018/Infa-red-based-Image-processing-Zybo/src/bd/system/ipshared/ed72/hdl/axi_vdma_v6_2_rfs.v:63]
INFO: [Synth 8-638] synthesizing module 'axi_vdma_v6_2_10_axis_register_slice_v1_0_axisc_register_slice__parameterized1' [d:/Projects/2018/Infa-red-based-Image-processing-Zybo/src/bd/system/ipshared/ed72/hdl/axi_vdma_v6_2_rfs.v:391]
INFO: [Synth 8-256] done synthesizing module 'axi_vdma_v6_2_10_axis_register_slice_v1_0_axisc_register_slice__parameterized1' (59#1) [d:/Projects/2018/Infa-red-based-Image-processing-Zybo/src/bd/system/ipshared/ed72/hdl/axi_vdma_v6_2_rfs.v:391]
INFO: [Synth 8-638] synthesizing module 'axi_vdma_v6_2_10_axis_infrastructure_v1_0_util_vector2axis__parameterized1' [d:/Projects/2018/Infa-red-based-Image-processing-Zybo/src/bd/system/ipshared/ed72/hdl/axi_vdma_v6_2_rfs.v:228]
INFO: [Synth 8-256] done synthesizing module 'axi_vdma_v6_2_10_axis_infrastructure_v1_0_util_vector2axis__parameterized1' (59#1) [d:/Projects/2018/Infa-red-based-Image-processing-Zybo/src/bd/system/ipshared/ed72/hdl/axi_vdma_v6_2_rfs.v:228]
INFO: [Synth 8-256] done synthesizing module 'axi_vdma_v6_2_10_axis_register_slice_v1_0_axis_register_slice__parameterized1' (59#1) [d:/Projects/2018/Infa-red-based-Image-processing-Zybo/src/bd/system/ipshared/ed72/hdl/axi_vdma_v6_2_rfs.v:979]
INFO: [Synth 8-256] done synthesizing module 'axi_vdma_v6_2_10_axis_dwidth_converter_v1_0_axis_dwidth_converter__parameterized1' (59#1) [d:/Projects/2018/Infa-red-based-Image-processing-Zybo/src/bd/system/ipshared/ed72/hdl/axi_vdma_v6_2_rfs.v:1938]
INFO: [Synth 8-256] done synthesizing module 'axi_vdma_s2mm_axis_dwidth_converter' (60#1) [d:/Projects/2018/Infa-red-based-Image-processing-Zybo/src/bd/system/ipshared/ed72/hdl/axi_vdma_v6_2_rfs.vhd:68664]
INFO: [Synth 8-638] synthesizing module 'axi_vdma_reg_module__parameterized0' [d:/Projects/2018/Infa-red-based-Image-processing-Zybo/src/bd/system/ipshared/ed72/hdl/axi_vdma_v6_2_rfs.vhd:38829]
INFO: [Synth 8-638] synthesizing module 'axi_vdma_register__parameterized0' [d:/Projects/2018/Infa-red-based-Image-processing-Zybo/src/bd/system/ipshared/ed72/hdl/axi_vdma_v6_2_rfs.vhd:18712]
INFO: [Synth 8-256] done synthesizing module 'axi_vdma_register__parameterized0' (60#1) [d:/Projects/2018/Infa-red-based-Image-processing-Zybo/src/bd/system/ipshared/ed72/hdl/axi_vdma_v6_2_rfs.vhd:18712]
INFO: [Synth 8-638] synthesizing module 'axi_vdma_regdirect__parameterized0' [d:/Projects/2018/Infa-red-based-Image-processing-Zybo/src/bd/system/ipshared/ed72/hdl/axi_vdma_v6_2_rfs.vhd:20526]
INFO: [Synth 8-256] done synthesizing module 'axi_vdma_regdirect__parameterized0' (60#1) [d:/Projects/2018/Infa-red-based-Image-processing-Zybo/src/bd/system/ipshared/ed72/hdl/axi_vdma_v6_2_rfs.vhd:20526]
INFO: [Synth 8-638] synthesizing module 'axi_vdma_reg_mux__parameterized0' [d:/Projects/2018/Infa-red-based-Image-processing-Zybo/src/bd/system/ipshared/ed72/hdl/axi_vdma_v6_2_rfs.vhd:29591]
INFO: [Synth 8-256] done synthesizing module 'axi_vdma_reg_mux__parameterized0' (60#1) [d:/Projects/2018/Infa-red-based-Image-processing-Zybo/src/bd/system/ipshared/ed72/hdl/axi_vdma_v6_2_rfs.vhd:29591]
INFO: [Synth 8-256] done synthesizing module 'axi_vdma_reg_module__parameterized0' (60#1) [d:/Projects/2018/Infa-red-based-Image-processing-Zybo/src/bd/system/ipshared/ed72/hdl/axi_vdma_v6_2_rfs.vhd:38829]
INFO: [Synth 8-638] synthesizing module 'axi_vdma_mngr__parameterized0' [d:/Projects/2018/Infa-red-based-Image-processing-Zybo/src/bd/system/ipshared/ed72/hdl/axi_vdma_v6_2_rfs.vhd:63815]
INFO: [Synth 8-638] synthesizing module 'axi_vdma_sm__parameterized0' [d:/Projects/2018/Infa-red-based-Image-processing-Zybo/src/bd/system/ipshared/ed72/hdl/axi_vdma_v6_2_rfs.vhd:61558]
INFO: [Synth 8-256] done synthesizing module 'axi_vdma_sm__parameterized0' (60#1) [d:/Projects/2018/Infa-red-based-Image-processing-Zybo/src/bd/system/ipshared/ed72/hdl/axi_vdma_v6_2_rfs.vhd:61558]
INFO: [Synth 8-638] synthesizing module 'axi_vdma_cmdsts_if__parameterized0' [d:/Projects/2018/Infa-red-based-Image-processing-Zybo/src/bd/system/ipshared/ed72/hdl/axi_vdma_v6_2_rfs.vhd:62697]
INFO: [Synth 8-256] done synthesizing module 'axi_vdma_cmdsts_if__parameterized0' (60#1) [d:/Projects/2018/Infa-red-based-Image-processing-Zybo/src/bd/system/ipshared/ed72/hdl/axi_vdma_v6_2_rfs.vhd:62697]
INFO: [Synth 8-638] synthesizing module 'axi_vdma_genlock_mngr__parameterized0' [d:/Projects/2018/Infa-red-based-Image-processing-Zybo/src/bd/system/ipshared/ed72/hdl/axi_vdma_v6_2_rfs.vhd:58282]
INFO: [Synth 8-638] synthesizing module 'axi_vdma_greycoder__parameterized1' [d:/Projects/2018/Infa-red-based-Image-processing-Zybo/src/bd/system/ipshared/ed72/hdl/axi_vdma_v6_2_rfs.vhd:57995]
INFO: [Synth 8-256] done synthesizing module 'axi_vdma_greycoder__parameterized1' (60#1) [d:/Projects/2018/Infa-red-based-Image-processing-Zybo/src/bd/system/ipshared/ed72/hdl/axi_vdma_v6_2_rfs.vhd:57995]
INFO: [Synth 8-256] done synthesizing module 'axi_vdma_genlock_mngr__parameterized0' (60#1) [d:/Projects/2018/Infa-red-based-Image-processing-Zybo/src/bd/system/ipshared/ed72/hdl/axi_vdma_v6_2_rfs.vhd:58282]
INFO: [Synth 8-256] done synthesizing module 'axi_vdma_mngr__parameterized0' (60#1) [d:/Projects/2018/Infa-red-based-Image-processing-Zybo/src/bd/system/ipshared/ed72/hdl/axi_vdma_v6_2_rfs.vhd:63815]
INFO: [Synth 8-638] synthesizing module 'axi_vdma_fsync_gen__parameterized0' [d:/Projects/2018/Infa-red-based-Image-processing-Zybo/src/bd/system/ipshared/ed72/hdl/axi_vdma_v6_2_rfs.vhd:52754]
INFO: [Synth 8-256] done synthesizing module 'axi_vdma_fsync_gen__parameterized0' (60#1) [d:/Projects/2018/Infa-red-based-Image-processing-Zybo/src/bd/system/ipshared/ed72/hdl/axi_vdma_v6_2_rfs.vhd:52754]
INFO: [Synth 8-638] synthesizing module 'axi_vdma_s2mm_linebuf' [d:/Projects/2018/Infa-red-based-Image-processing-Zybo/src/bd/system/ipshared/ed72/hdl/axi_vdma_v6_2_rfs.vhd:48936]
INFO: [Synth 8-638] synthesizing module 'axi_vdma_sfifo__parameterized0' [d:/Projects/2018/Infa-red-based-Image-processing-Zybo/src/bd/system/ipshared/ed72/hdl/axi_vdma_v6_2_rfs.vhd:41782]
INFO: [Synth 8-256] done synthesizing module 'axi_vdma_sfifo__parameterized0' (60#1) [d:/Projects/2018/Infa-red-based-Image-processing-Zybo/src/bd/system/ipshared/ed72/hdl/axi_vdma_v6_2_rfs.vhd:41782]
INFO: [Synth 8-256] done synthesizing module 'axi_vdma_s2mm_linebuf' (61#1) [d:/Projects/2018/Infa-red-based-Image-processing-Zybo/src/bd/system/ipshared/ed72/hdl/axi_vdma_v6_2_rfs.vhd:48936]
INFO: [Synth 8-638] synthesizing module 'axi_datamover' [d:/Projects/2018/Infa-red-based-Image-processing-Zybo/src/bd/system/ipshared/bf41/hdl/axi_datamover_v5_1_vh_rfs.vhd:48516]
INFO: [Synth 8-638] synthesizing module 'axi_datamover_mm2s_full_wrap' [d:/Projects/2018/Infa-red-based-Image-processing-Zybo/src/bd/system/ipshared/bf41/hdl/axi_datamover_v5_1_vh_rfs.vhd:46666]
INFO: [Synth 8-638] synthesizing module 'axi_datamover_reset' [d:/Projects/2018/Infa-red-based-Image-processing-Zybo/src/bd/system/ipshared/bf41/hdl/axi_datamover_v5_1_vh_rfs.vhd:153]
INFO: [Synth 8-256] done synthesizing module 'axi_datamover_reset' (62#1) [d:/Projects/2018/Infa-red-based-Image-processing-Zybo/src/bd/system/ipshared/bf41/hdl/axi_datamover_v5_1_vh_rfs.vhd:153]
INFO: [Synth 8-638] synthesizing module 'axi_datamover_cmd_status' [d:/Projects/2018/Infa-red-based-Image-processing-Zybo/src/bd/system/ipshared/bf41/hdl/axi_datamover_v5_1_vh_rfs.vhd:2693]
INFO: [Synth 8-638] synthesizing module 'axi_datamover_fifo' [d:/Projects/2018/Infa-red-based-Image-processing-Zybo/src/bd/system/ipshared/bf41/hdl/axi_datamover_v5_1_vh_rfs.vhd:1881]
INFO: [Synth 8-638] synthesizing module 'srl_fifo_f' [d:/Projects/2018/Infa-red-based-Image-processing-Zybo/src/bd/system/ipshared/6039/hdl/lib_srl_fifo_v1_0_rfs.vhd:1000]
INFO: [Synth 8-638] synthesizing module 'srl_fifo_rbu_f' [d:/Projects/2018/Infa-red-based-Image-processing-Zybo/src/bd/system/ipshared/6039/hdl/lib_srl_fifo_v1_0_rfs.vhd:697]
INFO: [Synth 8-638] synthesizing module 'cntr_incr_decr_addn_f' [d:/Projects/2018/Infa-red-based-Image-processing-Zybo/src/bd/system/ipshared/6039/hdl/lib_srl_fifo_v1_0_rfs.vhd:143]
INFO: [Synth 8-256] done synthesizing module 'cntr_incr_decr_addn_f' (63#1) [d:/Projects/2018/Infa-red-based-Image-processing-Zybo/src/bd/system/ipshared/6039/hdl/lib_srl_fifo_v1_0_rfs.vhd:143]
INFO: [Synth 8-638] synthesizing module 'dynshreg_f' [d:/Projects/2018/Infa-red-based-Image-processing-Zybo/src/bd/system/ipshared/6039/hdl/lib_srl_fifo_v1_0_rfs.vhd:397]
INFO: [Synth 8-256] done synthesizing module 'dynshreg_f' (64#1) [d:/Projects/2018/Infa-red-based-Image-processing-Zybo/src/bd/system/ipshared/6039/hdl/lib_srl_fifo_v1_0_rfs.vhd:397]
INFO: [Synth 8-256] done synthesizing module 'srl_fifo_rbu_f' (65#1) [d:/Projects/2018/Infa-red-based-Image-processing-Zybo/src/bd/system/ipshared/6039/hdl/lib_srl_fifo_v1_0_rfs.vhd:697]
INFO: [Synth 8-256] done synthesizing module 'srl_fifo_f' (66#1) [d:/Projects/2018/Infa-red-based-Image-processing-Zybo/src/bd/system/ipshared/6039/hdl/lib_srl_fifo_v1_0_rfs.vhd:1000]
INFO: [Synth 8-256] done synthesizing module 'axi_datamover_fifo' (67#1) [d:/Projects/2018/Infa-red-based-Image-processing-Zybo/src/bd/system/ipshared/bf41/hdl/axi_datamover_v5_1_vh_rfs.vhd:1881]
INFO: [Synth 8-638] synthesizing module 'axi_datamover_fifo__parameterized0' [d:/Projects/2018/Infa-red-based-Image-processing-Zybo/src/bd/system/ipshared/bf41/hdl/axi_datamover_v5_1_vh_rfs.vhd:1881]
INFO: [Synth 8-638] synthesizing module 'srl_fifo_f__parameterized0' [d:/Projects/2018/Infa-red-based-Image-processing-Zybo/src/bd/system/ipshared/6039/hdl/lib_srl_fifo_v1_0_rfs.vhd:1000]
INFO: [Synth 8-638] synthesizing module 'srl_fifo_rbu_f__parameterized0' [d:/Projects/2018/Infa-red-based-Image-processing-Zybo/src/bd/system/ipshared/6039/hdl/lib_srl_fifo_v1_0_rfs.vhd:697]
INFO: [Synth 8-638] synthesizing module 'dynshreg_f__parameterized0' [d:/Projects/2018/Infa-red-based-Image-processing-Zybo/src/bd/system/ipshared/6039/hdl/lib_srl_fifo_v1_0_rfs.vhd:397]
INFO: [Synth 8-256] done synthesizing module 'dynshreg_f__parameterized0' (67#1) [d:/Projects/2018/Infa-red-based-Image-processing-Zybo/src/bd/system/ipshared/6039/hdl/lib_srl_fifo_v1_0_rfs.vhd:397]
INFO: [Synth 8-256] done synthesizing module 'srl_fifo_rbu_f__parameterized0' (67#1) [d:/Projects/2018/Infa-red-based-Image-processing-Zybo/src/bd/system/ipshared/6039/hdl/lib_srl_fifo_v1_0_rfs.vhd:697]
INFO: [Synth 8-256] done synthesizing module 'srl_fifo_f__parameterized0' (67#1) [d:/Projects/2018/Infa-red-based-Image-processing-Zybo/src/bd/system/ipshared/6039/hdl/lib_srl_fifo_v1_0_rfs.vhd:1000]
INFO: [Synth 8-256] done synthesizing module 'axi_datamover_fifo__parameterized0' (67#1) [d:/Projects/2018/Infa-red-based-Image-processing-Zybo/src/bd/system/ipshared/bf41/hdl/axi_datamover_v5_1_vh_rfs.vhd:1881]
INFO: [Synth 8-256] done synthesizing module 'axi_datamover_cmd_status' (68#1) [d:/Projects/2018/Infa-red-based-Image-processing-Zybo/src/bd/system/ipshared/bf41/hdl/axi_datamover_v5_1_vh_rfs.vhd:2693]
INFO: [Synth 8-638] synthesizing module 'axi_datamover_rd_status_cntl' [d:/Projects/2018/Infa-red-based-Image-processing-Zybo/src/bd/system/ipshared/bf41/hdl/axi_datamover_v5_1_vh_rfs.vhd:13741]
INFO: [Synth 8-256] done synthesizing module 'axi_datamover_rd_status_cntl' (69#1) [d:/Projects/2018/Infa-red-based-Image-processing-Zybo/src/bd/system/ipshared/bf41/hdl/axi_datamover_v5_1_vh_rfs.vhd:13741]
INFO: [Synth 8-638] synthesizing module 'axi_datamover_pcc' [d:/Projects/2018/Infa-red-based-Image-processing-Zybo/src/bd/system/ipshared/bf41/hdl/axi_datamover_v5_1_vh_rfs.vhd:7411]
INFO: [Synth 8-638] synthesizing module 'axi_datamover_strb_gen2' [d:/Projects/2018/Infa-red-based-Image-processing-Zybo/src/bd/system/ipshared/bf41/hdl/axi_datamover_v5_1_vh_rfs.vhd:4337]
INFO: [Synth 8-256] done synthesizing module 'axi_datamover_strb_gen2' (70#1) [d:/Projects/2018/Infa-red-based-Image-processing-Zybo/src/bd/system/ipshared/bf41/hdl/axi_datamover_v5_1_vh_rfs.vhd:4337]
INFO: [Synth 8-638] synthesizing module 'axi_datamover_strb_gen2__parameterized0' [d:/Projects/2018/Infa-red-based-Image-processing-Zybo/src/bd/system/ipshared/bf41/hdl/axi_datamover_v5_1_vh_rfs.vhd:4337]
INFO: [Synth 8-256] done synthesizing module 'axi_datamover_strb_gen2__parameterized0' (70#1) [d:/Projects/2018/Infa-red-based-Image-processing-Zybo/src/bd/system/ipshared/bf41/hdl/axi_datamover_v5_1_vh_rfs.vhd:4337]
INFO: [Synth 8-256] done synthesizing module 'axi_datamover_pcc' (71#1) [d:/Projects/2018/Infa-red-based-Image-processing-Zybo/src/bd/system/ipshared/bf41/hdl/axi_datamover_v5_1_vh_rfs.vhd:7411]
INFO: [Synth 8-638] synthesizing module 'axi_datamover_addr_cntl' [d:/Projects/2018/Infa-red-based-Image-processing-Zybo/src/bd/system/ipshared/bf41/hdl/axi_datamover_v5_1_vh_rfs.vhd:9995]
INFO: [Synth 8-638] synthesizing module 'axi_datamover_fifo__parameterized1' [d:/Projects/2018/Infa-red-based-Image-processing-Zybo/src/bd/system/ipshared/bf41/hdl/axi_datamover_v5_1_vh_rfs.vhd:1881]
INFO: [Synth 8-638] synthesizing module 'srl_fifo_f__parameterized1' [d:/Projects/2018/Infa-red-based-Image-processing-Zybo/src/bd/system/ipshared/6039/hdl/lib_srl_fifo_v1_0_rfs.vhd:1000]
INFO: [Synth 8-638] synthesizing module 'srl_fifo_rbu_f__parameterized1' [d:/Projects/2018/Infa-red-based-Image-processing-Zybo/src/bd/system/ipshared/6039/hdl/lib_srl_fifo_v1_0_rfs.vhd:697]
INFO: [Synth 8-638] synthesizing module 'dynshreg_f__parameterized1' [d:/Projects/2018/Infa-red-based-Image-processing-Zybo/src/bd/system/ipshared/6039/hdl/lib_srl_fifo_v1_0_rfs.vhd:397]
INFO: [Synth 8-256] done synthesizing module 'dynshreg_f__parameterized1' (71#1) [d:/Projects/2018/Infa-red-based-Image-processing-Zybo/src/bd/system/ipshared/6039/hdl/lib_srl_fifo_v1_0_rfs.vhd:397]
INFO: [Synth 8-256] done synthesizing module 'srl_fifo_rbu_f__parameterized1' (71#1) [d:/Projects/2018/Infa-red-based-Image-processing-Zybo/src/bd/system/ipshared/6039/hdl/lib_srl_fifo_v1_0_rfs.vhd:697]
INFO: [Synth 8-256] done synthesizing module 'srl_fifo_f__parameterized1' (71#1) [d:/Projects/2018/Infa-red-based-Image-processing-Zybo/src/bd/system/ipshared/6039/hdl/lib_srl_fifo_v1_0_rfs.vhd:1000]
INFO: [Synth 8-256] done synthesizing module 'axi_datamover_fifo__parameterized1' (71#1) [d:/Projects/2018/Infa-red-based-Image-processing-Zybo/src/bd/system/ipshared/bf41/hdl/axi_datamover_v5_1_vh_rfs.vhd:1881]
INFO: [Synth 8-256] done synthesizing module 'axi_datamover_addr_cntl' (72#1) [d:/Projects/2018/Infa-red-based-Image-processing-Zybo/src/bd/system/ipshared/bf41/hdl/axi_datamover_v5_1_vh_rfs.vhd:9995]
INFO: [Synth 8-638] synthesizing module 'axi_datamover_rddata_cntl' [d:/Projects/2018/Infa-red-based-Image-processing-Zybo/src/bd/system/ipshared/bf41/hdl/axi_datamover_v5_1_vh_rfs.vhd:12180]
INFO: [Synth 8-638] synthesizing module 'axi_datamover_rdmux' [d:/Projects/2018/Infa-red-based-Image-processing-Zybo/src/bd/system/ipshared/bf41/hdl/axi_datamover_v5_1_vh_rfs.vhd:10676]
INFO: [Synth 8-256] done synthesizing module 'axi_datamover_rdmux' (73#1) [d:/Projects/2018/Infa-red-based-Image-processing-Zybo/src/bd/system/ipshared/bf41/hdl/axi_datamover_v5_1_vh_rfs.vhd:10676]
INFO: [Synth 8-638] synthesizing module 'axi_datamover_fifo__parameterized2' [d:/Projects/2018/Infa-red-based-Image-processing-Zybo/src/bd/system/ipshared/bf41/hdl/axi_datamover_v5_1_vh_rfs.vhd:1881]
INFO: [Synth 8-638] synthesizing module 'srl_fifo_f__parameterized2' [d:/Projects/2018/Infa-red-based-Image-processing-Zybo/src/bd/system/ipshared/6039/hdl/lib_srl_fifo_v1_0_rfs.vhd:1000]
INFO: [Synth 8-638] synthesizing module 'srl_fifo_rbu_f__parameterized2' [d:/Projects/2018/Infa-red-based-Image-processing-Zybo/src/bd/system/ipshared/6039/hdl/lib_srl_fifo_v1_0_rfs.vhd:697]
INFO: [Synth 8-638] synthesizing module 'dynshreg_f__parameterized2' [d:/Projects/2018/Infa-red-based-Image-processing-Zybo/src/bd/system/ipshared/6039/hdl/lib_srl_fifo_v1_0_rfs.vhd:397]
INFO: [Synth 8-256] done synthesizing module 'dynshreg_f__parameterized2' (73#1) [d:/Projects/2018/Infa-red-based-Image-processing-Zybo/src/bd/system/ipshared/6039/hdl/lib_srl_fifo_v1_0_rfs.vhd:397]
INFO: [Synth 8-256] done synthesizing module 'srl_fifo_rbu_f__parameterized2' (73#1) [d:/Projects/2018/Infa-red-based-Image-processing-Zybo/src/bd/system/ipshared/6039/hdl/lib_srl_fifo_v1_0_rfs.vhd:697]
INFO: [Synth 8-256] done synthesizing module 'srl_fifo_f__parameterized2' (73#1) [d:/Projects/2018/Infa-red-based-Image-processing-Zybo/src/bd/system/ipshared/6039/hdl/lib_srl_fifo_v1_0_rfs.vhd:1000]
INFO: [Synth 8-256] done synthesizing module 'axi_datamover_fifo__parameterized2' (73#1) [d:/Projects/2018/Infa-red-based-Image-processing-Zybo/src/bd/system/ipshared/bf41/hdl/axi_datamover_v5_1_vh_rfs.vhd:1881]
INFO: [Synth 8-256] done synthesizing module 'axi_datamover_rddata_cntl' (74#1) [d:/Projects/2018/Infa-red-based-Image-processing-Zybo/src/bd/system/ipshared/bf41/hdl/axi_datamover_v5_1_vh_rfs.vhd:12180]
INFO: [Synth 8-638] synthesizing module 'axi_datamover_rd_sf' [d:/Projects/2018/Infa-red-based-Image-processing-Zybo/src/bd/system/ipshared/bf41/hdl/axi_datamover_v5_1_vh_rfs.vhd:20200]
INFO: [Synth 8-638] synthesizing module 'axi_datamover_fifo__parameterized3' [d:/Projects/2018/Infa-red-based-Image-processing-Zybo/src/bd/system/ipshared/bf41/hdl/axi_datamover_v5_1_vh_rfs.vhd:1881]
INFO: [Synth 8-638] synthesizing module 'srl_fifo_f__parameterized3' [d:/Projects/2018/Infa-red-based-Image-processing-Zybo/src/bd/system/ipshared/6039/hdl/lib_srl_fifo_v1_0_rfs.vhd:1000]
INFO: [Synth 8-638] synthesizing module 'srl_fifo_rbu_f__parameterized3' [d:/Projects/2018/Infa-red-based-Image-processing-Zybo/src/bd/system/ipshared/6039/hdl/lib_srl_fifo_v1_0_rfs.vhd:697]
INFO: [Synth 8-638] synthesizing module 'dynshreg_f__parameterized3' [d:/Projects/2018/Infa-red-based-Image-processing-Zybo/src/bd/system/ipshared/6039/hdl/lib_srl_fifo_v1_0_rfs.vhd:397]
INFO: [Synth 8-256] done synthesizing module 'dynshreg_f__parameterized3' (74#1) [d:/Projects/2018/Infa-red-based-Image-processing-Zybo/src/bd/system/ipshared/6039/hdl/lib_srl_fifo_v1_0_rfs.vhd:397]
INFO: [Synth 8-256] done synthesizing module 'srl_fifo_rbu_f__parameterized3' (74#1) [d:/Projects/2018/Infa-red-based-Image-processing-Zybo/src/bd/system/ipshared/6039/hdl/lib_srl_fifo_v1_0_rfs.vhd:697]
INFO: [Synth 8-256] done synthesizing module 'srl_fifo_f__parameterized3' (74#1) [d:/Projects/2018/Infa-red-based-Image-processing-Zybo/src/bd/system/ipshared/6039/hdl/lib_srl_fifo_v1_0_rfs.vhd:1000]
INFO: [Synth 8-256] done synthesizing module 'axi_datamover_fifo__parameterized3' (74#1) [d:/Projects/2018/Infa-red-based-Image-processing-Zybo/src/bd/system/ipshared/bf41/hdl/axi_datamover_v5_1_vh_rfs.vhd:1881]
INFO: [Synth 8-638] synthesizing module 'axi_datamover_sfifo_autord' [d:/Projects/2018/Infa-red-based-Image-processing-Zybo/src/bd/system/ipshared/bf41/hdl/axi_datamover_v5_1_vh_rfs.vhd:1294]
INFO: [Synth 8-638] synthesizing module 'sync_fifo_fg' [d:/Projects/2018/Infa-red-based-Image-processing-Zybo/src/bd/system/ipshared/5ab6/hdl/lib_fifo_v1_0_rfs.vhd:2097]
INFO: [Synth 8-256] done synthesizing module 'sync_fifo_fg' (78#1) [d:/Projects/2018/Infa-red-based-Image-processing-Zybo/src/bd/system/ipshared/5ab6/hdl/lib_fifo_v1_0_rfs.vhd:2097]
INFO: [Synth 8-256] done synthesizing module 'axi_datamover_sfifo_autord' (79#1) [d:/Projects/2018/Infa-red-based-Image-processing-Zybo/src/bd/system/ipshared/bf41/hdl/axi_datamover_v5_1_vh_rfs.vhd:1294]
INFO: [Synth 8-256] done synthesizing module 'axi_datamover_rd_sf' (80#1) [d:/Projects/2018/Infa-red-based-Image-processing-Zybo/src/bd/system/ipshared/bf41/hdl/axi_datamover_v5_1_vh_rfs.vhd:20200]
INFO: [Synth 8-256] done synthesizing module 'axi_datamover_mm2s_full_wrap' (81#1) [d:/Projects/2018/Infa-red-based-Image-processing-Zybo/src/bd/system/ipshared/bf41/hdl/axi_datamover_v5_1_vh_rfs.vhd:46666]
INFO: [Synth 8-638] synthesizing module 'axi_datamover_s2mm_full_wrap' [d:/Projects/2018/Infa-red-based-Image-processing-Zybo/src/bd/system/ipshared/bf41/hdl/axi_datamover_v5_1_vh_rfs.vhd:43113]
INFO: [Synth 8-638] synthesizing module 'axi_datamover_cmd_status__parameterized0' [d:/Projects/2018/Infa-red-based-Image-processing-Zybo/src/bd/system/ipshared/bf41/hdl/axi_datamover_v5_1_vh_rfs.vhd:2693]
INFO: [Synth 8-638] synthesizing module 'axi_datamover_fifo__parameterized4' [d:/Projects/2018/Infa-red-based-Image-processing-Zybo/src/bd/system/ipshared/bf41/hdl/axi_datamover_v5_1_vh_rfs.vhd:1881]
INFO: [Synth 8-638] synthesizing module 'srl_fifo_f__parameterized4' [d:/Projects/2018/Infa-red-based-Image-processing-Zybo/src/bd/system/ipshared/6039/hdl/lib_srl_fifo_v1_0_rfs.vhd:1000]
INFO: [Synth 8-638] synthesizing module 'srl_fifo_rbu_f__parameterized4' [d:/Projects/2018/Infa-red-based-Image-processing-Zybo/src/bd/system/ipshared/6039/hdl/lib_srl_fifo_v1_0_rfs.vhd:697]
INFO: [Synth 8-638] synthesizing module 'dynshreg_f__parameterized4' [d:/Projects/2018/Infa-red-based-Image-processing-Zybo/src/bd/system/ipshared/6039/hdl/lib_srl_fifo_v1_0_rfs.vhd:397]
INFO: [Synth 8-256] done synthesizing module 'dynshreg_f__parameterized4' (81#1) [d:/Projects/2018/Infa-red-based-Image-processing-Zybo/src/bd/system/ipshared/6039/hdl/lib_srl_fifo_v1_0_rfs.vhd:397]
INFO: [Synth 8-256] done synthesizing module 'srl_fifo_rbu_f__parameterized4' (81#1) [d:/Projects/2018/Infa-red-based-Image-processing-Zybo/src/bd/system/ipshared/6039/hdl/lib_srl_fifo_v1_0_rfs.vhd:697]
INFO: [Synth 8-256] done synthesizing module 'srl_fifo_f__parameterized4' (81#1) [d:/Projects/2018/Infa-red-based-Image-processing-Zybo/src/bd/system/ipshared/6039/hdl/lib_srl_fifo_v1_0_rfs.vhd:1000]
INFO: [Synth 8-256] done synthesizing module 'axi_datamover_fifo__parameterized4' (81#1) [d:/Projects/2018/Infa-red-based-Image-processing-Zybo/src/bd/system/ipshared/bf41/hdl/axi_datamover_v5_1_vh_rfs.vhd:1881]
INFO: [Synth 8-256] done synthesizing module 'axi_datamover_cmd_status__parameterized0' (81#1) [d:/Projects/2018/Infa-red-based-Image-processing-Zybo/src/bd/system/ipshared/bf41/hdl/axi_datamover_v5_1_vh_rfs.vhd:2693]
INFO: [Synth 8-638] synthesizing module 'axi_datamover_wr_status_cntl' [d:/Projects/2018/Infa-red-based-Image-processing-Zybo/src/bd/system/ipshared/bf41/hdl/axi_datamover_v5_1_vh_rfs.vhd:17697]
INFO: [Synth 8-638] synthesizing module 'axi_datamover_fifo__parameterized5' [d:/Projects/2018/Infa-red-based-Image-processing-Zybo/src/bd/system/ipshared/bf41/hdl/axi_datamover_v5_1_vh_rfs.vhd:1881]
INFO: [Synth 8-638] synthesizing module 'srl_fifo_f__parameterized5' [d:/Projects/2018/Infa-red-based-Image-processing-Zybo/src/bd/system/ipshared/6039/hdl/lib_srl_fifo_v1_0_rfs.vhd:1000]
INFO: [Synth 8-638] synthesizing module 'srl_fifo_rbu_f__parameterized5' [d:/Projects/2018/Infa-red-based-Image-processing-Zybo/src/bd/system/ipshared/6039/hdl/lib_srl_fifo_v1_0_rfs.vhd:697]
INFO: [Synth 8-638] synthesizing module 'cntr_incr_decr_addn_f__parameterized0' [d:/Projects/2018/Infa-red-based-Image-processing-Zybo/src/bd/system/ipshared/6039/hdl/lib_srl_fifo_v1_0_rfs.vhd:143]
INFO: [Synth 8-256] done synthesizing module 'cntr_incr_decr_addn_f__parameterized0' (81#1) [d:/Projects/2018/Infa-red-based-Image-processing-Zybo/src/bd/system/ipshared/6039/hdl/lib_srl_fifo_v1_0_rfs.vhd:143]
INFO: [Synth 8-638] synthesizing module 'dynshreg_f__parameterized5' [d:/Projects/2018/Infa-red-based-Image-processing-Zybo/src/bd/system/ipshared/6039/hdl/lib_srl_fifo_v1_0_rfs.vhd:397]
INFO: [Synth 8-256] done synthesizing module 'dynshreg_f__parameterized5' (81#1) [d:/Projects/2018/Infa-red-based-Image-processing-Zybo/src/bd/system/ipshared/6039/hdl/lib_srl_fifo_v1_0_rfs.vhd:397]
INFO: [Synth 8-256] done synthesizing module 'srl_fifo_rbu_f__parameterized5' (81#1) [d:/Projects/2018/Infa-red-based-Image-processing-Zybo/src/bd/system/ipshared/6039/hdl/lib_srl_fifo_v1_0_rfs.vhd:697]
INFO: [Synth 8-256] done synthesizing module 'srl_fifo_f__parameterized5' (81#1) [d:/Projects/2018/Infa-red-based-Image-processing-Zybo/src/bd/system/ipshared/6039/hdl/lib_srl_fifo_v1_0_rfs.vhd:1000]
INFO: [Synth 8-256] done synthesizing module 'axi_datamover_fifo__parameterized5' (81#1) [d:/Projects/2018/Infa-red-based-Image-processing-Zybo/src/bd/system/ipshared/bf41/hdl/axi_datamover_v5_1_vh_rfs.vhd:1881]
INFO: [Synth 8-638] synthesizing module 'axi_datamover_fifo__parameterized6' [d:/Projects/2018/Infa-red-based-Image-processing-Zybo/src/bd/system/ipshared/bf41/hdl/axi_datamover_v5_1_vh_rfs.vhd:1881]
INFO: [Synth 8-638] synthesizing module 'srl_fifo_f__parameterized6' [d:/Projects/2018/Infa-red-based-Image-processing-Zybo/src/bd/system/ipshared/6039/hdl/lib_srl_fifo_v1_0_rfs.vhd:1000]
INFO: [Synth 8-638] synthesizing module 'srl_fifo_rbu_f__parameterized6' [d:/Projects/2018/Infa-red-based-Image-processing-Zybo/src/bd/system/ipshared/6039/hdl/lib_srl_fifo_v1_0_rfs.vhd:697]
INFO: [Synth 8-638] synthesizing module 'cntr_incr_decr_addn_f__parameterized1' [d:/Projects/2018/Infa-red-based-Image-processing-Zybo/src/bd/system/ipshared/6039/hdl/lib_srl_fifo_v1_0_rfs.vhd:143]
INFO: [Synth 8-256] done synthesizing module 'cntr_incr_decr_addn_f__parameterized1' (81#1) [d:/Projects/2018/Infa-red-based-Image-processing-Zybo/src/bd/system/ipshared/6039/hdl/lib_srl_fifo_v1_0_rfs.vhd:143]
INFO: [Synth 8-638] synthesizing module 'dynshreg_f__parameterized6' [d:/Projects/2018/Infa-red-based-Image-processing-Zybo/src/bd/system/ipshared/6039/hdl/lib_srl_fifo_v1_0_rfs.vhd:397]
INFO: [Synth 8-256] done synthesizing module 'dynshreg_f__parameterized6' (81#1) [d:/Projects/2018/Infa-red-based-Image-processing-Zybo/src/bd/system/ipshared/6039/hdl/lib_srl_fifo_v1_0_rfs.vhd:397]
INFO: [Synth 8-256] done synthesizing module 'srl_fifo_rbu_f__parameterized6' (81#1) [d:/Projects/2018/Infa-red-based-Image-processing-Zybo/src/bd/system/ipshared/6039/hdl/lib_srl_fifo_v1_0_rfs.vhd:697]
INFO: [Synth 8-256] done synthesizing module 'srl_fifo_f__parameterized6' (81#1) [d:/Projects/2018/Infa-red-based-Image-processing-Zybo/src/bd/system/ipshared/6039/hdl/lib_srl_fifo_v1_0_rfs.vhd:1000]
INFO: [Synth 8-256] done synthesizing module 'axi_datamover_fifo__parameterized6' (81#1) [d:/Projects/2018/Infa-red-based-Image-processing-Zybo/src/bd/system/ipshared/bf41/hdl/axi_datamover_v5_1_vh_rfs.vhd:1881]
INFO: [Synth 8-256] done synthesizing module 'axi_datamover_wr_status_cntl' (82#1) [d:/Projects/2018/Infa-red-based-Image-processing-Zybo/src/bd/system/ipshared/bf41/hdl/axi_datamover_v5_1_vh_rfs.vhd:17697]
INFO: [Synth 8-638] synthesizing module 'axi_datamover_ibttcc' [d:/Projects/2018/Infa-red-based-Image-processing-Zybo/src/bd/system/ipshared/bf41/hdl/axi_datamover_v5_1_vh_rfs.vhd:25723]
INFO: [Synth 8-256] done synthesizing module 'axi_datamover_ibttcc' (83#1) [d:/Projects/2018/Infa-red-based-Image-processing-Zybo/src/bd/system/ipshared/bf41/hdl/axi_datamover_v5_1_vh_rfs.vhd:25723]
INFO: [Synth 8-638] synthesizing module 'axi_datamover_s2mm_realign' [d:/Projects/2018/Infa-red-based-Image-processing-Zybo/src/bd/system/ipshared/bf41/hdl/axi_datamover_v5_1_vh_rfs.vhd:40129]
INFO: [Synth 8-638] synthesizing module 'axi_datamover_fifo__parameterized7' [d:/Projects/2018/Infa-red-based-Image-processing-Zybo/src/bd/system/ipshared/bf41/hdl/axi_datamover_v5_1_vh_rfs.vhd:1881]
INFO: [Synth 8-638] synthesizing module 'srl_fifo_f__parameterized7' [d:/Projects/2018/Infa-red-based-Image-processing-Zybo/src/bd/system/ipshared/6039/hdl/lib_srl_fifo_v1_0_rfs.vhd:1000]
INFO: [Synth 8-638] synthesizing module 'srl_fifo_rbu_f__parameterized7' [d:/Projects/2018/Infa-red-based-Image-processing-Zybo/src/bd/system/ipshared/6039/hdl/lib_srl_fifo_v1_0_rfs.vhd:697]
INFO: [Synth 8-638] synthesizing module 'dynshreg_f__parameterized7' [d:/Projects/2018/Infa-red-based-Image-processing-Zybo/src/bd/system/ipshared/6039/hdl/lib_srl_fifo_v1_0_rfs.vhd:397]
INFO: [Synth 8-256] done synthesizing module 'dynshreg_f__parameterized7' (83#1) [d:/Projects/2018/Infa-red-based-Image-processing-Zybo/src/bd/system/ipshared/6039/hdl/lib_srl_fifo_v1_0_rfs.vhd:397]
INFO: [Synth 8-256] done synthesizing module 'srl_fifo_rbu_f__parameterized7' (83#1) [d:/Projects/2018/Infa-red-based-Image-processing-Zybo/src/bd/system/ipshared/6039/hdl/lib_srl_fifo_v1_0_rfs.vhd:697]
INFO: [Synth 8-256] done synthesizing module 'srl_fifo_f__parameterized7' (83#1) [d:/Projects/2018/Infa-red-based-Image-processing-Zybo/src/bd/system/ipshared/6039/hdl/lib_srl_fifo_v1_0_rfs.vhd:1000]
INFO: [Synth 8-256] done synthesizing module 'axi_datamover_fifo__parameterized7' (83#1) [d:/Projects/2018/Infa-red-based-Image-processing-Zybo/src/bd/system/ipshared/bf41/hdl/axi_datamover_v5_1_vh_rfs.vhd:1881]
INFO: [Synth 8-638] synthesizing module 'axi_datamover_s2mm_scatter' [d:/Projects/2018/Infa-red-based-Image-processing-Zybo/src/bd/system/ipshared/bf41/hdl/axi_datamover_v5_1_vh_rfs.vhd:38236]
INFO: [Synth 8-638] synthesizing module 'axi_datamover_mssai_skid_buf' [d:/Projects/2018/Infa-red-based-Image-processing-Zybo/src/bd/system/ipshared/bf41/hdl/axi_datamover_v5_1_vh_rfs.vhd:37286]
INFO: [Synth 8-638] synthesizing module 'axi_datamover_ms_strb_set' [d:/Projects/2018/Infa-red-based-Image-processing-Zybo/src/bd/system/ipshared/bf41/hdl/axi_datamover_v5_1_vh_rfs.vhd:35726]
INFO: [Synth 8-256] done synthesizing module 'axi_datamover_ms_strb_set' (84#1) [d:/Projects/2018/Infa-red-based-Image-processing-Zybo/src/bd/system/ipshared/bf41/hdl/axi_datamover_v5_1_vh_rfs.vhd:35726]
INFO: [Synth 8-256] done synthesizing module 'axi_datamover_mssai_skid_buf' (85#1) [d:/Projects/2018/Infa-red-based-Image-processing-Zybo/src/bd/system/ipshared/bf41/hdl/axi_datamover_v5_1_vh_rfs.vhd:37286]
INFO: [Synth 8-638] synthesizing module 'axi_datamover_strb_gen2__parameterized1' [d:/Projects/2018/Infa-red-based-Image-processing-Zybo/src/bd/system/ipshared/bf41/hdl/axi_datamover_v5_1_vh_rfs.vhd:4337]
INFO: [Synth 8-256] done synthesizing module 'axi_datamover_strb_gen2__parameterized1' (85#1) [d:/Projects/2018/Infa-red-based-Image-processing-Zybo/src/bd/system/ipshared/bf41/hdl/axi_datamover_v5_1_vh_rfs.vhd:4337]
INFO: [Synth 8-638] synthesizing module 'axi_datamover_slice' [d:/Projects/2018/Infa-red-based-Image-processing-Zybo/src/bd/system/ipshared/bf41/hdl/axi_datamover_v5_1_vh_rfs.vhd:37975]
INFO: [Synth 8-256] done synthesizing module 'axi_datamover_slice' (86#1) [d:/Projects/2018/Infa-red-based-Image-processing-Zybo/src/bd/system/ipshared/bf41/hdl/axi_datamover_v5_1_vh_rfs.vhd:37975]
INFO: [Synth 8-638] synthesizing module 'axi_datamover_fifo__parameterized8' [d:/Projects/2018/Infa-red-based-Image-processing-Zybo/src/bd/system/ipshared/bf41/hdl/axi_datamover_v5_1_vh_rfs.vhd:1881]
INFO: [Synth 8-638] synthesizing module 'srl_fifo_f__parameterized8' [d:/Projects/2018/Infa-red-based-Image-processing-Zybo/src/bd/system/ipshared/6039/hdl/lib_srl_fifo_v1_0_rfs.vhd:1000]
INFO: [Synth 8-638] synthesizing module 'srl_fifo_rbu_f__parameterized8' [d:/Projects/2018/Infa-red-based-Image-processing-Zybo/src/bd/system/ipshared/6039/hdl/lib_srl_fifo_v1_0_rfs.vhd:697]
INFO: [Synth 8-638] synthesizing module 'cntr_incr_decr_addn_f__parameterized2' [d:/Projects/2018/Infa-red-based-Image-processing-Zybo/src/bd/system/ipshared/6039/hdl/lib_srl_fifo_v1_0_rfs.vhd:143]
INFO: [Synth 8-256] done synthesizing module 'cntr_incr_decr_addn_f__parameterized2' (86#1) [d:/Projects/2018/Infa-red-based-Image-processing-Zybo/src/bd/system/ipshared/6039/hdl/lib_srl_fifo_v1_0_rfs.vhd:143]
INFO: [Synth 8-638] synthesizing module 'dynshreg_f__parameterized8' [d:/Projects/2018/Infa-red-based-Image-processing-Zybo/src/bd/system/ipshared/6039/hdl/lib_srl_fifo_v1_0_rfs.vhd:397]
INFO: [Synth 8-256] done synthesizing module 'dynshreg_f__parameterized8' (86#1) [d:/Projects/2018/Infa-red-based-Image-processing-Zybo/src/bd/system/ipshared/6039/hdl/lib_srl_fifo_v1_0_rfs.vhd:397]
INFO: [Synth 8-256] done synthesizing module 'srl_fifo_rbu_f__parameterized8' (86#1) [d:/Projects/2018/Infa-red-based-Image-processing-Zybo/src/bd/system/ipshared/6039/hdl/lib_srl_fifo_v1_0_rfs.vhd:697]
INFO: [Synth 8-256] done synthesizing module 'srl_fifo_f__parameterized8' (86#1) [d:/Projects/2018/Infa-red-based-Image-processing-Zybo/src/bd/system/ipshared/6039/hdl/lib_srl_fifo_v1_0_rfs.vhd:1000]
INFO: [Synth 8-256] done synthesizing module 'axi_datamover_fifo__parameterized8' (86#1) [d:/Projects/2018/Infa-red-based-Image-processing-Zybo/src/bd/system/ipshared/bf41/hdl/axi_datamover_v5_1_vh_rfs.vhd:1881]
INFO: [Synth 8-256] done synthesizing module 'axi_datamover_s2mm_scatter' (87#1) [d:/Projects/2018/Infa-red-based-Image-processing-Zybo/src/bd/system/ipshared/bf41/hdl/axi_datamover_v5_1_vh_rfs.vhd:38236]
INFO: [Synth 8-256] done synthesizing module 'axi_datamover_s2mm_realign' (88#1) [d:/Projects/2018/Infa-red-based-Image-processing-Zybo/src/bd/system/ipshared/bf41/hdl/axi_datamover_v5_1_vh_rfs.vhd:40129]
INFO: [Synth 8-638] synthesizing module 'axi_datamover_indet_btt' [d:/Projects/2018/Infa-red-based-Image-processing-Zybo/src/bd/system/ipshared/bf41/hdl/axi_datamover_v5_1_vh_rfs.vhd:28422]
INFO: [Synth 8-638] synthesizing module 'axi_datamover_stbs_set' [d:/Projects/2018/Infa-red-based-Image-processing-Zybo/src/bd/system/ipshared/bf41/hdl/axi_datamover_v5_1_vh_rfs.vhd:23402]
INFO: [Synth 8-256] done synthesizing module 'axi_datamover_stbs_set' (89#1) [d:/Projects/2018/Infa-red-based-Image-processing-Zybo/src/bd/system/ipshared/bf41/hdl/axi_datamover_v5_1_vh_rfs.vhd:23402]
INFO: [Synth 8-638] synthesizing module 'axi_datamover_sfifo_autord__parameterized0' [d:/Projects/2018/Infa-red-based-Image-processing-Zybo/src/bd/system/ipshared/bf41/hdl/axi_datamover_v5_1_vh_rfs.vhd:1294]
INFO: [Synth 8-638] synthesizing module 'sync_fifo_fg__parameterized0' [d:/Projects/2018/Infa-red-based-Image-processing-Zybo/src/bd/system/ipshared/5ab6/hdl/lib_fifo_v1_0_rfs.vhd:2097]
INFO: [Synth 8-256] done synthesizing module 'sync_fifo_fg__parameterized0' (90#1) [d:/Projects/2018/Infa-red-based-Image-processing-Zybo/src/bd/system/ipshared/5ab6/hdl/lib_fifo_v1_0_rfs.vhd:2097]
INFO: [Synth 8-256] done synthesizing module 'axi_datamover_sfifo_autord__parameterized0' (90#1) [d:/Projects/2018/Infa-red-based-Image-processing-Zybo/src/bd/system/ipshared/bf41/hdl/axi_datamover_v5_1_vh_rfs.vhd:1294]
INFO: [Synth 8-638] synthesizing module 'axi_datamover_sfifo_autord__parameterized1' [d:/Projects/2018/Infa-red-based-Image-processing-Zybo/src/bd/system/ipshared/bf41/hdl/axi_datamover_v5_1_vh_rfs.vhd:1294]
INFO: [Synth 8-638] synthesizing module 'sync_fifo_fg__parameterized1' [d:/Projects/2018/Infa-red-based-Image-processing-Zybo/src/bd/system/ipshared/5ab6/hdl/lib_fifo_v1_0_rfs.vhd:2097]
INFO: [Synth 8-256] done synthesizing module 'sync_fifo_fg__parameterized1' (90#1) [d:/Projects/2018/Infa-red-based-Image-processing-Zybo/src/bd/system/ipshared/5ab6/hdl/lib_fifo_v1_0_rfs.vhd:2097]
INFO: [Synth 8-256] done synthesizing module 'axi_datamover_sfifo_autord__parameterized1' (90#1) [d:/Projects/2018/Infa-red-based-Image-processing-Zybo/src/bd/system/ipshared/bf41/hdl/axi_datamover_v5_1_vh_rfs.vhd:1294]
INFO: [Synth 8-638] synthesizing module 'axi_datamover_stbs_set__parameterized0' [d:/Projects/2018/Infa-red-based-Image-processing-Zybo/src/bd/system/ipshared/bf41/hdl/axi_datamover_v5_1_vh_rfs.vhd:23402]
INFO: [Synth 8-256] done synthesizing module 'axi_datamover_stbs_set__parameterized0' (90#1) [d:/Projects/2018/Infa-red-based-Image-processing-Zybo/src/bd/system/ipshared/bf41/hdl/axi_datamover_v5_1_vh_rfs.vhd:23402]
INFO: [Synth 8-638] synthesizing module 'axi_datamover_skid_buf' [d:/Projects/2018/Infa-red-based-Image-processing-Zybo/src/bd/system/ipshared/bf41/hdl/axi_datamover_v5_1_vh_rfs.vhd:19492]
INFO: [Synth 8-256] done synthesizing module 'axi_datamover_skid_buf' (91#1) [d:/Projects/2018/Infa-red-based-Image-processing-Zybo/src/bd/system/ipshared/bf41/hdl/axi_datamover_v5_1_vh_rfs.vhd:19492]
INFO: [Synth 8-256] done synthesizing module 'axi_datamover_indet_btt' (92#1) [d:/Projects/2018/Infa-red-based-Image-processing-Zybo/src/bd/system/ipshared/bf41/hdl/axi_datamover_v5_1_vh_rfs.vhd:28422]
INFO: [Synth 8-638] synthesizing module 'axi_datamover_addr_cntl__parameterized0' [d:/Projects/2018/Infa-red-based-Image-processing-Zybo/src/bd/system/ipshared/bf41/hdl/axi_datamover_v5_1_vh_rfs.vhd:9995]
INFO: [Synth 8-638] synthesizing module 'axi_datamover_fifo__parameterized9' [d:/Projects/2018/Infa-red-based-Image-processing-Zybo/src/bd/system/ipshared/bf41/hdl/axi_datamover_v5_1_vh_rfs.vhd:1881]
INFO: [Synth 8-638] synthesizing module 'srl_fifo_f__parameterized9' [d:/Projects/2018/Infa-red-based-Image-processing-Zybo/src/bd/system/ipshared/6039/hdl/lib_srl_fifo_v1_0_rfs.vhd:1000]
INFO: [Synth 8-638] synthesizing module 'srl_fifo_rbu_f__parameterized9' [d:/Projects/2018/Infa-red-based-Image-processing-Zybo/src/bd/system/ipshared/6039/hdl/lib_srl_fifo_v1_0_rfs.vhd:697]
INFO: [Synth 8-638] synthesizing module 'dynshreg_f__parameterized9' [d:/Projects/2018/Infa-red-based-Image-processing-Zybo/src/bd/system/ipshared/6039/hdl/lib_srl_fifo_v1_0_rfs.vhd:397]
INFO: [Synth 8-256] done synthesizing module 'dynshreg_f__parameterized9' (92#1) [d:/Projects/2018/Infa-red-based-Image-processing-Zybo/src/bd/system/ipshared/6039/hdl/lib_srl_fifo_v1_0_rfs.vhd:397]
INFO: [Synth 8-256] done synthesizing module 'srl_fifo_rbu_f__parameterized9' (92#1) [d:/Projects/2018/Infa-red-based-Image-processing-Zybo/src/bd/system/ipshared/6039/hdl/lib_srl_fifo_v1_0_rfs.vhd:697]
INFO: [Synth 8-256] done synthesizing module 'srl_fifo_f__parameterized9' (92#1) [d:/Projects/2018/Infa-red-based-Image-processing-Zybo/src/bd/system/ipshared/6039/hdl/lib_srl_fifo_v1_0_rfs.vhd:1000]
INFO: [Synth 8-256] done synthesizing module 'axi_datamover_fifo__parameterized9' (92#1) [d:/Projects/2018/Infa-red-based-Image-processing-Zybo/src/bd/system/ipshared/bf41/hdl/axi_datamover_v5_1_vh_rfs.vhd:1881]
INFO: [Synth 8-256] done synthesizing module 'axi_datamover_addr_cntl__parameterized0' (92#1) [d:/Projects/2018/Infa-red-based-Image-processing-Zybo/src/bd/system/ipshared/bf41/hdl/axi_datamover_v5_1_vh_rfs.vhd:9995]
INFO: [Synth 8-638] synthesizing module 'axi_datamover_wrdata_cntl' [d:/Projects/2018/Infa-red-based-Image-processing-Zybo/src/bd/system/ipshared/bf41/hdl/axi_datamover_v5_1_vh_rfs.vhd:15669]
INFO: [Synth 8-638] synthesizing module 'axi_datamover_fifo__parameterized10' [d:/Projects/2018/Infa-red-based-Image-processing-Zybo/src/bd/system/ipshared/bf41/hdl/axi_datamover_v5_1_vh_rfs.vhd:1881]
INFO: [Synth 8-638] synthesizing module 'srl_fifo_f__parameterized10' [d:/Projects/2018/Infa-red-based-Image-processing-Zybo/src/bd/system/ipshared/6039/hdl/lib_srl_fifo_v1_0_rfs.vhd:1000]
INFO: [Synth 8-638] synthesizing module 'srl_fifo_rbu_f__parameterized10' [d:/Projects/2018/Infa-red-based-Image-processing-Zybo/src/bd/system/ipshared/6039/hdl/lib_srl_fifo_v1_0_rfs.vhd:697]
INFO: [Synth 8-638] synthesizing module 'dynshreg_f__parameterized10' [d:/Projects/2018/Infa-red-based-Image-processing-Zybo/src/bd/system/ipshared/6039/hdl/lib_srl_fifo_v1_0_rfs.vhd:397]
INFO: [Synth 8-256] done synthesizing module 'dynshreg_f__parameterized10' (92#1) [d:/Projects/2018/Infa-red-based-Image-processing-Zybo/src/bd/system/ipshared/6039/hdl/lib_srl_fifo_v1_0_rfs.vhd:397]
INFO: [Synth 8-256] done synthesizing module 'srl_fifo_rbu_f__parameterized10' (92#1) [d:/Projects/2018/Infa-red-based-Image-processing-Zybo/src/bd/system/ipshared/6039/hdl/lib_srl_fifo_v1_0_rfs.vhd:697]
INFO: [Synth 8-256] done synthesizing module 'srl_fifo_f__parameterized10' (92#1) [d:/Projects/2018/Infa-red-based-Image-processing-Zybo/src/bd/system/ipshared/6039/hdl/lib_srl_fifo_v1_0_rfs.vhd:1000]
INFO: [Synth 8-256] done synthesizing module 'axi_datamover_fifo__parameterized10' (92#1) [d:/Projects/2018/Infa-red-based-Image-processing-Zybo/src/bd/system/ipshared/bf41/hdl/axi_datamover_v5_1_vh_rfs.vhd:1881]
INFO: [Synth 8-256] done synthesizing module 'axi_datamover_wrdata_cntl' (93#1) [d:/Projects/2018/Infa-red-based-Image-processing-Zybo/src/bd/system/ipshared/bf41/hdl/axi_datamover_v5_1_vh_rfs.vhd:15669]
INFO: [Synth 8-638] synthesizing module 'axi_datamover_skid2mm_buf' [d:/Projects/2018/Infa-red-based-Image-processing-Zybo/src/bd/system/ipshared/bf41/hdl/axi_datamover_v5_1_vh_rfs.vhd:18990]
INFO: [Synth 8-638] synthesizing module 'axi_datamover_wr_demux' [d:/Projects/2018/Infa-red-based-Image-processing-Zybo/src/bd/system/ipshared/bf41/hdl/axi_datamover_v5_1_vh_rfs.vhd:14112]
INFO: [Synth 8-256] done synthesizing module 'axi_datamover_wr_demux' (94#1) [d:/Projects/2018/Infa-red-based-Image-processing-Zybo/src/bd/system/ipshared/bf41/hdl/axi_datamover_v5_1_vh_rfs.vhd:14112]
INFO: [Synth 8-256] done synthesizing module 'axi_datamover_skid2mm_buf' (95#1) [d:/Projects/2018/Infa-red-based-Image-processing-Zybo/src/bd/system/ipshared/bf41/hdl/axi_datamover_v5_1_vh_rfs.vhd:18990]
INFO: [Synth 8-256] done synthesizing module 'axi_datamover_s2mm_full_wrap' (96#1) [d:/Projects/2018/Infa-red-based-Image-processing-Zybo/src/bd/system/ipshared/bf41/hdl/axi_datamover_v5_1_vh_rfs.vhd:43113]
INFO: [Synth 8-256] done synthesizing module 'axi_datamover' (97#1) [d:/Projects/2018/Infa-red-based-Image-processing-Zybo/src/bd/system/ipshared/bf41/hdl/axi_datamover_v5_1_vh_rfs.vhd:48516]
INFO: [Synth 8-256] done synthesizing module 'axi_vdma' (98#1) [d:/Projects/2018/Infa-red-based-Image-processing-Zybo/src/bd/system/ipshared/ed72/hdl/axi_vdma_v6_2_rfs.vhd:69480]
INFO: [Synth 8-256] done synthesizing module 'system_axi_vdma_0_0' (99#1) [d:/Projects/2018/Infa-red-based-Image-processing-Zybo/src/bd/system/ip/system_axi_vdma_0_0/synth/system_axi_vdma_0_0.vhd:131]
Finished RTL Elaboration : Time (s): cpu = 00:04:42 ; elapsed = 00:04:56 . Memory (MB): peak = 685.578 ; gain = 475.422
Finished RTL Optimization Phase 1 : Time (s): cpu = 00:04:43 ; elapsed = 00:04:57 . Memory (MB): peak = 685.578 ; gain = 475.422
INFO: [Device 21-403] Loading part xc7z020clg400-1
Constraint Validation Runtime : Time (s): cpu = 00:00:00 ; elapsed = 00:00:00.140 . Memory (MB): peak = 838.645 ; gain = 2.328
Finished Constraint Validation : Time (s): cpu = 00:04:55 ; elapsed = 00:05:14 . Memory (MB): peak = 838.645 ; gain = 628.488
Finished Loading Part and Timing Information : Time (s): cpu = 00:04:55 ; elapsed = 00:05:14 . Memory (MB): peak = 838.645 ; gain = 628.488
Finished applying 'set_property' XDC Constraints : Time (s): cpu = 00:04:55 ; elapsed = 00:05:14 . Memory (MB): peak = 838.645 ; gain = 628.488
Finished RTL Optimization Phase 2 : Time (s): cpu = 00:05:00 ; elapsed = 00:05:21 . Memory (MB): peak = 838.645 ; gain = 628.488
Finished Cross Boundary and Area Optimization : Time (s): cpu = 00:05:14 ; elapsed = 00:05:36 . Memory (MB): peak = 838.645 ; gain = 628.488
---------------------------------------------------------------------------------
Start ROM, RAM, DSP and Shift Register Reporting
---------------------------------------------------------------------------------

Distributed RAM: Preliminary Mapping  Report (see note below)
+--------------+---------------------------------------------------------------------------------------------------------------------------------------------------------------------------------------------------------------------------------+----------------+----------------------+--------------+
|Module Name   | RTL Object                                                                                                                                                                                                                      | Inference      | Size (Depth x Width) | Primitives   | 
+--------------+---------------------------------------------------------------------------------------------------------------------------------------------------------------------------------------------------------------------------------+----------------+----------------------+--------------+
|axi_datamover | GEN_S2MM_FULL.I_S2MM_FULL_WRAPPER/GEN_ENABLE_INDET_BTT_SF.I_INDET_BTT/I_XD_FIFO/NON_BLK_MEM.I_SYNC_FIFOGEN_FIFO/FAMILY_SUPPORTED.I_SYNC_FIFO_BRAM/inst_fifo_gen/gconvfifo.rf/grf.rf/gntv_or_sync_fifo.mem/gdm.dm_gen.dm/RAM_reg | User Attribute | 16 x 9               | RAM32M x 2   | 
+--------------+---------------------------------------------------------------------------------------------------------------------------------------------------------------------------------------------------------------------------------+----------------+----------------------+--------------+

Note: The table above is a preliminary report that shows the Distributed RAMs at the current stage of the synthesis flow. Some Distributed RAMs may be reimplemented as non Distributed RAM primitives later in the synthesis flow. Multiple instantiated RAMs are reported only once.
---------------------------------------------------------------------------------
Finished ROM, RAM, DSP and Shift Register Reporting
---------------------------------------------------------------------------------
Finished Applying XDC Timing Constraints : Time (s): cpu = 00:05:21 ; elapsed = 00:05:44 . Memory (MB): peak = 838.645 ; gain = 628.488
Finished Timing Optimization : Time (s): cpu = 00:05:24 ; elapsed = 00:05:47 . Memory (MB): peak = 840.379 ; gain = 630.223
Finished Technology Mapping : Time (s): cpu = 00:05:26 ; elapsed = 00:05:49 . Memory (MB): peak = 869.758 ; gain = 659.602
Finished IO Insertion : Time (s): cpu = 00:05:27 ; elapsed = 00:05:50 . Memory (MB): peak = 869.758 ; gain = 659.602
Finished Renaming Generated Instances : Time (s): cpu = 00:05:27 ; elapsed = 00:05:50 . Memory (MB): peak = 869.758 ; gain = 659.602
Finished Rebuilding User Hierarchy : Time (s): cpu = 00:05:28 ; elapsed = 00:05:51 . Memory (MB): peak = 869.758 ; gain = 659.602
Finished Renaming Generated Ports : Time (s): cpu = 00:05:28 ; elapsed = 00:05:51 . Memory (MB): peak = 869.758 ; gain = 659.602
Finished Handling Custom Attributes : Time (s): cpu = 00:05:28 ; elapsed = 00:05:51 . Memory (MB): peak = 869.758 ; gain = 659.602
Finished Renaming Generated Nets : Time (s): cpu = 00:05:28 ; elapsed = 00:05:51 . Memory (MB): peak = 869.758 ; gain = 659.602

Report Cell Usage: 
+------+-----------+------+
|      |Cell       |Count |
+------+-----------+------+
|1     |CARRY4     |    87|
|2     |LUT1       |   571|
|3     |LUT2       |   414|
|4     |LUT3       |   588|
|5     |LUT4       |   440|
|6     |LUT5       |   530|
|7     |LUT6       |   720|
|8     |MUXCY      |    40|
|9     |MUXF7      |     7|
|10    |RAM32M     |     2|
|11    |RAMB18E1   |     2|
|12    |RAMB18E1_1 |     2|
|13    |RAMB36E1   |     2|
|14    |RAMB36E1_1 |     2|
|15    |SRL16E     |   286|
|16    |FDRE       |  3575|
|17    |FDSE       |   117|
+------+-----------+------+
Finished Writing Synthesis Report : Time (s): cpu = 00:05:28 ; elapsed = 00:05:51 . Memory (MB): peak = 869.758 ; gain = 659.602
synth_design: Time (s): cpu = 00:05:28 ; elapsed = 00:05:48 . Memory (MB): peak = 869.758 ; gain = 597.551
