
*** Running vivado
    with args -log system_clk_wiz_0_0.vds -m64 -product Vivado -mode batch -messageDb vivado.pb -notrace -source system_clk_wiz_0_0.tcl


****** Vivado v2016.4 (64-bit)
  **** SW Build 1756540 on Mon Jan 23 19:11:23 MST 2017
  **** IP Build 1755317 on Mon Jan 23 20:30:07 MST 2017
    ** Copyright 1986-2016 Xilinx, Inc. All Rights Reserved.

source system_clk_wiz_0_0.tcl -notrace
Starting RTL Elaboration : Time (s): cpu = 00:00:13 ; elapsed = 00:00:19 . Memory (MB): peak = 363.238 ; gain = 153.402
INFO: [Synth 8-638] synthesizing module 'system_clk_wiz_0_0' [d:/Projects/2018/Infa-red-based-Image-processing-Zybo/src/bd/system/ip/system_clk_wiz_0_0/system_clk_wiz_0_0.v:72]
INFO: [Synth 8-638] synthesizing module 'system_clk_wiz_0_0_clk_wiz' [d:/Projects/2018/Infa-red-based-Image-processing-Zybo/src/bd/system/ip/system_clk_wiz_0_0/system_clk_wiz_0_0_clk_wiz.v:70]
INFO: [Synth 8-638] synthesizing module 'BUFG' [C:/Xilinx/Vivado/2016.4/scripts/rt/data/unisim_comp.v:607]
INFO: [Synth 8-256] done synthesizing module 'BUFG' (1#1) [C:/Xilinx/Vivado/2016.4/scripts/rt/data/unisim_comp.v:607]
INFO: [Synth 8-638] synthesizing module 'MMCME2_ADV' [C:/Xilinx/Vivado/2016.4/scripts/rt/data/unisim_comp.v:20414]
INFO: [Synth 8-256] done synthesizing module 'MMCME2_ADV' (2#1) [C:/Xilinx/Vivado/2016.4/scripts/rt/data/unisim_comp.v:20414]
INFO: [Synth 8-256] done synthesizing module 'system_clk_wiz_0_0_clk_wiz' (3#1) [d:/Projects/2018/Infa-red-based-Image-processing-Zybo/src/bd/system/ip/system_clk_wiz_0_0/system_clk_wiz_0_0_clk_wiz.v:70]
INFO: [Synth 8-256] done synthesizing module 'system_clk_wiz_0_0' (4#1) [d:/Projects/2018/Infa-red-based-Image-processing-Zybo/src/bd/system/ip/system_clk_wiz_0_0/system_clk_wiz_0_0.v:72]
Finished RTL Elaboration : Time (s): cpu = 00:00:14 ; elapsed = 00:00:20 . Memory (MB): peak = 400.668 ; gain = 190.832
Finished RTL Optimization Phase 1 : Time (s): cpu = 00:00:14 ; elapsed = 00:00:21 . Memory (MB): peak = 400.668 ; gain = 190.832
INFO: [Device 21-403] Loading part xc7z020clg400-1
Constraint Validation Runtime : Time (s): cpu = 00:00:00 ; elapsed = 00:00:00.047 . Memory (MB): peak = 744.477 ; gain = 0.000
Finished Constraint Validation : Time (s): cpu = 00:00:29 ; elapsed = 00:00:42 . Memory (MB): peak = 744.477 ; gain = 534.641
Finished Loading Part and Timing Information : Time (s): cpu = 00:00:29 ; elapsed = 00:00:42 . Memory (MB): peak = 744.477 ; gain = 534.641
Finished applying 'set_property' XDC Constraints : Time (s): cpu = 00:00:29 ; elapsed = 00:00:42 . Memory (MB): peak = 744.477 ; gain = 534.641
Finished RTL Optimization Phase 2 : Time (s): cpu = 00:00:29 ; elapsed = 00:00:42 . Memory (MB): peak = 744.477 ; gain = 534.641
Finished Cross Boundary and Area Optimization : Time (s): cpu = 00:00:29 ; elapsed = 00:00:42 . Memory (MB): peak = 744.477 ; gain = 534.641
Finished Applying XDC Timing Constraints : Time (s): cpu = 00:00:43 ; elapsed = 00:00:57 . Memory (MB): peak = 761.152 ; gain = 551.316
Finished Timing Optimization : Time (s): cpu = 00:00:43 ; elapsed = 00:00:57 . Memory (MB): peak = 761.152 ; gain = 551.316
Finished Technology Mapping : Time (s): cpu = 00:00:43 ; elapsed = 00:00:57 . Memory (MB): peak = 770.777 ; gain = 560.941
Finished IO Insertion : Time (s): cpu = 00:00:44 ; elapsed = 00:00:58 . Memory (MB): peak = 770.777 ; gain = 560.941
Finished Renaming Generated Instances : Time (s): cpu = 00:00:44 ; elapsed = 00:00:58 . Memory (MB): peak = 770.777 ; gain = 560.941
Finished Rebuilding User Hierarchy : Time (s): cpu = 00:00:44 ; elapsed = 00:00:58 . Memory (MB): peak = 770.777 ; gain = 560.941
Finished Renaming Generated Ports : Time (s): cpu = 00:00:44 ; elapsed = 00:00:58 . Memory (MB): peak = 770.777 ; gain = 560.941
Finished Handling Custom Attributes : Time (s): cpu = 00:00:44 ; elapsed = 00:00:58 . Memory (MB): peak = 770.777 ; gain = 560.941
Finished Renaming Generated Nets : Time (s): cpu = 00:00:44 ; elapsed = 00:00:58 . Memory (MB): peak = 770.777 ; gain = 560.941

Report Cell Usage: 
+------+-----------+------+
|      |Cell       |Count |
+------+-----------+------+
|1     |BUFG       |     4|
|2     |MMCME2_ADV |     1|
+------+-----------+------+
Finished Writing Synthesis Report : Time (s): cpu = 00:00:44 ; elapsed = 00:00:58 . Memory (MB): peak = 770.777 ; gain = 560.941
synth_design: Time (s): cpu = 00:00:38 ; elapsed = 00:00:47 . Memory (MB): peak = 794.738 ; gain = 514.508
