
*** Running vivado
    with args -log system_xlconstant_0_0.vds -m64 -product Vivado -mode batch -messageDb vivado.pb -notrace -source system_xlconstant_0_0.tcl


****** Vivado v2016.4 (64-bit)
  **** SW Build 1756540 on Mon Jan 23 19:11:23 MST 2017
  **** IP Build 1755317 on Mon Jan 23 20:30:07 MST 2017
    ** Copyright 1986-2016 Xilinx, Inc. All Rights Reserved.

source system_xlconstant_0_0.tcl -notrace
Starting RTL Elaboration : Time (s): cpu = 00:00:16 ; elapsed = 00:00:21 . Memory (MB): peak = 412.594 ; gain = 202.191
INFO: [Synth 8-638] synthesizing module 'system_xlconstant_0_0' [d:/Projects/2018/Infa-red-based-Image-processing-Zybo/src/bd/system/ip/system_xlconstant_0_0/sim/system_xlconstant_0_0.v:56]
INFO: [Synth 8-638] synthesizing module 'xlconstant' [d:/Projects/2018/Infa-red-based-Image-processing-Zybo/src/bd/system/ipshared/e147/xlconstant.v:23]
INFO: [Synth 8-256] done synthesizing module 'xlconstant' (1#1) [d:/Projects/2018/Infa-red-based-Image-processing-Zybo/src/bd/system/ipshared/e147/xlconstant.v:23]
INFO: [Synth 8-256] done synthesizing module 'system_xlconstant_0_0' (2#1) [d:/Projects/2018/Infa-red-based-Image-processing-Zybo/src/bd/system/ip/system_xlconstant_0_0/sim/system_xlconstant_0_0.v:56]
Finished RTL Elaboration : Time (s): cpu = 00:00:17 ; elapsed = 00:00:23 . Memory (MB): peak = 450.039 ; gain = 239.637
Finished RTL Optimization Phase 1 : Time (s): cpu = 00:00:18 ; elapsed = 00:00:23 . Memory (MB): peak = 450.039 ; gain = 239.637
INFO: [Device 21-403] Loading part xc7z020clg400-1
Constraint Validation Runtime : Time (s): cpu = 00:00:00 ; elapsed = 00:00:00.017 . Memory (MB): peak = 669.453 ; gain = 0.113
Finished Constraint Validation : Time (s): cpu = 00:00:30 ; elapsed = 00:00:40 . Memory (MB): peak = 669.453 ; gain = 459.051
Finished Loading Part and Timing Information : Time (s): cpu = 00:00:30 ; elapsed = 00:00:40 . Memory (MB): peak = 669.453 ; gain = 459.051
Finished applying 'set_property' XDC Constraints : Time (s): cpu = 00:00:30 ; elapsed = 00:00:40 . Memory (MB): peak = 669.453 ; gain = 459.051
Finished RTL Optimization Phase 2 : Time (s): cpu = 00:00:30 ; elapsed = 00:00:40 . Memory (MB): peak = 669.453 ; gain = 459.051
Finished Cross Boundary and Area Optimization : Time (s): cpu = 00:00:30 ; elapsed = 00:00:41 . Memory (MB): peak = 669.453 ; gain = 459.051
Finished Applying XDC Timing Constraints : Time (s): cpu = 00:00:42 ; elapsed = 00:00:54 . Memory (MB): peak = 709.117 ; gain = 498.715
Finished Timing Optimization : Time (s): cpu = 00:00:43 ; elapsed = 00:00:54 . Memory (MB): peak = 709.117 ; gain = 498.715
Finished Technology Mapping : Time (s): cpu = 00:00:43 ; elapsed = 00:00:54 . Memory (MB): peak = 718.746 ; gain = 508.344
Finished IO Insertion : Time (s): cpu = 00:00:43 ; elapsed = 00:00:55 . Memory (MB): peak = 718.746 ; gain = 508.344
Finished Renaming Generated Instances : Time (s): cpu = 00:00:43 ; elapsed = 00:00:55 . Memory (MB): peak = 718.746 ; gain = 508.344
Finished Rebuilding User Hierarchy : Time (s): cpu = 00:00:43 ; elapsed = 00:00:55 . Memory (MB): peak = 718.746 ; gain = 508.344
Finished Renaming Generated Ports : Time (s): cpu = 00:00:43 ; elapsed = 00:00:55 . Memory (MB): peak = 718.746 ; gain = 508.344
Finished Handling Custom Attributes : Time (s): cpu = 00:00:43 ; elapsed = 00:00:55 . Memory (MB): peak = 718.746 ; gain = 508.344
Finished Renaming Generated Nets : Time (s): cpu = 00:00:43 ; elapsed = 00:00:55 . Memory (MB): peak = 718.746 ; gain = 508.344

Report Cell Usage: 
+-+-----+------+
| |Cell |Count |
+-+-----+------+
+-+-----+------+
Finished Writing Synthesis Report : Time (s): cpu = 00:00:43 ; elapsed = 00:00:55 . Memory (MB): peak = 718.746 ; gain = 508.344
synth_design: Time (s): cpu = 00:00:33 ; elapsed = 00:00:40 . Memory (MB): peak = 741.887 ; gain = 412.266
