
*** Running vivado
    with args -log system_xlconcat_0_0.vds -m64 -product Vivado -mode batch -messageDb vivado.pb -notrace -source system_xlconcat_0_0.tcl


****** Vivado v2016.4 (64-bit)
  **** SW Build 1756540 on Mon Jan 23 19:11:23 MST 2017
  **** IP Build 1755317 on Mon Jan 23 20:30:07 MST 2017
    ** Copyright 1986-2016 Xilinx, Inc. All Rights Reserved.

source system_xlconcat_0_0.tcl -notrace
Starting RTL Elaboration : Time (s): cpu = 00:00:12 ; elapsed = 00:00:16 . Memory (MB): peak = 411.539 ; gain = 201.133
INFO: [Synth 8-638] synthesizing module 'system_xlconcat_0_0' [d:/Projects/2018/Infa-red-based-Image-processing-Zybo/src/bd/system/ip/system_xlconcat_0_0/synth/system_xlconcat_0_0.v:58]
INFO: [Synth 8-638] synthesizing module 'xlconcat' [d:/Projects/2018/Infa-red-based-Image-processing-Zybo/src/bd/system/ipshared/2e37/xlconcat.v:14]
INFO: [Synth 8-256] done synthesizing module 'xlconcat' (1#1) [d:/Projects/2018/Infa-red-based-Image-processing-Zybo/src/bd/system/ipshared/2e37/xlconcat.v:14]
INFO: [Synth 8-256] done synthesizing module 'system_xlconcat_0_0' (2#1) [d:/Projects/2018/Infa-red-based-Image-processing-Zybo/src/bd/system/ip/system_xlconcat_0_0/synth/system_xlconcat_0_0.v:58]
Finished RTL Elaboration : Time (s): cpu = 00:00:12 ; elapsed = 00:00:17 . Memory (MB): peak = 449.012 ; gain = 238.605
Finished RTL Optimization Phase 1 : Time (s): cpu = 00:00:13 ; elapsed = 00:00:17 . Memory (MB): peak = 449.012 ; gain = 238.605
INFO: [Device 21-403] Loading part xc7z020clg400-1
Constraint Validation Runtime : Time (s): cpu = 00:00:00 ; elapsed = 00:00:00.016 . Memory (MB): peak = 673.891 ; gain = 0.000
Finished Constraint Validation : Time (s): cpu = 00:00:21 ; elapsed = 00:00:31 . Memory (MB): peak = 673.891 ; gain = 463.484
Finished Loading Part and Timing Information : Time (s): cpu = 00:00:21 ; elapsed = 00:00:31 . Memory (MB): peak = 673.891 ; gain = 463.484
Finished applying 'set_property' XDC Constraints : Time (s): cpu = 00:00:21 ; elapsed = 00:00:31 . Memory (MB): peak = 673.891 ; gain = 463.484
Finished RTL Optimization Phase 2 : Time (s): cpu = 00:00:21 ; elapsed = 00:00:31 . Memory (MB): peak = 673.891 ; gain = 463.484
Finished Cross Boundary and Area Optimization : Time (s): cpu = 00:00:22 ; elapsed = 00:00:31 . Memory (MB): peak = 673.891 ; gain = 463.484
Finished Applying XDC Timing Constraints : Time (s): cpu = 00:00:31 ; elapsed = 00:00:40 . Memory (MB): peak = 707.938 ; gain = 497.531
Finished Timing Optimization : Time (s): cpu = 00:00:31 ; elapsed = 00:00:40 . Memory (MB): peak = 707.938 ; gain = 497.531
Finished Technology Mapping : Time (s): cpu = 00:00:31 ; elapsed = 00:00:40 . Memory (MB): peak = 718.586 ; gain = 508.180
Finished IO Insertion : Time (s): cpu = 00:00:31 ; elapsed = 00:00:41 . Memory (MB): peak = 718.586 ; gain = 508.180
Finished Renaming Generated Instances : Time (s): cpu = 00:00:31 ; elapsed = 00:00:41 . Memory (MB): peak = 718.586 ; gain = 508.180
Finished Rebuilding User Hierarchy : Time (s): cpu = 00:00:31 ; elapsed = 00:00:41 . Memory (MB): peak = 718.586 ; gain = 508.180
Finished Renaming Generated Ports : Time (s): cpu = 00:00:31 ; elapsed = 00:00:41 . Memory (MB): peak = 718.586 ; gain = 508.180
Finished Handling Custom Attributes : Time (s): cpu = 00:00:31 ; elapsed = 00:00:41 . Memory (MB): peak = 718.586 ; gain = 508.180
Finished Renaming Generated Nets : Time (s): cpu = 00:00:31 ; elapsed = 00:00:41 . Memory (MB): peak = 718.586 ; gain = 508.180

Report Cell Usage: 
+-+-----+------+
| |Cell |Count |
+-+-----+------+
+-+-----+------+
Finished Writing Synthesis Report : Time (s): cpu = 00:00:31 ; elapsed = 00:00:41 . Memory (MB): peak = 718.586 ; gain = 508.180
synth_design: Time (s): cpu = 00:00:23 ; elapsed = 00:00:29 . Memory (MB): peak = 732.574 ; gain = 404.621
