
*** Running vivado
    with args -log system_processing_system7_0_0.vds -m64 -product Vivado -mode batch -messageDb vivado.pb -notrace -source system_processing_system7_0_0.tcl


****** Vivado v2016.4 (64-bit)
  **** SW Build 1756540 on Mon Jan 23 19:11:23 MST 2017
  **** IP Build 1755317 on Mon Jan 23 20:30:07 MST 2017
    ** Copyright 1986-2016 Xilinx, Inc. All Rights Reserved.

source system_processing_system7_0_0.tcl -notrace
Starting RTL Elaboration : Time (s): cpu = 00:00:13 ; elapsed = 00:00:17 . Memory (MB): peak = 423.586 ; gain = 213.602
INFO: [Synth 8-638] synthesizing module 'system_processing_system7_0_0' [d:/Projects/2018/Infa-red-based-Image-processing-Zybo/src/bd/system/ip/system_processing_system7_0_0/synth/system_processing_system7_0_0.v:60]
INFO: [Synth 8-638] synthesizing module 'processing_system7_v5_5_processing_system7' [d:/Projects/2018/Infa-red-based-Image-processing-Zybo/src/bd/system/ip/system_processing_system7_0_0/hdl/verilog/processing_system7_v5_5_processing_system7.v:161]
INFO: [Synth 8-638] synthesizing module 'BUFG' [C:/Xilinx/Vivado/2016.4/scripts/rt/data/unisim_comp.v:607]
INFO: [Synth 8-256] done synthesizing module 'BUFG' (1#1) [C:/Xilinx/Vivado/2016.4/scripts/rt/data/unisim_comp.v:607]
INFO: [Synth 8-638] synthesizing module 'BIBUF' [C:/Xilinx/Vivado/2016.4/scripts/rt/data/unisim_comp.v:268]
INFO: [Synth 8-256] done synthesizing module 'BIBUF' (2#1) [C:/Xilinx/Vivado/2016.4/scripts/rt/data/unisim_comp.v:268]
INFO: [Synth 8-638] synthesizing module 'PS7' [C:/Xilinx/Vivado/2016.4/scripts/rt/data/unisim_comp.v:33182]
INFO: [Synth 8-256] done synthesizing module 'PS7' (3#1) [C:/Xilinx/Vivado/2016.4/scripts/rt/data/unisim_comp.v:33182]
INFO: [Synth 8-256] done synthesizing module 'processing_system7_v5_5_processing_system7' (4#1) [d:/Projects/2018/Infa-red-based-Image-processing-Zybo/src/bd/system/ip/system_processing_system7_0_0/hdl/verilog/processing_system7_v5_5_processing_system7.v:161]
INFO: [Synth 8-256] done synthesizing module 'system_processing_system7_0_0' (5#1) [d:/Projects/2018/Infa-red-based-Image-processing-Zybo/src/bd/system/ip/system_processing_system7_0_0/synth/system_processing_system7_0_0.v:60]
Finished RTL Elaboration : Time (s): cpu = 00:00:14 ; elapsed = 00:00:18 . Memory (MB): peak = 461.059 ; gain = 251.074
Finished RTL Optimization Phase 1 : Time (s): cpu = 00:00:14 ; elapsed = 00:00:18 . Memory (MB): peak = 461.059 ; gain = 251.074
INFO: [Device 21-403] Loading part xc7z020clg400-1
Constraint Validation Runtime : Time (s): cpu = 00:00:00 ; elapsed = 00:00:00.078 . Memory (MB): peak = 711.441 ; gain = 0.000
Finished Constraint Validation : Time (s): cpu = 00:00:25 ; elapsed = 00:00:34 . Memory (MB): peak = 711.441 ; gain = 501.457
Finished Loading Part and Timing Information : Time (s): cpu = 00:00:25 ; elapsed = 00:00:34 . Memory (MB): peak = 711.441 ; gain = 501.457
Finished applying 'set_property' XDC Constraints : Time (s): cpu = 00:00:25 ; elapsed = 00:00:34 . Memory (MB): peak = 711.441 ; gain = 501.457
Finished RTL Optimization Phase 2 : Time (s): cpu = 00:00:26 ; elapsed = 00:00:35 . Memory (MB): peak = 711.441 ; gain = 501.457
Finished Cross Boundary and Area Optimization : Time (s): cpu = 00:00:26 ; elapsed = 00:00:35 . Memory (MB): peak = 711.441 ; gain = 501.457
Finished Applying XDC Timing Constraints : Time (s): cpu = 00:00:36 ; elapsed = 00:00:45 . Memory (MB): peak = 911.551 ; gain = 701.566
Finished Timing Optimization : Time (s): cpu = 00:00:36 ; elapsed = 00:00:45 . Memory (MB): peak = 928.598 ; gain = 718.613
Finished Technology Mapping : Time (s): cpu = 00:00:37 ; elapsed = 00:00:46 . Memory (MB): peak = 932.871 ; gain = 722.887
Finished IO Insertion : Time (s): cpu = 00:00:38 ; elapsed = 00:00:47 . Memory (MB): peak = 932.871 ; gain = 722.887
Finished Renaming Generated Instances : Time (s): cpu = 00:00:38 ; elapsed = 00:00:47 . Memory (MB): peak = 932.871 ; gain = 722.887
Finished Rebuilding User Hierarchy : Time (s): cpu = 00:00:38 ; elapsed = 00:00:48 . Memory (MB): peak = 932.871 ; gain = 722.887
Finished Renaming Generated Ports : Time (s): cpu = 00:00:38 ; elapsed = 00:00:48 . Memory (MB): peak = 932.871 ; gain = 722.887
Finished Handling Custom Attributes : Time (s): cpu = 00:00:38 ; elapsed = 00:00:48 . Memory (MB): peak = 932.871 ; gain = 722.887
Finished Renaming Generated Nets : Time (s): cpu = 00:00:38 ; elapsed = 00:00:48 . Memory (MB): peak = 932.871 ; gain = 722.887

Report Cell Usage: 
+------+------+------+
|      |Cell  |Count |
+------+------+------+
|1     |BIBUF |   130|
|2     |BUFG  |     1|
|3     |LUT1  |    50|
|4     |PS7   |     1|
+------+------+------+
Finished Writing Synthesis Report : Time (s): cpu = 00:00:38 ; elapsed = 00:00:48 . Memory (MB): peak = 932.871 ; gain = 722.887
synth_design: Time (s): cpu = 00:00:31 ; elapsed = 00:00:37 . Memory (MB): peak = 956.094 ; gain = 612.672
