
*** Running vivado
    with args -log system_processing_system7_0_0.vds -m64 -product Vivado -mode batch -messageDb vivado.pb -notrace -source system_processing_system7_0_0.tcl


****** Vivado v2016.4 (64-bit)
  **** SW Build 1756540 on Mon Jan 23 19:11:23 MST 2017
  **** IP Build 1755317 on Mon Jan 23 20:30:07 MST 2017
    ** Copyright 1986-2016 Xilinx, Inc. All Rights Reserved.

source system_processing_system7_0_0.tcl -notrace
Starting RTL Elaboration : Time (s): cpu = 00:00:09 ; elapsed = 00:00:12 . Memory (MB): peak = 323.273 ; gain = 113.211
INFO: [Synth 8-638] synthesizing module 'system_processing_system7_0_0' [d:/Projects/2018/Zybo-Z7-20-pcam-5c/src/bd/system/ip/system_processing_system7_0_0/synth/system_processing_system7_0_0.v:60]
INFO: [Synth 8-638] synthesizing module 'processing_system7_v5_5_processing_system7' [d:/Projects/2018/Zybo-Z7-20-pcam-5c/src/bd/system/ip/system_processing_system7_0_0/hdl/verilog/processing_system7_v5_5_processing_system7.v:161]
INFO: [Synth 8-638] synthesizing module 'BUFG' [C:/Xilinx/Vivado/2016.4/scripts/rt/data/unisim_comp.v:607]
INFO: [Synth 8-256] done synthesizing module 'BUFG' (1#1) [C:/Xilinx/Vivado/2016.4/scripts/rt/data/unisim_comp.v:607]
INFO: [Synth 8-638] synthesizing module 'BIBUF' [C:/Xilinx/Vivado/2016.4/scripts/rt/data/unisim_comp.v:268]
INFO: [Synth 8-256] done synthesizing module 'BIBUF' (2#1) [C:/Xilinx/Vivado/2016.4/scripts/rt/data/unisim_comp.v:268]
INFO: [Synth 8-638] synthesizing module 'PS7' [C:/Xilinx/Vivado/2016.4/scripts/rt/data/unisim_comp.v:33182]
INFO: [Synth 8-256] done synthesizing module 'PS7' (3#1) [C:/Xilinx/Vivado/2016.4/scripts/rt/data/unisim_comp.v:33182]
INFO: [Synth 8-256] done synthesizing module 'processing_system7_v5_5_processing_system7' (4#1) [d:/Projects/2018/Zybo-Z7-20-pcam-5c/src/bd/system/ip/system_processing_system7_0_0/hdl/verilog/processing_system7_v5_5_processing_system7.v:161]
INFO: [Synth 8-256] done synthesizing module 'system_processing_system7_0_0' (5#1) [d:/Projects/2018/Zybo-Z7-20-pcam-5c/src/bd/system/ip/system_processing_system7_0_0/synth/system_processing_system7_0_0.v:60]
Finished RTL Elaboration : Time (s): cpu = 00:00:10 ; elapsed = 00:00:13 . Memory (MB): peak = 360.719 ; gain = 150.656
Finished RTL Optimization Phase 1 : Time (s): cpu = 00:00:11 ; elapsed = 00:00:13 . Memory (MB): peak = 360.719 ; gain = 150.656
INFO: [Device 21-403] Loading part xc7z020clg400-1
Constraint Validation Runtime : Time (s): cpu = 00:00:00 ; elapsed = 00:00:00.078 . Memory (MB): peak = 609.953 ; gain = 0.000
Finished Constraint Validation : Time (s): cpu = 00:00:25 ; elapsed = 00:00:37 . Memory (MB): peak = 609.953 ; gain = 399.891
Finished Loading Part and Timing Information : Time (s): cpu = 00:00:25 ; elapsed = 00:00:37 . Memory (MB): peak = 609.953 ; gain = 399.891
Finished applying 'set_property' XDC Constraints : Time (s): cpu = 00:00:25 ; elapsed = 00:00:38 . Memory (MB): peak = 609.953 ; gain = 399.891
Finished RTL Optimization Phase 2 : Time (s): cpu = 00:00:26 ; elapsed = 00:00:39 . Memory (MB): peak = 609.953 ; gain = 399.891
Finished Cross Boundary and Area Optimization : Time (s): cpu = 00:00:27 ; elapsed = 00:00:39 . Memory (MB): peak = 609.953 ; gain = 399.891
Finished Applying XDC Timing Constraints : Time (s): cpu = 00:00:40 ; elapsed = 00:00:54 . Memory (MB): peak = 810.961 ; gain = 600.898
Finished Timing Optimization : Time (s): cpu = 00:00:40 ; elapsed = 00:00:54 . Memory (MB): peak = 827.941 ; gain = 617.879
Finished Technology Mapping : Time (s): cpu = 00:00:42 ; elapsed = 00:00:56 . Memory (MB): peak = 832.273 ; gain = 622.211
Finished IO Insertion : Time (s): cpu = 00:00:44 ; elapsed = 00:00:58 . Memory (MB): peak = 832.273 ; gain = 622.211
Finished Renaming Generated Instances : Time (s): cpu = 00:00:44 ; elapsed = 00:00:58 . Memory (MB): peak = 832.273 ; gain = 622.211
Finished Rebuilding User Hierarchy : Time (s): cpu = 00:00:44 ; elapsed = 00:00:58 . Memory (MB): peak = 832.273 ; gain = 622.211
Finished Renaming Generated Ports : Time (s): cpu = 00:00:44 ; elapsed = 00:00:58 . Memory (MB): peak = 832.273 ; gain = 622.211
Finished Handling Custom Attributes : Time (s): cpu = 00:00:44 ; elapsed = 00:00:58 . Memory (MB): peak = 832.273 ; gain = 622.211
Finished Renaming Generated Nets : Time (s): cpu = 00:00:44 ; elapsed = 00:00:58 . Memory (MB): peak = 832.273 ; gain = 622.211

Report Cell Usage: 
+------+------+------+
|      |Cell  |Count |
+------+------+------+
|1     |BIBUF |   130|
|2     |BUFG  |     1|
|3     |LUT1  |    50|
|4     |PS7   |     1|
+------+------+------+
Finished Writing Synthesis Report : Time (s): cpu = 00:00:44 ; elapsed = 00:00:58 . Memory (MB): peak = 832.273 ; gain = 622.211
synth_design: Time (s): cpu = 00:00:44 ; elapsed = 00:00:56 . Memory (MB): peak = 855.457 ; gain = 612.410
