
*** Running vivado
    with args -log system_rst_vid_clk_dyn_0.vds -m64 -product Vivado -mode batch -messageDb vivado.pb -notrace -source system_rst_vid_clk_dyn_0.tcl


****** Vivado v2016.4 (64-bit)
  **** SW Build 1756540 on Mon Jan 23 19:11:23 MST 2017
  **** IP Build 1755317 on Mon Jan 23 20:30:07 MST 2017
    ** Copyright 1986-2016 Xilinx, Inc. All Rights Reserved.

source system_rst_vid_clk_dyn_0.tcl -notrace
Starting RTL Elaboration : Time (s): cpu = 00:00:12 ; elapsed = 00:00:18 . Memory (MB): peak = 360.906 ; gain = 151.219
INFO: [Synth 8-638] synthesizing module 'system_rst_vid_clk_dyn_0' [d:/Projects/2018/Infa-red-based-Image-processing-Zybo/src/bd/system/ip/system_rst_vid_clk_dyn_0/synth/system_rst_vid_clk_dyn_0.vhd:71]
INFO: [Synth 8-638] synthesizing module 'proc_sys_reset' [d:/Projects/2018/Infa-red-based-Image-processing-Zybo/src/bd/system/ipshared/04b4/hdl/proc_sys_reset_v5_0_vh_rfs.vhd:1323]
INFO: [Synth 8-638] synthesizing module 'lpf' [d:/Projects/2018/Infa-red-based-Image-processing-Zybo/src/bd/system/ipshared/04b4/hdl/proc_sys_reset_v5_0_vh_rfs.vhd:816]
INFO: [Synth 8-638] synthesizing module 'SRL16' [C:/Xilinx/Vivado/2016.4/scripts/rt/data/unisim_comp.v:43312]
INFO: [Synth 8-256] done synthesizing module 'SRL16' (1#1) [C:/Xilinx/Vivado/2016.4/scripts/rt/data/unisim_comp.v:43312]
INFO: [Synth 8-638] synthesizing module 'cdc_sync' [d:/Projects/2018/Infa-red-based-Image-processing-Zybo/src/bd/system/ipshared/52cb/hdl/lib_cdc_v1_0_rfs.vhd:106]
INFO: [Synth 8-256] done synthesizing module 'cdc_sync' (2#1) [d:/Projects/2018/Infa-red-based-Image-processing-Zybo/src/bd/system/ipshared/52cb/hdl/lib_cdc_v1_0_rfs.vhd:106]
INFO: [Synth 8-256] done synthesizing module 'lpf' (3#1) [d:/Projects/2018/Infa-red-based-Image-processing-Zybo/src/bd/system/ipshared/04b4/hdl/proc_sys_reset_v5_0_vh_rfs.vhd:816]
INFO: [Synth 8-638] synthesizing module 'sequence_psr' [d:/Projects/2018/Infa-red-based-Image-processing-Zybo/src/bd/system/ipshared/04b4/hdl/proc_sys_reset_v5_0_vh_rfs.vhd:301]
INFO: [Synth 8-638] synthesizing module 'upcnt_n' [d:/Projects/2018/Infa-red-based-Image-processing-Zybo/src/bd/system/ipshared/04b4/hdl/proc_sys_reset_v5_0_vh_rfs.vhd:125]
INFO: [Synth 8-256] done synthesizing module 'upcnt_n' (4#1) [d:/Projects/2018/Infa-red-based-Image-processing-Zybo/src/bd/system/ipshared/04b4/hdl/proc_sys_reset_v5_0_vh_rfs.vhd:125]
INFO: [Synth 8-256] done synthesizing module 'sequence_psr' (5#1) [d:/Projects/2018/Infa-red-based-Image-processing-Zybo/src/bd/system/ipshared/04b4/hdl/proc_sys_reset_v5_0_vh_rfs.vhd:301]
INFO: [Synth 8-256] done synthesizing module 'proc_sys_reset' (6#1) [d:/Projects/2018/Infa-red-based-Image-processing-Zybo/src/bd/system/ipshared/04b4/hdl/proc_sys_reset_v5_0_vh_rfs.vhd:1323]
INFO: [Synth 8-256] done synthesizing module 'system_rst_vid_clk_dyn_0' (7#1) [d:/Projects/2018/Infa-red-based-Image-processing-Zybo/src/bd/system/ip/system_rst_vid_clk_dyn_0/synth/system_rst_vid_clk_dyn_0.vhd:71]
Finished RTL Elaboration : Time (s): cpu = 00:00:13 ; elapsed = 00:00:20 . Memory (MB): peak = 399.211 ; gain = 189.523
Finished RTL Optimization Phase 1 : Time (s): cpu = 00:00:14 ; elapsed = 00:00:20 . Memory (MB): peak = 399.211 ; gain = 189.523
INFO: [Device 21-403] Loading part xc7z020clg400-1
Constraint Validation Runtime : Time (s): cpu = 00:00:00 ; elapsed = 00:00:00.028 . Memory (MB): peak = 723.859 ; gain = 0.000
Finished Constraint Validation : Time (s): cpu = 00:00:27 ; elapsed = 00:00:40 . Memory (MB): peak = 723.859 ; gain = 514.172
Finished Loading Part and Timing Information : Time (s): cpu = 00:00:27 ; elapsed = 00:00:40 . Memory (MB): peak = 723.859 ; gain = 514.172
Finished applying 'set_property' XDC Constraints : Time (s): cpu = 00:00:27 ; elapsed = 00:00:40 . Memory (MB): peak = 723.859 ; gain = 514.172
Finished RTL Optimization Phase 2 : Time (s): cpu = 00:00:28 ; elapsed = 00:00:41 . Memory (MB): peak = 723.859 ; gain = 514.172
Finished Cross Boundary and Area Optimization : Time (s): cpu = 00:00:28 ; elapsed = 00:00:41 . Memory (MB): peak = 723.859 ; gain = 514.172
Finished Applying XDC Timing Constraints : Time (s): cpu = 00:00:42 ; elapsed = 00:00:57 . Memory (MB): peak = 723.859 ; gain = 514.172
Finished Timing Optimization : Time (s): cpu = 00:00:42 ; elapsed = 00:00:57 . Memory (MB): peak = 723.859 ; gain = 514.172
Finished Technology Mapping : Time (s): cpu = 00:00:42 ; elapsed = 00:00:57 . Memory (MB): peak = 723.859 ; gain = 514.172
Finished IO Insertion : Time (s): cpu = 00:00:43 ; elapsed = 00:00:58 . Memory (MB): peak = 723.859 ; gain = 514.172
Finished Renaming Generated Instances : Time (s): cpu = 00:00:43 ; elapsed = 00:00:58 . Memory (MB): peak = 723.859 ; gain = 514.172
Finished Rebuilding User Hierarchy : Time (s): cpu = 00:00:43 ; elapsed = 00:00:58 . Memory (MB): peak = 723.859 ; gain = 514.172
Finished Renaming Generated Ports : Time (s): cpu = 00:00:43 ; elapsed = 00:00:58 . Memory (MB): peak = 723.859 ; gain = 514.172
Finished Handling Custom Attributes : Time (s): cpu = 00:00:43 ; elapsed = 00:00:58 . Memory (MB): peak = 723.859 ; gain = 514.172
Finished Renaming Generated Nets : Time (s): cpu = 00:00:43 ; elapsed = 00:00:58 . Memory (MB): peak = 723.859 ; gain = 514.172

Report Cell Usage: 
+------+------+------+
|      |Cell  |Count |
+------+------+------+
|1     |LUT1  |     5|
|2     |LUT2  |     9|
|3     |LUT3  |     1|
|4     |LUT4  |     6|
|5     |LUT5  |     3|
|6     |LUT6  |     1|
|7     |SRL16 |     1|
|8     |FDR   |     8|
|9     |FDRE  |    28|
|10    |FDSE  |     4|
+------+------+------+
Finished Writing Synthesis Report : Time (s): cpu = 00:00:43 ; elapsed = 00:00:58 . Memory (MB): peak = 723.859 ; gain = 514.172
synth_design: Time (s): cpu = 00:00:37 ; elapsed = 00:00:48 . Memory (MB): peak = 723.859 ; gain = 445.414
