
*** Running vivado
    with args -log system_axi_vdma_0_0.vds -m64 -product Vivado -mode batch -messageDb vivado.pb -notrace -source system_axi_vdma_0_0.tcl


****** Vivado v2016.4 (64-bit)
  **** SW Build 1756540 on Mon Jan 23 19:11:23 MST 2017
  **** IP Build 1755317 on Mon Jan 23 20:30:07 MST 2017
    ** Copyright 1986-2016 Xilinx, Inc. All Rights Reserved.

source system_axi_vdma_0_0.tcl -notrace
Starting RTL Elaboration : Time (s): cpu = 00:00:11 ; elapsed = 00:00:14 . Memory (MB): peak = 429.648 ; gain = 219.219
INFO: [Synth 8-638] synthesizing module 'system_axi_vdma_0_0' [d:/Projects/2018/Infa-red-based-Image-processing-Zybo/src/bd/system/ip/system_axi_vdma_0_0/synth/system_axi_vdma_0_0.vhd:131]
INFO: [Synth 8-638] synthesizing module 'axi_vdma' [d:/Projects/2018/Infa-red-based-Image-processing-Zybo/src/bd/system/ipshared/ed72/hdl/axi_vdma_v6_2_rfs.vhd:69480]
INFO: [Synth 8-638] synthesizing module 'axi_vdma_rst_module' [d:/Projects/2018/Infa-red-based-Image-processing-Zybo/src/bd/system/ipshared/ed72/hdl/axi_vdma_v6_2_rfs.vhd:16457]
INFO: [Synth 8-638] synthesizing module 'axi_vdma_reset' [d:/Projects/2018/Infa-red-based-Image-processing-Zybo/src/bd/system/ipshared/ed72/hdl/axi_vdma_v6_2_rfs.vhd:14862]
INFO: [Synth 8-638] synthesizing module 'cdc_sync' [d:/Projects/2018/Infa-red-based-Image-processing-Zybo/src/bd/system/ipshared/52cb/hdl/lib_cdc_v1_0_rfs.vhd:106]
INFO: [Synth 8-256] done synthesizing module 'cdc_sync' (1#1) [d:/Projects/2018/Infa-red-based-Image-processing-Zybo/src/bd/system/ipshared/52cb/hdl/lib_cdc_v1_0_rfs.vhd:106]
INFO: [Synth 8-638] synthesizing module 'cdc_sync__parameterized0' [d:/Projects/2018/Infa-red-based-Image-processing-Zybo/src/bd/system/ipshared/52cb/hdl/lib_cdc_v1_0_rfs.vhd:106]
INFO: [Synth 8-256] done synthesizing module 'cdc_sync__parameterized0' (1#1) [d:/Projects/2018/Infa-red-based-Image-processing-Zybo/src/bd/system/ipshared/52cb/hdl/lib_cdc_v1_0_rfs.vhd:106]
INFO: [Synth 8-638] synthesizing module 'cdc_sync__parameterized1' [d:/Projects/2018/Infa-red-based-Image-processing-Zybo/src/bd/system/ipshared/52cb/hdl/lib_cdc_v1_0_rfs.vhd:106]
INFO: [Synth 8-256] done synthesizing module 'cdc_sync__parameterized1' (1#1) [d:/Projects/2018/Infa-red-based-Image-processing-Zybo/src/bd/system/ipshared/52cb/hdl/lib_cdc_v1_0_rfs.vhd:106]
INFO: [Synth 8-638] synthesizing module 'cdc_sync__parameterized2' [d:/Projects/2018/Infa-red-based-Image-processing-Zybo/src/bd/system/ipshared/52cb/hdl/lib_cdc_v1_0_rfs.vhd:106]
INFO: [Synth 8-256] done synthesizing module 'cdc_sync__parameterized2' (1#1) [d:/Projects/2018/Infa-red-based-Image-processing-Zybo/src/bd/system/ipshared/52cb/hdl/lib_cdc_v1_0_rfs.vhd:106]
INFO: [Synth 8-638] synthesizing module 'cdc_sync__parameterized3' [d:/Projects/2018/Infa-red-based-Image-processing-Zybo/src/bd/system/ipshared/52cb/hdl/lib_cdc_v1_0_rfs.vhd:106]
INFO: [Synth 8-256] done synthesizing module 'cdc_sync__parameterized3' (1#1) [d:/Projects/2018/Infa-red-based-Image-processing-Zybo/src/bd/system/ipshared/52cb/hdl/lib_cdc_v1_0_rfs.vhd:106]
INFO: [Synth 8-638] synthesizing module 'cdc_sync__parameterized4' [d:/Projects/2018/Infa-red-based-Image-processing-Zybo/src/bd/system/ipshared/52cb/hdl/lib_cdc_v1_0_rfs.vhd:106]
INFO: [Synth 8-256] done synthesizing module 'cdc_sync__parameterized4' (1#1) [d:/Projects/2018/Infa-red-based-Image-processing-Zybo/src/bd/system/ipshared/52cb/hdl/lib_cdc_v1_0_rfs.vhd:106]
INFO: [Synth 8-638] synthesizing module 'cdc_sync__parameterized5' [d:/Projects/2018/Infa-red-based-Image-processing-Zybo/src/bd/system/ipshared/52cb/hdl/lib_cdc_v1_0_rfs.vhd:106]
INFO: [Synth 8-256] done synthesizing module 'cdc_sync__parameterized5' (1#1) [d:/Projects/2018/Infa-red-based-Image-processing-Zybo/src/bd/system/ipshared/52cb/hdl/lib_cdc_v1_0_rfs.vhd:106]
INFO: [Synth 8-256] done synthesizing module 'axi_vdma_reset' (2#1) [d:/Projects/2018/Infa-red-based-Image-processing-Zybo/src/bd/system/ipshared/ed72/hdl/axi_vdma_v6_2_rfs.vhd:14862]
INFO: [Synth 8-256] done synthesizing module 'axi_vdma_rst_module' (3#1) [d:/Projects/2018/Infa-red-based-Image-processing-Zybo/src/bd/system/ipshared/ed72/hdl/axi_vdma_v6_2_rfs.vhd:16457]
INFO: [Synth 8-638] synthesizing module 'axi_vdma_reg_if' [d:/Projects/2018/Infa-red-based-Image-processing-Zybo/src/bd/system/ipshared/ed72/hdl/axi_vdma_v6_2_rfs.vhd:39644]
INFO: [Synth 8-638] synthesizing module 'axi_vdma_lite_if' [d:/Projects/2018/Infa-red-based-Image-processing-Zybo/src/bd/system/ipshared/ed72/hdl/axi_vdma_v6_2_rfs.vhd:16952]
INFO: [Synth 8-638] synthesizing module 'cdc_sync__parameterized6' [d:/Projects/2018/Infa-red-based-Image-processing-Zybo/src/bd/system/ipshared/52cb/hdl/lib_cdc_v1_0_rfs.vhd:106]
INFO: [Synth 8-256] done synthesizing module 'cdc_sync__parameterized6' (3#1) [d:/Projects/2018/Infa-red-based-Image-processing-Zybo/src/bd/system/ipshared/52cb/hdl/lib_cdc_v1_0_rfs.vhd:106]
INFO: [Synth 8-638] synthesizing module 'cdc_sync__parameterized7' [d:/Projects/2018/Infa-red-based-Image-processing-Zybo/src/bd/system/ipshared/52cb/hdl/lib_cdc_v1_0_rfs.vhd:106]
INFO: [Synth 8-256] done synthesizing module 'cdc_sync__parameterized7' (3#1) [d:/Projects/2018/Infa-red-based-Image-processing-Zybo/src/bd/system/ipshared/52cb/hdl/lib_cdc_v1_0_rfs.vhd:106]
INFO: [Synth 8-256] done synthesizing module 'axi_vdma_lite_if' (4#1) [d:/Projects/2018/Infa-red-based-Image-processing-Zybo/src/bd/system/ipshared/ed72/hdl/axi_vdma_v6_2_rfs.vhd:16952]
INFO: [Synth 8-638] synthesizing module 'cdc_sync__parameterized8' [d:/Projects/2018/Infa-red-based-Image-processing-Zybo/src/bd/system/ipshared/52cb/hdl/lib_cdc_v1_0_rfs.vhd:106]
INFO: [Synth 8-256] done synthesizing module 'cdc_sync__parameterized8' (4#1) [d:/Projects/2018/Infa-red-based-Image-processing-Zybo/src/bd/system/ipshared/52cb/hdl/lib_cdc_v1_0_rfs.vhd:106]
INFO: [Synth 8-638] synthesizing module 'cdc_sync__parameterized9' [d:/Projects/2018/Infa-red-based-Image-processing-Zybo/src/bd/system/ipshared/52cb/hdl/lib_cdc_v1_0_rfs.vhd:106]
INFO: [Synth 8-256] done synthesizing module 'cdc_sync__parameterized9' (4#1) [d:/Projects/2018/Infa-red-based-Image-processing-Zybo/src/bd/system/ipshared/52cb/hdl/lib_cdc_v1_0_rfs.vhd:106]
INFO: [Synth 8-256] done synthesizing module 'axi_vdma_reg_if' (5#1) [d:/Projects/2018/Infa-red-based-Image-processing-Zybo/src/bd/system/ipshared/ed72/hdl/axi_vdma_v6_2_rfs.vhd:39644]
INFO: [Synth 8-638] synthesizing module 'axi_vdma_intrpt' [d:/Projects/2018/Infa-red-based-Image-processing-Zybo/src/bd/system/ipshared/ed72/hdl/axi_vdma_v6_2_rfs.vhd:40370]
INFO: [Synth 8-256] done synthesizing module 'axi_vdma_intrpt' (6#1) [d:/Projects/2018/Infa-red-based-Image-processing-Zybo/src/bd/system/ipshared/ed72/hdl/axi_vdma_v6_2_rfs.vhd:40370]
INFO: [Synth 8-638] synthesizing module 'axi_vdma_mm2s_axis_dwidth_converter' [d:/Projects/2018/Infa-red-based-Image-processing-Zybo/src/bd/system/ipshared/ed72/hdl/axi_vdma_v6_2_rfs.vhd:68170]
INFO: [Synth 8-638] synthesizing module 'axi_vdma_v6_2_10_axis_dwidth_converter_v1_0_axis_dwidth_converter' [d:/Projects/2018/Infa-red-based-Image-processing-Zybo/src/bd/system/ipshared/ed72/hdl/axi_vdma_v6_2_rfs.v:1938]
INFO: [Synth 8-638] synthesizing module 'axi_vdma_v6_2_10_axis_dwidth_converter_v1_0_axisc_upsizer' [d:/Projects/2018/Infa-red-based-Image-processing-Zybo/src/bd/system/ipshared/ed72/hdl/axi_vdma_v6_2_rfs.v:1191]
INFO: [Synth 8-256] done synthesizing module 'axi_vdma_v6_2_10_axis_dwidth_converter_v1_0_axisc_upsizer' (7#1) [d:/Projects/2018/Infa-red-based-Image-processing-Zybo/src/bd/system/ipshared/ed72/hdl/axi_vdma_v6_2_rfs.v:1191]
INFO: [Synth 8-638] synthesizing module 'axi_vdma_v6_2_10_axis_dwidth_converter_v1_0_axisc_downsizer' [d:/Projects/2018/Infa-red-based-Image-processing-Zybo/src/bd/system/ipshared/ed72/hdl/axi_vdma_v6_2_rfs.v:1558]
INFO: [Synth 8-256] done synthesizing module 'axi_vdma_v6_2_10_axis_dwidth_converter_v1_0_axisc_downsizer' (8#1) [d:/Projects/2018/Infa-red-based-Image-processing-Zybo/src/bd/system/ipshared/ed72/hdl/axi_vdma_v6_2_rfs.v:1558]
INFO: [Synth 8-638] synthesizing module 'axi_vdma_v6_2_10_axis_register_slice_v1_0_axis_register_slice' [d:/Projects/2018/Infa-red-based-Image-processing-Zybo/src/bd/system/ipshared/ed72/hdl/axi_vdma_v6_2_rfs.v:979]
INFO: [Synth 8-638] synthesizing module 'axi_vdma_v6_2_10_axis_infrastructure_v1_0_util_axis2vector' [d:/Projects/2018/Infa-red-based-Image-processing-Zybo/src/bd/system/ipshared/ed72/hdl/axi_vdma_v6_2_rfs.v:63]
INFO: [Synth 8-256] done synthesizing module 'axi_vdma_v6_2_10_axis_infrastructure_v1_0_util_axis2vector' (9#1) [d:/Projects/2018/Infa-red-based-Image-processing-Zybo/src/bd/system/ipshared/ed72/hdl/axi_vdma_v6_2_rfs.v:63]
INFO: [Synth 8-638] synthesizing module 'axi_vdma_v6_2_10_axis_register_slice_v1_0_axisc_register_slice' [d:/Projects/2018/Infa-red-based-Image-processing-Zybo/src/bd/system/ipshared/ed72/hdl/axi_vdma_v6_2_rfs.v:391]
INFO: [Synth 8-256] done synthesizing module 'axi_vdma_v6_2_10_axis_register_slice_v1_0_axisc_register_slice' (10#1) [d:/Projects/2018/Infa-red-based-Image-processing-Zybo/src/bd/system/ipshared/ed72/hdl/axi_vdma_v6_2_rfs.v:391]
INFO: [Synth 8-638] synthesizing module 'axi_vdma_v6_2_10_axis_infrastructure_v1_0_util_vector2axis' [d:/Projects/2018/Infa-red-based-Image-processing-Zybo/src/bd/system/ipshared/ed72/hdl/axi_vdma_v6_2_rfs.v:228]
INFO: [Synth 8-256] done synthesizing module 'axi_vdma_v6_2_10_axis_infrastructure_v1_0_util_vector2axis' (11#1) [d:/Projects/2018/Infa-red-based-Image-processing-Zybo/src/bd/system/ipshared/ed72/hdl/axi_vdma_v6_2_rfs.v:228]
INFO: [Synth 8-256] done synthesizing module 'axi_vdma_v6_2_10_axis_register_slice_v1_0_axis_register_slice' (12#1) [d:/Projects/2018/Infa-red-based-Image-processing-Zybo/src/bd/system/ipshared/ed72/hdl/axi_vdma_v6_2_rfs.v:979]
INFO: [Synth 8-638] synthesizing module 'axi_vdma_v6_2_10_axis_register_slice_v1_0_axis_register_slice__parameterized0' [d:/Projects/2018/Infa-red-based-Image-processing-Zybo/src/bd/system/ipshared/ed72/hdl/axi_vdma_v6_2_rfs.v:979]
INFO: [Synth 8-638] synthesizing module 'axi_vdma_v6_2_10_axis_infrastructure_v1_0_util_axis2vector__parameterized0' [d:/Projects/2018/Infa-red-based-Image-processing-Zybo/src/bd/system/ipshared/ed72/hdl/axi_vdma_v6_2_rfs.v:63]
INFO: [Synth 8-256] done synthesizing module 'axi_vdma_v6_2_10_axis_infrastructure_v1_0_util_axis2vector__parameterized0' (12#1) [d:/Projects/2018/Infa-red-based-Image-processing-Zybo/src/bd/system/ipshared/ed72/hdl/axi_vdma_v6_2_rfs.v:63]
INFO: [Synth 8-638] synthesizing module 'axi_vdma_v6_2_10_axis_register_slice_v1_0_axisc_register_slice__parameterized0' [d:/Projects/2018/Infa-red-based-Image-processing-Zybo/src/bd/system/ipshared/ed72/hdl/axi_vdma_v6_2_rfs.v:391]
INFO: [Synth 8-256] done synthesizing module 'axi_vdma_v6_2_10_axis_register_slice_v1_0_axisc_register_slice__parameterized0' (12#1) [d:/Projects/2018/Infa-red-based-Image-processing-Zybo/src/bd/system/ipshared/ed72/hdl/axi_vdma_v6_2_rfs.v:391]
INFO: [Synth 8-638] synthesizing module 'axi_vdma_v6_2_10_axis_infrastructure_v1_0_util_vector2axis__parameterized0' [d:/Projects/2018/Infa-red-based-Image-processing-Zybo/src/bd/system/ipshared/ed72/hdl/axi_vdma_v6_2_rfs.v:228]
INFO: [Synth 8-256] done synthesizing module 'axi_vdma_v6_2_10_axis_infrastructure_v1_0_util_vector2axis__parameterized0' (12#1) [d:/Projects/2018/Infa-red-based-Image-processing-Zybo/src/bd/system/ipshared/ed72/hdl/axi_vdma_v6_2_rfs.v:228]
INFO: [Synth 8-256] done synthesizing module 'axi_vdma_v6_2_10_axis_register_slice_v1_0_axis_register_slice__parameterized0' (12#1) [d:/Projects/2018/Infa-red-based-Image-processing-Zybo/src/bd/system/ipshared/ed72/hdl/axi_vdma_v6_2_rfs.v:979]
INFO: [Synth 8-256] done synthesizing module 'axi_vdma_v6_2_10_axis_dwidth_converter_v1_0_axis_dwidth_converter' (13#1) [d:/Projects/2018/Infa-red-based-Image-processing-Zybo/src/bd/system/ipshared/ed72/hdl/axi_vdma_v6_2_rfs.v:1938]
INFO: [Synth 8-256] done synthesizing module 'axi_vdma_mm2s_axis_dwidth_converter' (14#1) [d:/Projects/2018/Infa-red-based-Image-processing-Zybo/src/bd/system/ipshared/ed72/hdl/axi_vdma_v6_2_rfs.vhd:68170]
INFO: [Synth 8-638] synthesizing module 'axi_vdma_reg_module' [d:/Projects/2018/Infa-red-based-Image-processing-Zybo/src/bd/system/ipshared/ed72/hdl/axi_vdma_v6_2_rfs.vhd:38829]
INFO: [Synth 8-638] synthesizing module 'axi_vdma_register' [d:/Projects/2018/Infa-red-based-Image-processing-Zybo/src/bd/system/ipshared/ed72/hdl/axi_vdma_v6_2_rfs.vhd:18712]
INFO: [Synth 8-256] done synthesizing module 'axi_vdma_register' (15#1) [d:/Projects/2018/Infa-red-based-Image-processing-Zybo/src/bd/system/ipshared/ed72/hdl/axi_vdma_v6_2_rfs.vhd:18712]
INFO: [Synth 8-638] synthesizing module 'axi_vdma_regdirect' [d:/Projects/2018/Infa-red-based-Image-processing-Zybo/src/bd/system/ipshared/ed72/hdl/axi_vdma_v6_2_rfs.vhd:20526]
INFO: [Synth 8-256] done synthesizing module 'axi_vdma_regdirect' (16#1) [d:/Projects/2018/Infa-red-based-Image-processing-Zybo/src/bd/system/ipshared/ed72/hdl/axi_vdma_v6_2_rfs.vhd:20526]
INFO: [Synth 8-638] synthesizing module 'axi_vdma_reg_mux' [d:/Projects/2018/Infa-red-based-Image-processing-Zybo/src/bd/system/ipshared/ed72/hdl/axi_vdma_v6_2_rfs.vhd:29591]
INFO: [Synth 8-256] done synthesizing module 'axi_vdma_reg_mux' (17#1) [d:/Projects/2018/Infa-red-based-Image-processing-Zybo/src/bd/system/ipshared/ed72/hdl/axi_vdma_v6_2_rfs.vhd:29591]
INFO: [Synth 8-256] done synthesizing module 'axi_vdma_reg_module' (18#1) [d:/Projects/2018/Infa-red-based-Image-processing-Zybo/src/bd/system/ipshared/ed72/hdl/axi_vdma_v6_2_rfs.vhd:38829]
INFO: [Synth 8-638] synthesizing module 'axi_vdma_mngr' [d:/Projects/2018/Infa-red-based-Image-processing-Zybo/src/bd/system/ipshared/ed72/hdl/axi_vdma_v6_2_rfs.vhd:63815]
INFO: [Synth 8-638] synthesizing module 'axi_vdma_sm' [d:/Projects/2018/Infa-red-based-Image-processing-Zybo/src/bd/system/ipshared/ed72/hdl/axi_vdma_v6_2_rfs.vhd:61558]
INFO: [Synth 8-256] done synthesizing module 'axi_vdma_sm' (19#1) [d:/Projects/2018/Infa-red-based-Image-processing-Zybo/src/bd/system/ipshared/ed72/hdl/axi_vdma_v6_2_rfs.vhd:61558]
INFO: [Synth 8-638] synthesizing module 'axi_vdma_cmdsts_if' [d:/Projects/2018/Infa-red-based-Image-processing-Zybo/src/bd/system/ipshared/ed72/hdl/axi_vdma_v6_2_rfs.vhd:62697]
INFO: [Synth 8-256] done synthesizing module 'axi_vdma_cmdsts_if' (20#1) [d:/Projects/2018/Infa-red-based-Image-processing-Zybo/src/bd/system/ipshared/ed72/hdl/axi_vdma_v6_2_rfs.vhd:62697]
INFO: [Synth 8-638] synthesizing module 'axi_vdma_sts_mngr' [d:/Projects/2018/Infa-red-based-Image-processing-Zybo/src/bd/system/ipshared/ed72/hdl/axi_vdma_v6_2_rfs.vhd:63204]
INFO: [Synth 8-256] done synthesizing module 'axi_vdma_sts_mngr' (21#1) [d:/Projects/2018/Infa-red-based-Image-processing-Zybo/src/bd/system/ipshared/ed72/hdl/axi_vdma_v6_2_rfs.vhd:63204]
INFO: [Synth 8-638] synthesizing module 'axi_vdma_vidreg_module' [d:/Projects/2018/Infa-red-based-Image-processing-Zybo/src/bd/system/ipshared/ed72/hdl/axi_vdma_v6_2_rfs.vhd:55739]
INFO: [Synth 8-638] synthesizing module 'axi_vdma_vregister' [d:/Projects/2018/Infa-red-based-Image-processing-Zybo/src/bd/system/ipshared/ed72/hdl/axi_vdma_v6_2_rfs.vhd:53625]
INFO: [Synth 8-256] done synthesizing module 'axi_vdma_vregister' (22#1) [d:/Projects/2018/Infa-red-based-Image-processing-Zybo/src/bd/system/ipshared/ed72/hdl/axi_vdma_v6_2_rfs.vhd:53625]
INFO: [Synth 8-638] synthesizing module 'axi_vdma_vaddrreg_mux' [d:/Projects/2018/Infa-red-based-Image-processing-Zybo/src/bd/system/ipshared/ed72/hdl/axi_vdma_v6_2_rfs.vhd:55216]
INFO: [Synth 8-256] done synthesizing module 'axi_vdma_vaddrreg_mux' (23#1) [d:/Projects/2018/Infa-red-based-Image-processing-Zybo/src/bd/system/ipshared/ed72/hdl/axi_vdma_v6_2_rfs.vhd:55216]
INFO: [Synth 8-256] done synthesizing module 'axi_vdma_vidreg_module' (24#1) [d:/Projects/2018/Infa-red-based-Image-processing-Zybo/src/bd/system/ipshared/ed72/hdl/axi_vdma_v6_2_rfs.vhd:55739]
INFO: [Synth 8-638] synthesizing module 'axi_vdma_genlock_mngr' [d:/Projects/2018/Infa-red-based-Image-processing-Zybo/src/bd/system/ipshared/ed72/hdl/axi_vdma_v6_2_rfs.vhd:58282]
INFO: [Synth 8-638] synthesizing module 'axi_vdma_genlock_mux' [d:/Projects/2018/Infa-red-based-Image-processing-Zybo/src/bd/system/ipshared/ed72/hdl/axi_vdma_v6_2_rfs.vhd:57020]
INFO: [Synth 8-256] done synthesizing module 'axi_vdma_genlock_mux' (25#1) [d:/Projects/2018/Infa-red-based-Image-processing-Zybo/src/bd/system/ipshared/ed72/hdl/axi_vdma_v6_2_rfs.vhd:57020]
INFO: [Synth 8-638] synthesizing module 'axi_vdma_greycoder' [d:/Projects/2018/Infa-red-based-Image-processing-Zybo/src/bd/system/ipshared/ed72/hdl/axi_vdma_v6_2_rfs.vhd:57995]
INFO: [Synth 8-256] done synthesizing module 'axi_vdma_greycoder' (26#1) [d:/Projects/2018/Infa-red-based-Image-processing-Zybo/src/bd/system/ipshared/ed72/hdl/axi_vdma_v6_2_rfs.vhd:57995]
INFO: [Synth 8-638] synthesizing module 'axi_vdma_greycoder__parameterized0' [d:/Projects/2018/Infa-red-based-Image-processing-Zybo/src/bd/system/ipshared/ed72/hdl/axi_vdma_v6_2_rfs.vhd:57995]
INFO: [Synth 8-256] done synthesizing module 'axi_vdma_greycoder__parameterized0' (26#1) [d:/Projects/2018/Infa-red-based-Image-processing-Zybo/src/bd/system/ipshared/ed72/hdl/axi_vdma_v6_2_rfs.vhd:57995]
INFO: [Synth 8-256] done synthesizing module 'axi_vdma_genlock_mngr' (27#1) [d:/Projects/2018/Infa-red-based-Image-processing-Zybo/src/bd/system/ipshared/ed72/hdl/axi_vdma_v6_2_rfs.vhd:58282]
INFO: [Synth 8-256] done synthesizing module 'axi_vdma_mngr' (28#1) [d:/Projects/2018/Infa-red-based-Image-processing-Zybo/src/bd/system/ipshared/ed72/hdl/axi_vdma_v6_2_rfs.vhd:63815]
INFO: [Synth 8-638] synthesizing module 'axi_vdma_fsync_gen' [d:/Projects/2018/Infa-red-based-Image-processing-Zybo/src/bd/system/ipshared/ed72/hdl/axi_vdma_v6_2_rfs.vhd:52754]
INFO: [Synth 8-256] done synthesizing module 'axi_vdma_fsync_gen' (29#1) [d:/Projects/2018/Infa-red-based-Image-processing-Zybo/src/bd/system/ipshared/ed72/hdl/axi_vdma_v6_2_rfs.vhd:52754]
INFO: [Synth 8-638] synthesizing module 'axi_vdma_vid_cdc' [d:/Projects/2018/Infa-red-based-Image-processing-Zybo/src/bd/system/ipshared/ed72/hdl/axi_vdma_v6_2_rfs.vhd:13249]
INFO: [Synth 8-638] synthesizing module 'cdc_sync__parameterized10' [d:/Projects/2018/Infa-red-based-Image-processing-Zybo/src/bd/system/ipshared/52cb/hdl/lib_cdc_v1_0_rfs.vhd:106]
INFO: [Synth 8-256] done synthesizing module 'cdc_sync__parameterized10' (29#1) [d:/Projects/2018/Infa-red-based-Image-processing-Zybo/src/bd/system/ipshared/52cb/hdl/lib_cdc_v1_0_rfs.vhd:106]
INFO: [Synth 8-638] synthesizing module 'cdc_sync__parameterized11' [d:/Projects/2018/Infa-red-based-Image-processing-Zybo/src/bd/system/ipshared/52cb/hdl/lib_cdc_v1_0_rfs.vhd:106]
INFO: [Synth 8-256] done synthesizing module 'cdc_sync__parameterized11' (29#1) [d:/Projects/2018/Infa-red-based-Image-processing-Zybo/src/bd/system/ipshared/52cb/hdl/lib_cdc_v1_0_rfs.vhd:106]
INFO: [Synth 8-638] synthesizing module 'cdc_sync__parameterized12' [d:/Projects/2018/Infa-red-based-Image-processing-Zybo/src/bd/system/ipshared/52cb/hdl/lib_cdc_v1_0_rfs.vhd:106]
INFO: [Synth 8-256] done synthesizing module 'cdc_sync__parameterized12' (29#1) [d:/Projects/2018/Infa-red-based-Image-processing-Zybo/src/bd/system/ipshared/52cb/hdl/lib_cdc_v1_0_rfs.vhd:106]
INFO: [Synth 8-638] synthesizing module 'cdc_sync__parameterized13' [d:/Projects/2018/Infa-red-based-Image-processing-Zybo/src/bd/system/ipshared/52cb/hdl/lib_cdc_v1_0_rfs.vhd:106]
INFO: [Synth 8-256] done synthesizing module 'cdc_sync__parameterized13' (29#1) [d:/Projects/2018/Infa-red-based-Image-processing-Zybo/src/bd/system/ipshared/52cb/hdl/lib_cdc_v1_0_rfs.vhd:106]
INFO: [Synth 8-638] synthesizing module 'cdc_sync__parameterized14' [d:/Projects/2018/Infa-red-based-Image-processing-Zybo/src/bd/system/ipshared/52cb/hdl/lib_cdc_v1_0_rfs.vhd:106]
INFO: [Synth 8-256] done synthesizing module 'cdc_sync__parameterized14' (29#1) [d:/Projects/2018/Infa-red-based-Image-processing-Zybo/src/bd/system/ipshared/52cb/hdl/lib_cdc_v1_0_rfs.vhd:106]
INFO: [Synth 8-638] synthesizing module 'cdc_sync__parameterized15' [d:/Projects/2018/Infa-red-based-Image-processing-Zybo/src/bd/system/ipshared/52cb/hdl/lib_cdc_v1_0_rfs.vhd:106]
INFO: [Synth 8-256] done synthesizing module 'cdc_sync__parameterized15' (29#1) [d:/Projects/2018/Infa-red-based-Image-processing-Zybo/src/bd/system/ipshared/52cb/hdl/lib_cdc_v1_0_rfs.vhd:106]
INFO: [Synth 8-256] done synthesizing module 'axi_vdma_vid_cdc' (30#1) [d:/Projects/2018/Infa-red-based-Image-processing-Zybo/src/bd/system/ipshared/ed72/hdl/axi_vdma_v6_2_rfs.vhd:13249]
INFO: [Synth 8-638] synthesizing module 'axi_vdma_sof_gen' [d:/Projects/2018/Infa-red-based-Image-processing-Zybo/src/bd/system/ipshared/ed72/hdl/axi_vdma_v6_2_rfs.vhd:40980]
INFO: [Synth 8-256] done synthesizing module 'axi_vdma_sof_gen' (31#1) [d:/Projects/2018/Infa-red-based-Image-processing-Zybo/src/bd/system/ipshared/ed72/hdl/axi_vdma_v6_2_rfs.vhd:40980]
INFO: [Synth 8-638] synthesizing module 'axi_vdma_mm2s_linebuf' [d:/Projects/2018/Infa-red-based-Image-processing-Zybo/src/bd/system/ipshared/ed72/hdl/axi_vdma_v6_2_rfs.vhd:45948]
INFO: [Synth 8-638] synthesizing module 'axi_vdma_afifo_builtin' [d:/Projects/2018/Infa-red-based-Image-processing-Zybo/src/bd/system/ipshared/ed72/hdl/axi_vdma_v6_2_rfs.vhd:43237]
INFO: [Synth 8-256] done synthesizing module 'axi_vdma_afifo_builtin' (42#1) [d:/Projects/2018/Infa-red-based-Image-processing-Zybo/src/bd/system/ipshared/ed72/hdl/axi_vdma_v6_2_rfs.vhd:43237]
INFO: [Synth 8-638] synthesizing module 'axi_vdma_skid_buf' [d:/Projects/2018/Infa-red-based-Image-processing-Zybo/src/bd/system/ipshared/ed72/hdl/axi_vdma_v6_2_rfs.vhd:41227]
INFO: [Synth 8-256] done synthesizing module 'axi_vdma_skid_buf' (43#1) [d:/Projects/2018/Infa-red-based-Image-processing-Zybo/src/bd/system/ipshared/ed72/hdl/axi_vdma_v6_2_rfs.vhd:41227]
INFO: [Synth 8-638] synthesizing module 'cdc_sync__parameterized16' [d:/Projects/2018/Infa-red-based-Image-processing-Zybo/src/bd/system/ipshared/52cb/hdl/lib_cdc_v1_0_rfs.vhd:106]
INFO: [Synth 8-256] done synthesizing module 'cdc_sync__parameterized16' (43#1) [d:/Projects/2018/Infa-red-based-Image-processing-Zybo/src/bd/system/ipshared/52cb/hdl/lib_cdc_v1_0_rfs.vhd:106]
INFO: [Synth 8-638] synthesizing module 'cdc_sync__parameterized17' [d:/Projects/2018/Infa-red-based-Image-processing-Zybo/src/bd/system/ipshared/52cb/hdl/lib_cdc_v1_0_rfs.vhd:106]
INFO: [Synth 8-256] done synthesizing module 'cdc_sync__parameterized17' (43#1) [d:/Projects/2018/Infa-red-based-Image-processing-Zybo/src/bd/system/ipshared/52cb/hdl/lib_cdc_v1_0_rfs.vhd:106]
INFO: [Synth 8-638] synthesizing module 'cdc_sync__parameterized18' [d:/Projects/2018/Infa-red-based-Image-processing-Zybo/src/bd/system/ipshared/52cb/hdl/lib_cdc_v1_0_rfs.vhd:106]
INFO: [Synth 8-256] done synthesizing module 'cdc_sync__parameterized18' (43#1) [d:/Projects/2018/Infa-red-based-Image-processing-Zybo/src/bd/system/ipshared/52cb/hdl/lib_cdc_v1_0_rfs.vhd:106]
INFO: [Synth 8-638] synthesizing module 'cdc_sync__parameterized19' [d:/Projects/2018/Infa-red-based-Image-processing-Zybo/src/bd/system/ipshared/52cb/hdl/lib_cdc_v1_0_rfs.vhd:106]
INFO: [Synth 8-256] done synthesizing module 'cdc_sync__parameterized19' (43#1) [d:/Projects/2018/Infa-red-based-Image-processing-Zybo/src/bd/system/ipshared/52cb/hdl/lib_cdc_v1_0_rfs.vhd:106]
INFO: [Synth 8-638] synthesizing module 'cdc_sync__parameterized20' [d:/Projects/2018/Infa-red-based-Image-processing-Zybo/src/bd/system/ipshared/52cb/hdl/lib_cdc_v1_0_rfs.vhd:106]
INFO: [Synth 8-256] done synthesizing module 'cdc_sync__parameterized20' (43#1) [d:/Projects/2018/Infa-red-based-Image-processing-Zybo/src/bd/system/ipshared/52cb/hdl/lib_cdc_v1_0_rfs.vhd:106]
INFO: [Synth 8-256] done synthesizing module 'axi_vdma_mm2s_linebuf' (44#1) [d:/Projects/2018/Infa-red-based-Image-processing-Zybo/src/bd/system/ipshared/ed72/hdl/axi_vdma_v6_2_rfs.vhd:45948]
INFO: [Synth 8-638] synthesizing module 'axi_vdma_skid_buf__parameterized0' [d:/Projects/2018/Infa-red-based-Image-processing-Zybo/src/bd/system/ipshared/ed72/hdl/axi_vdma_v6_2_rfs.vhd:41227]
INFO: [Synth 8-256] done synthesizing module 'axi_vdma_skid_buf__parameterized0' (44#1) [d:/Projects/2018/Infa-red-based-Image-processing-Zybo/src/bd/system/ipshared/ed72/hdl/axi_vdma_v6_2_rfs.vhd:41227]
INFO: [Synth 8-638] synthesizing module 'cdc_sync__parameterized21' [d:/Projects/2018/Infa-red-based-Image-processing-Zybo/src/bd/system/ipshared/52cb/hdl/lib_cdc_v1_0_rfs.vhd:106]
INFO: [Synth 8-256] done synthesizing module 'cdc_sync__parameterized21' (44#1) [d:/Projects/2018/Infa-red-based-Image-processing-Zybo/src/bd/system/ipshared/52cb/hdl/lib_cdc_v1_0_rfs.vhd:106]
INFO: [Synth 8-638] synthesizing module 'cdc_sync__parameterized22' [d:/Projects/2018/Infa-red-based-Image-processing-Zybo/src/bd/system/ipshared/52cb/hdl/lib_cdc_v1_0_rfs.vhd:106]
INFO: [Synth 8-256] done synthesizing module 'cdc_sync__parameterized22' (44#1) [d:/Projects/2018/Infa-red-based-Image-processing-Zybo/src/bd/system/ipshared/52cb/hdl/lib_cdc_v1_0_rfs.vhd:106]
INFO: [Synth 8-638] synthesizing module 'cdc_sync__parameterized23' [d:/Projects/2018/Infa-red-based-Image-processing-Zybo/src/bd/system/ipshared/52cb/hdl/lib_cdc_v1_0_rfs.vhd:106]
INFO: [Synth 8-256] done synthesizing module 'cdc_sync__parameterized23' (44#1) [d:/Projects/2018/Infa-red-based-Image-processing-Zybo/src/bd/system/ipshared/52cb/hdl/lib_cdc_v1_0_rfs.vhd:106]
INFO: [Synth 8-638] synthesizing module 'axi_vdma_s2mm_axis_dwidth_converter' [d:/Projects/2018/Infa-red-based-Image-processing-Zybo/src/bd/system/ipshared/ed72/hdl/axi_vdma_v6_2_rfs.vhd:68664]
INFO: [Synth 8-638] synthesizing module 'axi_vdma_v6_2_10_axis_dwidth_converter_v1_0_axis_dwidth_converter__parameterized1' [d:/Projects/2018/Infa-red-based-Image-processing-Zybo/src/bd/system/ipshared/ed72/hdl/axi_vdma_v6_2_rfs.v:1938]
INFO: [Synth 8-638] synthesizing module 'axi_vdma_v6_2_10_axis_dwidth_converter_v1_0_axisc_upsizer__parameterized0' [d:/Projects/2018/Infa-red-based-Image-processing-Zybo/src/bd/system/ipshared/ed72/hdl/axi_vdma_v6_2_rfs.v:1191]
INFO: [Synth 8-256] done synthesizing module 'axi_vdma_v6_2_10_axis_dwidth_converter_v1_0_axisc_upsizer__parameterized0' (44#1) [d:/Projects/2018/Infa-red-based-Image-processing-Zybo/src/bd/system/ipshared/ed72/hdl/axi_vdma_v6_2_rfs.v:1191]
INFO: [Synth 8-638] synthesizing module 'axi_vdma_v6_2_10_axis_dwidth_converter_v1_0_axisc_downsizer__parameterized0' [d:/Projects/2018/Infa-red-based-Image-processing-Zybo/src/bd/system/ipshared/ed72/hdl/axi_vdma_v6_2_rfs.v:1558]
INFO: [Synth 8-256] done synthesizing module 'axi_vdma_v6_2_10_axis_dwidth_converter_v1_0_axisc_downsizer__parameterized0' (44#1) [d:/Projects/2018/Infa-red-based-Image-processing-Zybo/src/bd/system/ipshared/ed72/hdl/axi_vdma_v6_2_rfs.v:1558]
INFO: [Synth 8-638] synthesizing module 'axi_vdma_v6_2_10_axis_register_slice_v1_0_axis_register_slice__parameterized1' [d:/Projects/2018/Infa-red-based-Image-processing-Zybo/src/bd/system/ipshared/ed72/hdl/axi_vdma_v6_2_rfs.v:979]
INFO: [Synth 8-638] synthesizing module 'axi_vdma_v6_2_10_axis_infrastructure_v1_0_util_axis2vector__parameterized1' [d:/Projects/2018/Infa-red-based-Image-processing-Zybo/src/bd/system/ipshared/ed72/hdl/axi_vdma_v6_2_rfs.v:63]
INFO: [Synth 8-256] done synthesizing module 'axi_vdma_v6_2_10_axis_infrastructure_v1_0_util_axis2vector__parameterized1' (44#1) [d:/Projects/2018/Infa-red-based-Image-processing-Zybo/src/bd/system/ipshared/ed72/hdl/axi_vdma_v6_2_rfs.v:63]
INFO: [Synth 8-638] synthesizing module 'axi_vdma_v6_2_10_axis_register_slice_v1_0_axisc_register_slice__parameterized1' [d:/Projects/2018/Infa-red-based-Image-processing-Zybo/src/bd/system/ipshared/ed72/hdl/axi_vdma_v6_2_rfs.v:391]
INFO: [Synth 8-256] done synthesizing module 'axi_vdma_v6_2_10_axis_register_slice_v1_0_axisc_register_slice__parameterized1' (44#1) [d:/Projects/2018/Infa-red-based-Image-processing-Zybo/src/bd/system/ipshared/ed72/hdl/axi_vdma_v6_2_rfs.v:391]
INFO: [Synth 8-638] synthesizing module 'axi_vdma_v6_2_10_axis_infrastructure_v1_0_util_vector2axis__parameterized1' [d:/Projects/2018/Infa-red-based-Image-processing-Zybo/src/bd/system/ipshared/ed72/hdl/axi_vdma_v6_2_rfs.v:228]
INFO: [Synth 8-256] done synthesizing module 'axi_vdma_v6_2_10_axis_infrastructure_v1_0_util_vector2axis__parameterized1' (44#1) [d:/Projects/2018/Infa-red-based-Image-processing-Zybo/src/bd/system/ipshared/ed72/hdl/axi_vdma_v6_2_rfs.v:228]
INFO: [Synth 8-256] done synthesizing module 'axi_vdma_v6_2_10_axis_register_slice_v1_0_axis_register_slice__parameterized1' (44#1) [d:/Projects/2018/Infa-red-based-Image-processing-Zybo/src/bd/system/ipshared/ed72/hdl/axi_vdma_v6_2_rfs.v:979]
INFO: [Synth 8-256] done synthesizing module 'axi_vdma_v6_2_10_axis_dwidth_converter_v1_0_axis_dwidth_converter__parameterized1' (44#1) [d:/Projects/2018/Infa-red-based-Image-processing-Zybo/src/bd/system/ipshared/ed72/hdl/axi_vdma_v6_2_rfs.v:1938]
INFO: [Synth 8-256] done synthesizing module 'axi_vdma_s2mm_axis_dwidth_converter' (45#1) [d:/Projects/2018/Infa-red-based-Image-processing-Zybo/src/bd/system/ipshared/ed72/hdl/axi_vdma_v6_2_rfs.vhd:68664]
INFO: [Synth 8-638] synthesizing module 'axi_vdma_reg_module__parameterized0' [d:/Projects/2018/Infa-red-based-Image-processing-Zybo/src/bd/system/ipshared/ed72/hdl/axi_vdma_v6_2_rfs.vhd:38829]
INFO: [Synth 8-638] synthesizing module 'axi_vdma_register__parameterized0' [d:/Projects/2018/Infa-red-based-Image-processing-Zybo/src/bd/system/ipshared/ed72/hdl/axi_vdma_v6_2_rfs.vhd:18712]
INFO: [Synth 8-256] done synthesizing module 'axi_vdma_register__parameterized0' (45#1) [d:/Projects/2018/Infa-red-based-Image-processing-Zybo/src/bd/system/ipshared/ed72/hdl/axi_vdma_v6_2_rfs.vhd:18712]
INFO: [Synth 8-638] synthesizing module 'axi_vdma_regdirect__parameterized0' [d:/Projects/2018/Infa-red-based-Image-processing-Zybo/src/bd/system/ipshared/ed72/hdl/axi_vdma_v6_2_rfs.vhd:20526]
INFO: [Synth 8-256] done synthesizing module 'axi_vdma_regdirect__parameterized0' (45#1) [d:/Projects/2018/Infa-red-based-Image-processing-Zybo/src/bd/system/ipshared/ed72/hdl/axi_vdma_v6_2_rfs.vhd:20526]
INFO: [Synth 8-638] synthesizing module 'axi_vdma_reg_mux__parameterized0' [d:/Projects/2018/Infa-red-based-Image-processing-Zybo/src/bd/system/ipshared/ed72/hdl/axi_vdma_v6_2_rfs.vhd:29591]
INFO: [Synth 8-256] done synthesizing module 'axi_vdma_reg_mux__parameterized0' (45#1) [d:/Projects/2018/Infa-red-based-Image-processing-Zybo/src/bd/system/ipshared/ed72/hdl/axi_vdma_v6_2_rfs.vhd:29591]
INFO: [Synth 8-256] done synthesizing module 'axi_vdma_reg_module__parameterized0' (45#1) [d:/Projects/2018/Infa-red-based-Image-processing-Zybo/src/bd/system/ipshared/ed72/hdl/axi_vdma_v6_2_rfs.vhd:38829]
INFO: [Synth 8-638] synthesizing module 'axi_vdma_mngr__parameterized0' [d:/Projects/2018/Infa-red-based-Image-processing-Zybo/src/bd/system/ipshared/ed72/hdl/axi_vdma_v6_2_rfs.vhd:63815]
INFO: [Synth 8-638] synthesizing module 'axi_vdma_sm__parameterized0' [d:/Projects/2018/Infa-red-based-Image-processing-Zybo/src/bd/system/ipshared/ed72/hdl/axi_vdma_v6_2_rfs.vhd:61558]
INFO: [Synth 8-638] synthesizing module 'cdc_sync__parameterized24' [d:/Projects/2018/Infa-red-based-Image-processing-Zybo/src/bd/system/ipshared/52cb/hdl/lib_cdc_v1_0_rfs.vhd:106]
INFO: [Synth 8-256] done synthesizing module 'cdc_sync__parameterized24' (45#1) [d:/Projects/2018/Infa-red-based-Image-processing-Zybo/src/bd/system/ipshared/52cb/hdl/lib_cdc_v1_0_rfs.vhd:106]
INFO: [Synth 8-256] done synthesizing module 'axi_vdma_sm__parameterized0' (45#1) [d:/Projects/2018/Infa-red-based-Image-processing-Zybo/src/bd/system/ipshared/ed72/hdl/axi_vdma_v6_2_rfs.vhd:61558]
INFO: [Synth 8-638] synthesizing module 'axi_vdma_cmdsts_if__parameterized0' [d:/Projects/2018/Infa-red-based-Image-processing-Zybo/src/bd/system/ipshared/ed72/hdl/axi_vdma_v6_2_rfs.vhd:62697]
INFO: [Synth 8-256] done synthesizing module 'axi_vdma_cmdsts_if__parameterized0' (45#1) [d:/Projects/2018/Infa-red-based-Image-processing-Zybo/src/bd/system/ipshared/ed72/hdl/axi_vdma_v6_2_rfs.vhd:62697]
INFO: [Synth 8-638] synthesizing module 'axi_vdma_genlock_mngr__parameterized0' [d:/Projects/2018/Infa-red-based-Image-processing-Zybo/src/bd/system/ipshared/ed72/hdl/axi_vdma_v6_2_rfs.vhd:58282]
INFO: [Synth 8-638] synthesizing module 'axi_vdma_greycoder__parameterized1' [d:/Projects/2018/Infa-red-based-Image-processing-Zybo/src/bd/system/ipshared/ed72/hdl/axi_vdma_v6_2_rfs.vhd:57995]
INFO: [Synth 8-256] done synthesizing module 'axi_vdma_greycoder__parameterized1' (45#1) [d:/Projects/2018/Infa-red-based-Image-processing-Zybo/src/bd/system/ipshared/ed72/hdl/axi_vdma_v6_2_rfs.vhd:57995]
INFO: [Synth 8-256] done synthesizing module 'axi_vdma_genlock_mngr__parameterized0' (45#1) [d:/Projects/2018/Infa-red-based-Image-processing-Zybo/src/bd/system/ipshared/ed72/hdl/axi_vdma_v6_2_rfs.vhd:58282]
INFO: [Synth 8-256] done synthesizing module 'axi_vdma_mngr__parameterized0' (45#1) [d:/Projects/2018/Infa-red-based-Image-processing-Zybo/src/bd/system/ipshared/ed72/hdl/axi_vdma_v6_2_rfs.vhd:63815]
INFO: [Synth 8-638] synthesizing module 'axi_vdma_fsync_gen__parameterized0' [d:/Projects/2018/Infa-red-based-Image-processing-Zybo/src/bd/system/ipshared/ed72/hdl/axi_vdma_v6_2_rfs.vhd:52754]
INFO: [Synth 8-256] done synthesizing module 'axi_vdma_fsync_gen__parameterized0' (45#1) [d:/Projects/2018/Infa-red-based-Image-processing-Zybo/src/bd/system/ipshared/ed72/hdl/axi_vdma_v6_2_rfs.vhd:52754]
INFO: [Synth 8-638] synthesizing module 'axi_vdma_s2mm_linebuf' [d:/Projects/2018/Infa-red-based-Image-processing-Zybo/src/bd/system/ipshared/ed72/hdl/axi_vdma_v6_2_rfs.vhd:48936]
INFO: [Synth 8-638] synthesizing module 'axi_vdma_afifo_builtin__parameterized0' [d:/Projects/2018/Infa-red-based-Image-processing-Zybo/src/bd/system/ipshared/ed72/hdl/axi_vdma_v6_2_rfs.vhd:43237]
INFO: [Synth 8-256] done synthesizing module 'axi_vdma_afifo_builtin__parameterized0' (45#1) [d:/Projects/2018/Infa-red-based-Image-processing-Zybo/src/bd/system/ipshared/ed72/hdl/axi_vdma_v6_2_rfs.vhd:43237]
INFO: [Synth 8-638] synthesizing module 'cdc_sync__parameterized25' [d:/Projects/2018/Infa-red-based-Image-processing-Zybo/src/bd/system/ipshared/52cb/hdl/lib_cdc_v1_0_rfs.vhd:106]
INFO: [Synth 8-256] done synthesizing module 'cdc_sync__parameterized25' (45#1) [d:/Projects/2018/Infa-red-based-Image-processing-Zybo/src/bd/system/ipshared/52cb/hdl/lib_cdc_v1_0_rfs.vhd:106]
INFO: [Synth 8-638] synthesizing module 'cdc_sync__parameterized26' [d:/Projects/2018/Infa-red-based-Image-processing-Zybo/src/bd/system/ipshared/52cb/hdl/lib_cdc_v1_0_rfs.vhd:106]
INFO: [Synth 8-256] done synthesizing module 'cdc_sync__parameterized26' (45#1) [d:/Projects/2018/Infa-red-based-Image-processing-Zybo/src/bd/system/ipshared/52cb/hdl/lib_cdc_v1_0_rfs.vhd:106]
INFO: [Synth 8-638] synthesizing module 'cdc_sync__parameterized27' [d:/Projects/2018/Infa-red-based-Image-processing-Zybo/src/bd/system/ipshared/52cb/hdl/lib_cdc_v1_0_rfs.vhd:106]
INFO: [Synth 8-256] done synthesizing module 'cdc_sync__parameterized27' (45#1) [d:/Projects/2018/Infa-red-based-Image-processing-Zybo/src/bd/system/ipshared/52cb/hdl/lib_cdc_v1_0_rfs.vhd:106]
INFO: [Synth 8-638] synthesizing module 'cdc_sync__parameterized28' [d:/Projects/2018/Infa-red-based-Image-processing-Zybo/src/bd/system/ipshared/52cb/hdl/lib_cdc_v1_0_rfs.vhd:106]
INFO: [Synth 8-256] done synthesizing module 'cdc_sync__parameterized28' (45#1) [d:/Projects/2018/Infa-red-based-Image-processing-Zybo/src/bd/system/ipshared/52cb/hdl/lib_cdc_v1_0_rfs.vhd:106]
INFO: [Synth 8-638] synthesizing module 'cdc_sync__parameterized29' [d:/Projects/2018/Infa-red-based-Image-processing-Zybo/src/bd/system/ipshared/52cb/hdl/lib_cdc_v1_0_rfs.vhd:106]
INFO: [Synth 8-256] done synthesizing module 'cdc_sync__parameterized29' (45#1) [d:/Projects/2018/Infa-red-based-Image-processing-Zybo/src/bd/system/ipshared/52cb/hdl/lib_cdc_v1_0_rfs.vhd:106]
INFO: [Synth 8-638] synthesizing module 'cdc_sync__parameterized30' [d:/Projects/2018/Infa-red-based-Image-processing-Zybo/src/bd/system/ipshared/52cb/hdl/lib_cdc_v1_0_rfs.vhd:106]
INFO: [Synth 8-256] done synthesizing module 'cdc_sync__parameterized30' (45#1) [d:/Projects/2018/Infa-red-based-Image-processing-Zybo/src/bd/system/ipshared/52cb/hdl/lib_cdc_v1_0_rfs.vhd:106]
INFO: [Synth 8-256] done synthesizing module 'axi_vdma_s2mm_linebuf' (46#1) [d:/Projects/2018/Infa-red-based-Image-processing-Zybo/src/bd/system/ipshared/ed72/hdl/axi_vdma_v6_2_rfs.vhd:48936]
INFO: [Synth 8-638] synthesizing module 'axi_datamover' [d:/Projects/2018/Infa-red-based-Image-processing-Zybo/src/bd/system/ipshared/bf41/hdl/axi_datamover_v5_1_vh_rfs.vhd:48516]
INFO: [Synth 8-638] synthesizing module 'axi_datamover_mm2s_full_wrap' [d:/Projects/2018/Infa-red-based-Image-processing-Zybo/src/bd/system/ipshared/bf41/hdl/axi_datamover_v5_1_vh_rfs.vhd:46666]
INFO: [Synth 8-638] synthesizing module 'axi_datamover_reset' [d:/Projects/2018/Infa-red-based-Image-processing-Zybo/src/bd/system/ipshared/bf41/hdl/axi_datamover_v5_1_vh_rfs.vhd:153]
INFO: [Synth 8-256] done synthesizing module 'axi_datamover_reset' (47#1) [d:/Projects/2018/Infa-red-based-Image-processing-Zybo/src/bd/system/ipshared/bf41/hdl/axi_datamover_v5_1_vh_rfs.vhd:153]
INFO: [Synth 8-638] synthesizing module 'axi_datamover_cmd_status' [d:/Projects/2018/Infa-red-based-Image-processing-Zybo/src/bd/system/ipshared/bf41/hdl/axi_datamover_v5_1_vh_rfs.vhd:2693]
INFO: [Synth 8-638] synthesizing module 'axi_datamover_fifo' [d:/Projects/2018/Infa-red-based-Image-processing-Zybo/src/bd/system/ipshared/bf41/hdl/axi_datamover_v5_1_vh_rfs.vhd:1881]
INFO: [Synth 8-638] synthesizing module 'srl_fifo_f' [d:/Projects/2018/Infa-red-based-Image-processing-Zybo/src/bd/system/ipshared/6039/hdl/lib_srl_fifo_v1_0_rfs.vhd:1000]
INFO: [Synth 8-638] synthesizing module 'srl_fifo_rbu_f' [d:/Projects/2018/Infa-red-based-Image-processing-Zybo/src/bd/system/ipshared/6039/hdl/lib_srl_fifo_v1_0_rfs.vhd:697]
INFO: [Synth 8-638] synthesizing module 'cntr_incr_decr_addn_f' [d:/Projects/2018/Infa-red-based-Image-processing-Zybo/src/bd/system/ipshared/6039/hdl/lib_srl_fifo_v1_0_rfs.vhd:143]
INFO: [Synth 8-256] done synthesizing module 'cntr_incr_decr_addn_f' (48#1) [d:/Projects/2018/Infa-red-based-Image-processing-Zybo/src/bd/system/ipshared/6039/hdl/lib_srl_fifo_v1_0_rfs.vhd:143]
INFO: [Synth 8-638] synthesizing module 'dynshreg_f' [d:/Projects/2018/Infa-red-based-Image-processing-Zybo/src/bd/system/ipshared/6039/hdl/lib_srl_fifo_v1_0_rfs.vhd:397]
INFO: [Synth 8-256] done synthesizing module 'dynshreg_f' (49#1) [d:/Projects/2018/Infa-red-based-Image-processing-Zybo/src/bd/system/ipshared/6039/hdl/lib_srl_fifo_v1_0_rfs.vhd:397]
INFO: [Synth 8-256] done synthesizing module 'srl_fifo_rbu_f' (50#1) [d:/Projects/2018/Infa-red-based-Image-processing-Zybo/src/bd/system/ipshared/6039/hdl/lib_srl_fifo_v1_0_rfs.vhd:697]
INFO: [Synth 8-256] done synthesizing module 'srl_fifo_f' (51#1) [d:/Projects/2018/Infa-red-based-Image-processing-Zybo/src/bd/system/ipshared/6039/hdl/lib_srl_fifo_v1_0_rfs.vhd:1000]
INFO: [Synth 8-256] done synthesizing module 'axi_datamover_fifo' (52#1) [d:/Projects/2018/Infa-red-based-Image-processing-Zybo/src/bd/system/ipshared/bf41/hdl/axi_datamover_v5_1_vh_rfs.vhd:1881]
INFO: [Synth 8-638] synthesizing module 'axi_datamover_fifo__parameterized0' [d:/Projects/2018/Infa-red-based-Image-processing-Zybo/src/bd/system/ipshared/bf41/hdl/axi_datamover_v5_1_vh_rfs.vhd:1881]
INFO: [Synth 8-638] synthesizing module 'srl_fifo_f__parameterized0' [d:/Projects/2018/Infa-red-based-Image-processing-Zybo/src/bd/system/ipshared/6039/hdl/lib_srl_fifo_v1_0_rfs.vhd:1000]
INFO: [Synth 8-638] synthesizing module 'srl_fifo_rbu_f__parameterized0' [d:/Projects/2018/Infa-red-based-Image-processing-Zybo/src/bd/system/ipshared/6039/hdl/lib_srl_fifo_v1_0_rfs.vhd:697]
INFO: [Synth 8-638] synthesizing module 'dynshreg_f__parameterized0' [d:/Projects/2018/Infa-red-based-Image-processing-Zybo/src/bd/system/ipshared/6039/hdl/lib_srl_fifo_v1_0_rfs.vhd:397]
INFO: [Synth 8-256] done synthesizing module 'dynshreg_f__parameterized0' (52#1) [d:/Projects/2018/Infa-red-based-Image-processing-Zybo/src/bd/system/ipshared/6039/hdl/lib_srl_fifo_v1_0_rfs.vhd:397]
INFO: [Synth 8-256] done synthesizing module 'srl_fifo_rbu_f__parameterized0' (52#1) [d:/Projects/2018/Infa-red-based-Image-processing-Zybo/src/bd/system/ipshared/6039/hdl/lib_srl_fifo_v1_0_rfs.vhd:697]
INFO: [Synth 8-256] done synthesizing module 'srl_fifo_f__parameterized0' (52#1) [d:/Projects/2018/Infa-red-based-Image-processing-Zybo/src/bd/system/ipshared/6039/hdl/lib_srl_fifo_v1_0_rfs.vhd:1000]
INFO: [Synth 8-256] done synthesizing module 'axi_datamover_fifo__parameterized0' (52#1) [d:/Projects/2018/Infa-red-based-Image-processing-Zybo/src/bd/system/ipshared/bf41/hdl/axi_datamover_v5_1_vh_rfs.vhd:1881]
INFO: [Synth 8-256] done synthesizing module 'axi_datamover_cmd_status' (53#1) [d:/Projects/2018/Infa-red-based-Image-processing-Zybo/src/bd/system/ipshared/bf41/hdl/axi_datamover_v5_1_vh_rfs.vhd:2693]
INFO: [Synth 8-638] synthesizing module 'axi_datamover_rd_status_cntl' [d:/Projects/2018/Infa-red-based-Image-processing-Zybo/src/bd/system/ipshared/bf41/hdl/axi_datamover_v5_1_vh_rfs.vhd:13741]
INFO: [Synth 8-256] done synthesizing module 'axi_datamover_rd_status_cntl' (54#1) [d:/Projects/2018/Infa-red-based-Image-processing-Zybo/src/bd/system/ipshared/bf41/hdl/axi_datamover_v5_1_vh_rfs.vhd:13741]
INFO: [Synth 8-638] synthesizing module 'axi_datamover_pcc' [d:/Projects/2018/Infa-red-based-Image-processing-Zybo/src/bd/system/ipshared/bf41/hdl/axi_datamover_v5_1_vh_rfs.vhd:7411]
INFO: [Synth 8-638] synthesizing module 'axi_datamover_strb_gen2' [d:/Projects/2018/Infa-red-based-Image-processing-Zybo/src/bd/system/ipshared/bf41/hdl/axi_datamover_v5_1_vh_rfs.vhd:4337]
INFO: [Synth 8-256] done synthesizing module 'axi_datamover_strb_gen2' (55#1) [d:/Projects/2018/Infa-red-based-Image-processing-Zybo/src/bd/system/ipshared/bf41/hdl/axi_datamover_v5_1_vh_rfs.vhd:4337]
INFO: [Synth 8-638] synthesizing module 'axi_datamover_strb_gen2__parameterized0' [d:/Projects/2018/Infa-red-based-Image-processing-Zybo/src/bd/system/ipshared/bf41/hdl/axi_datamover_v5_1_vh_rfs.vhd:4337]
INFO: [Synth 8-256] done synthesizing module 'axi_datamover_strb_gen2__parameterized0' (55#1) [d:/Projects/2018/Infa-red-based-Image-processing-Zybo/src/bd/system/ipshared/bf41/hdl/axi_datamover_v5_1_vh_rfs.vhd:4337]
INFO: [Synth 8-256] done synthesizing module 'axi_datamover_pcc' (56#1) [d:/Projects/2018/Infa-red-based-Image-processing-Zybo/src/bd/system/ipshared/bf41/hdl/axi_datamover_v5_1_vh_rfs.vhd:7411]
INFO: [Synth 8-638] synthesizing module 'axi_datamover_addr_cntl' [d:/Projects/2018/Infa-red-based-Image-processing-Zybo/src/bd/system/ipshared/bf41/hdl/axi_datamover_v5_1_vh_rfs.vhd:9995]
INFO: [Synth 8-638] synthesizing module 'axi_datamover_fifo__parameterized1' [d:/Projects/2018/Infa-red-based-Image-processing-Zybo/src/bd/system/ipshared/bf41/hdl/axi_datamover_v5_1_vh_rfs.vhd:1881]
INFO: [Synth 8-638] synthesizing module 'srl_fifo_f__parameterized1' [d:/Projects/2018/Infa-red-based-Image-processing-Zybo/src/bd/system/ipshared/6039/hdl/lib_srl_fifo_v1_0_rfs.vhd:1000]
INFO: [Synth 8-638] synthesizing module 'srl_fifo_rbu_f__parameterized1' [d:/Projects/2018/Infa-red-based-Image-processing-Zybo/src/bd/system/ipshared/6039/hdl/lib_srl_fifo_v1_0_rfs.vhd:697]
INFO: [Synth 8-638] synthesizing module 'dynshreg_f__parameterized1' [d:/Projects/2018/Infa-red-based-Image-processing-Zybo/src/bd/system/ipshared/6039/hdl/lib_srl_fifo_v1_0_rfs.vhd:397]
INFO: [Synth 8-256] done synthesizing module 'dynshreg_f__parameterized1' (56#1) [d:/Projects/2018/Infa-red-based-Image-processing-Zybo/src/bd/system/ipshared/6039/hdl/lib_srl_fifo_v1_0_rfs.vhd:397]
INFO: [Synth 8-256] done synthesizing module 'srl_fifo_rbu_f__parameterized1' (56#1) [d:/Projects/2018/Infa-red-based-Image-processing-Zybo/src/bd/system/ipshared/6039/hdl/lib_srl_fifo_v1_0_rfs.vhd:697]
INFO: [Synth 8-256] done synthesizing module 'srl_fifo_f__parameterized1' (56#1) [d:/Projects/2018/Infa-red-based-Image-processing-Zybo/src/bd/system/ipshared/6039/hdl/lib_srl_fifo_v1_0_rfs.vhd:1000]
INFO: [Synth 8-256] done synthesizing module 'axi_datamover_fifo__parameterized1' (56#1) [d:/Projects/2018/Infa-red-based-Image-processing-Zybo/src/bd/system/ipshared/bf41/hdl/axi_datamover_v5_1_vh_rfs.vhd:1881]
INFO: [Synth 8-256] done synthesizing module 'axi_datamover_addr_cntl' (57#1) [d:/Projects/2018/Infa-red-based-Image-processing-Zybo/src/bd/system/ipshared/bf41/hdl/axi_datamover_v5_1_vh_rfs.vhd:9995]
INFO: [Synth 8-638] synthesizing module 'axi_datamover_rddata_cntl' [d:/Projects/2018/Infa-red-based-Image-processing-Zybo/src/bd/system/ipshared/bf41/hdl/axi_datamover_v5_1_vh_rfs.vhd:12180]
INFO: [Synth 8-638] synthesizing module 'axi_datamover_rdmux' [d:/Projects/2018/Infa-red-based-Image-processing-Zybo/src/bd/system/ipshared/bf41/hdl/axi_datamover_v5_1_vh_rfs.vhd:10676]
INFO: [Synth 8-256] done synthesizing module 'axi_datamover_rdmux' (58#1) [d:/Projects/2018/Infa-red-based-Image-processing-Zybo/src/bd/system/ipshared/bf41/hdl/axi_datamover_v5_1_vh_rfs.vhd:10676]
INFO: [Synth 8-638] synthesizing module 'axi_datamover_fifo__parameterized2' [d:/Projects/2018/Infa-red-based-Image-processing-Zybo/src/bd/system/ipshared/bf41/hdl/axi_datamover_v5_1_vh_rfs.vhd:1881]
INFO: [Synth 8-638] synthesizing module 'srl_fifo_f__parameterized2' [d:/Projects/2018/Infa-red-based-Image-processing-Zybo/src/bd/system/ipshared/6039/hdl/lib_srl_fifo_v1_0_rfs.vhd:1000]
INFO: [Synth 8-638] synthesizing module 'srl_fifo_rbu_f__parameterized2' [d:/Projects/2018/Infa-red-based-Image-processing-Zybo/src/bd/system/ipshared/6039/hdl/lib_srl_fifo_v1_0_rfs.vhd:697]
INFO: [Synth 8-638] synthesizing module 'dynshreg_f__parameterized2' [d:/Projects/2018/Infa-red-based-Image-processing-Zybo/src/bd/system/ipshared/6039/hdl/lib_srl_fifo_v1_0_rfs.vhd:397]
INFO: [Synth 8-256] done synthesizing module 'dynshreg_f__parameterized2' (58#1) [d:/Projects/2018/Infa-red-based-Image-processing-Zybo/src/bd/system/ipshared/6039/hdl/lib_srl_fifo_v1_0_rfs.vhd:397]
INFO: [Synth 8-256] done synthesizing module 'srl_fifo_rbu_f__parameterized2' (58#1) [d:/Projects/2018/Infa-red-based-Image-processing-Zybo/src/bd/system/ipshared/6039/hdl/lib_srl_fifo_v1_0_rfs.vhd:697]
INFO: [Synth 8-256] done synthesizing module 'srl_fifo_f__parameterized2' (58#1) [d:/Projects/2018/Infa-red-based-Image-processing-Zybo/src/bd/system/ipshared/6039/hdl/lib_srl_fifo_v1_0_rfs.vhd:1000]
INFO: [Synth 8-256] done synthesizing module 'axi_datamover_fifo__parameterized2' (58#1) [d:/Projects/2018/Infa-red-based-Image-processing-Zybo/src/bd/system/ipshared/bf41/hdl/axi_datamover_v5_1_vh_rfs.vhd:1881]
INFO: [Synth 8-256] done synthesizing module 'axi_datamover_rddata_cntl' (59#1) [d:/Projects/2018/Infa-red-based-Image-processing-Zybo/src/bd/system/ipshared/bf41/hdl/axi_datamover_v5_1_vh_rfs.vhd:12180]
INFO: [Synth 8-638] synthesizing module 'axi_datamover_rd_sf' [d:/Projects/2018/Infa-red-based-Image-processing-Zybo/src/bd/system/ipshared/bf41/hdl/axi_datamover_v5_1_vh_rfs.vhd:20200]
INFO: [Synth 8-638] synthesizing module 'axi_datamover_fifo__parameterized3' [d:/Projects/2018/Infa-red-based-Image-processing-Zybo/src/bd/system/ipshared/bf41/hdl/axi_datamover_v5_1_vh_rfs.vhd:1881]
INFO: [Synth 8-638] synthesizing module 'srl_fifo_f__parameterized3' [d:/Projects/2018/Infa-red-based-Image-processing-Zybo/src/bd/system/ipshared/6039/hdl/lib_srl_fifo_v1_0_rfs.vhd:1000]
INFO: [Synth 8-638] synthesizing module 'srl_fifo_rbu_f__parameterized3' [d:/Projects/2018/Infa-red-based-Image-processing-Zybo/src/bd/system/ipshared/6039/hdl/lib_srl_fifo_v1_0_rfs.vhd:697]
INFO: [Synth 8-638] synthesizing module 'dynshreg_f__parameterized3' [d:/Projects/2018/Infa-red-based-Image-processing-Zybo/src/bd/system/ipshared/6039/hdl/lib_srl_fifo_v1_0_rfs.vhd:397]
INFO: [Synth 8-256] done synthesizing module 'dynshreg_f__parameterized3' (59#1) [d:/Projects/2018/Infa-red-based-Image-processing-Zybo/src/bd/system/ipshared/6039/hdl/lib_srl_fifo_v1_0_rfs.vhd:397]
INFO: [Synth 8-256] done synthesizing module 'srl_fifo_rbu_f__parameterized3' (59#1) [d:/Projects/2018/Infa-red-based-Image-processing-Zybo/src/bd/system/ipshared/6039/hdl/lib_srl_fifo_v1_0_rfs.vhd:697]
INFO: [Synth 8-256] done synthesizing module 'srl_fifo_f__parameterized3' (59#1) [d:/Projects/2018/Infa-red-based-Image-processing-Zybo/src/bd/system/ipshared/6039/hdl/lib_srl_fifo_v1_0_rfs.vhd:1000]
INFO: [Synth 8-256] done synthesizing module 'axi_datamover_fifo__parameterized3' (59#1) [d:/Projects/2018/Infa-red-based-Image-processing-Zybo/src/bd/system/ipshared/bf41/hdl/axi_datamover_v5_1_vh_rfs.vhd:1881]
INFO: [Synth 8-638] synthesizing module 'axi_datamover_sfifo_autord' [d:/Projects/2018/Infa-red-based-Image-processing-Zybo/src/bd/system/ipshared/bf41/hdl/axi_datamover_v5_1_vh_rfs.vhd:1294]
INFO: [Synth 8-638] synthesizing module 'sync_fifo_fg' [d:/Projects/2018/Infa-red-based-Image-processing-Zybo/src/bd/system/ipshared/5ab6/hdl/lib_fifo_v1_0_rfs.vhd:2097]
INFO: [Synth 8-256] done synthesizing module 'sync_fifo_fg' (83#1) [d:/Projects/2018/Infa-red-based-Image-processing-Zybo/src/bd/system/ipshared/5ab6/hdl/lib_fifo_v1_0_rfs.vhd:2097]
INFO: [Synth 8-256] done synthesizing module 'axi_datamover_sfifo_autord' (84#1) [d:/Projects/2018/Infa-red-based-Image-processing-Zybo/src/bd/system/ipshared/bf41/hdl/axi_datamover_v5_1_vh_rfs.vhd:1294]
INFO: [Synth 8-256] done synthesizing module 'axi_datamover_rd_sf' (85#1) [d:/Projects/2018/Infa-red-based-Image-processing-Zybo/src/bd/system/ipshared/bf41/hdl/axi_datamover_v5_1_vh_rfs.vhd:20200]
INFO: [Synth 8-256] done synthesizing module 'axi_datamover_mm2s_full_wrap' (86#1) [d:/Projects/2018/Infa-red-based-Image-processing-Zybo/src/bd/system/ipshared/bf41/hdl/axi_datamover_v5_1_vh_rfs.vhd:46666]
INFO: [Synth 8-638] synthesizing module 'axi_datamover_s2mm_full_wrap' [d:/Projects/2018/Infa-red-based-Image-processing-Zybo/src/bd/system/ipshared/bf41/hdl/axi_datamover_v5_1_vh_rfs.vhd:43113]
INFO: [Synth 8-638] synthesizing module 'axi_datamover_cmd_status__parameterized0' [d:/Projects/2018/Infa-red-based-Image-processing-Zybo/src/bd/system/ipshared/bf41/hdl/axi_datamover_v5_1_vh_rfs.vhd:2693]
INFO: [Synth 8-638] synthesizing module 'axi_datamover_fifo__parameterized4' [d:/Projects/2018/Infa-red-based-Image-processing-Zybo/src/bd/system/ipshared/bf41/hdl/axi_datamover_v5_1_vh_rfs.vhd:1881]
INFO: [Synth 8-638] synthesizing module 'srl_fifo_f__parameterized4' [d:/Projects/2018/Infa-red-based-Image-processing-Zybo/src/bd/system/ipshared/6039/hdl/lib_srl_fifo_v1_0_rfs.vhd:1000]
INFO: [Synth 8-638] synthesizing module 'srl_fifo_rbu_f__parameterized4' [d:/Projects/2018/Infa-red-based-Image-processing-Zybo/src/bd/system/ipshared/6039/hdl/lib_srl_fifo_v1_0_rfs.vhd:697]
INFO: [Synth 8-638] synthesizing module 'dynshreg_f__parameterized4' [d:/Projects/2018/Infa-red-based-Image-processing-Zybo/src/bd/system/ipshared/6039/hdl/lib_srl_fifo_v1_0_rfs.vhd:397]
INFO: [Synth 8-256] done synthesizing module 'dynshreg_f__parameterized4' (86#1) [d:/Projects/2018/Infa-red-based-Image-processing-Zybo/src/bd/system/ipshared/6039/hdl/lib_srl_fifo_v1_0_rfs.vhd:397]
INFO: [Synth 8-256] done synthesizing module 'srl_fifo_rbu_f__parameterized4' (86#1) [d:/Projects/2018/Infa-red-based-Image-processing-Zybo/src/bd/system/ipshared/6039/hdl/lib_srl_fifo_v1_0_rfs.vhd:697]
INFO: [Synth 8-256] done synthesizing module 'srl_fifo_f__parameterized4' (86#1) [d:/Projects/2018/Infa-red-based-Image-processing-Zybo/src/bd/system/ipshared/6039/hdl/lib_srl_fifo_v1_0_rfs.vhd:1000]
INFO: [Synth 8-256] done synthesizing module 'axi_datamover_fifo__parameterized4' (86#1) [d:/Projects/2018/Infa-red-based-Image-processing-Zybo/src/bd/system/ipshared/bf41/hdl/axi_datamover_v5_1_vh_rfs.vhd:1881]
INFO: [Synth 8-256] done synthesizing module 'axi_datamover_cmd_status__parameterized0' (86#1) [d:/Projects/2018/Infa-red-based-Image-processing-Zybo/src/bd/system/ipshared/bf41/hdl/axi_datamover_v5_1_vh_rfs.vhd:2693]
INFO: [Synth 8-638] synthesizing module 'axi_datamover_wr_status_cntl' [d:/Projects/2018/Infa-red-based-Image-processing-Zybo/src/bd/system/ipshared/bf41/hdl/axi_datamover_v5_1_vh_rfs.vhd:17697]
INFO: [Synth 8-638] synthesizing module 'axi_datamover_fifo__parameterized5' [d:/Projects/2018/Infa-red-based-Image-processing-Zybo/src/bd/system/ipshared/bf41/hdl/axi_datamover_v5_1_vh_rfs.vhd:1881]
INFO: [Synth 8-638] synthesizing module 'srl_fifo_f__parameterized5' [d:/Projects/2018/Infa-red-based-Image-processing-Zybo/src/bd/system/ipshared/6039/hdl/lib_srl_fifo_v1_0_rfs.vhd:1000]
INFO: [Synth 8-638] synthesizing module 'srl_fifo_rbu_f__parameterized5' [d:/Projects/2018/Infa-red-based-Image-processing-Zybo/src/bd/system/ipshared/6039/hdl/lib_srl_fifo_v1_0_rfs.vhd:697]
INFO: [Synth 8-638] synthesizing module 'cntr_incr_decr_addn_f__parameterized0' [d:/Projects/2018/Infa-red-based-Image-processing-Zybo/src/bd/system/ipshared/6039/hdl/lib_srl_fifo_v1_0_rfs.vhd:143]
INFO: [Synth 8-256] done synthesizing module 'cntr_incr_decr_addn_f__parameterized0' (86#1) [d:/Projects/2018/Infa-red-based-Image-processing-Zybo/src/bd/system/ipshared/6039/hdl/lib_srl_fifo_v1_0_rfs.vhd:143]
INFO: [Synth 8-638] synthesizing module 'dynshreg_f__parameterized5' [d:/Projects/2018/Infa-red-based-Image-processing-Zybo/src/bd/system/ipshared/6039/hdl/lib_srl_fifo_v1_0_rfs.vhd:397]
INFO: [Synth 8-256] done synthesizing module 'dynshreg_f__parameterized5' (86#1) [d:/Projects/2018/Infa-red-based-Image-processing-Zybo/src/bd/system/ipshared/6039/hdl/lib_srl_fifo_v1_0_rfs.vhd:397]
INFO: [Synth 8-256] done synthesizing module 'srl_fifo_rbu_f__parameterized5' (86#1) [d:/Projects/2018/Infa-red-based-Image-processing-Zybo/src/bd/system/ipshared/6039/hdl/lib_srl_fifo_v1_0_rfs.vhd:697]
INFO: [Synth 8-256] done synthesizing module 'srl_fifo_f__parameterized5' (86#1) [d:/Projects/2018/Infa-red-based-Image-processing-Zybo/src/bd/system/ipshared/6039/hdl/lib_srl_fifo_v1_0_rfs.vhd:1000]
INFO: [Synth 8-256] done synthesizing module 'axi_datamover_fifo__parameterized5' (86#1) [d:/Projects/2018/Infa-red-based-Image-processing-Zybo/src/bd/system/ipshared/bf41/hdl/axi_datamover_v5_1_vh_rfs.vhd:1881]
INFO: [Synth 8-638] synthesizing module 'axi_datamover_fifo__parameterized6' [d:/Projects/2018/Infa-red-based-Image-processing-Zybo/src/bd/system/ipshared/bf41/hdl/axi_datamover_v5_1_vh_rfs.vhd:1881]
INFO: [Synth 8-638] synthesizing module 'srl_fifo_f__parameterized6' [d:/Projects/2018/Infa-red-based-Image-processing-Zybo/src/bd/system/ipshared/6039/hdl/lib_srl_fifo_v1_0_rfs.vhd:1000]
INFO: [Synth 8-638] synthesizing module 'srl_fifo_rbu_f__parameterized6' [d:/Projects/2018/Infa-red-based-Image-processing-Zybo/src/bd/system/ipshared/6039/hdl/lib_srl_fifo_v1_0_rfs.vhd:697]
INFO: [Synth 8-638] synthesizing module 'cntr_incr_decr_addn_f__parameterized1' [d:/Projects/2018/Infa-red-based-Image-processing-Zybo/src/bd/system/ipshared/6039/hdl/lib_srl_fifo_v1_0_rfs.vhd:143]
INFO: [Synth 8-256] done synthesizing module 'cntr_incr_decr_addn_f__parameterized1' (86#1) [d:/Projects/2018/Infa-red-based-Image-processing-Zybo/src/bd/system/ipshared/6039/hdl/lib_srl_fifo_v1_0_rfs.vhd:143]
INFO: [Synth 8-638] synthesizing module 'dynshreg_f__parameterized6' [d:/Projects/2018/Infa-red-based-Image-processing-Zybo/src/bd/system/ipshared/6039/hdl/lib_srl_fifo_v1_0_rfs.vhd:397]
INFO: [Synth 8-256] done synthesizing module 'dynshreg_f__parameterized6' (86#1) [d:/Projects/2018/Infa-red-based-Image-processing-Zybo/src/bd/system/ipshared/6039/hdl/lib_srl_fifo_v1_0_rfs.vhd:397]
INFO: [Synth 8-256] done synthesizing module 'srl_fifo_rbu_f__parameterized6' (86#1) [d:/Projects/2018/Infa-red-based-Image-processing-Zybo/src/bd/system/ipshared/6039/hdl/lib_srl_fifo_v1_0_rfs.vhd:697]
INFO: [Synth 8-256] done synthesizing module 'srl_fifo_f__parameterized6' (86#1) [d:/Projects/2018/Infa-red-based-Image-processing-Zybo/src/bd/system/ipshared/6039/hdl/lib_srl_fifo_v1_0_rfs.vhd:1000]
INFO: [Synth 8-256] done synthesizing module 'axi_datamover_fifo__parameterized6' (86#1) [d:/Projects/2018/Infa-red-based-Image-processing-Zybo/src/bd/system/ipshared/bf41/hdl/axi_datamover_v5_1_vh_rfs.vhd:1881]
INFO: [Synth 8-256] done synthesizing module 'axi_datamover_wr_status_cntl' (87#1) [d:/Projects/2018/Infa-red-based-Image-processing-Zybo/src/bd/system/ipshared/bf41/hdl/axi_datamover_v5_1_vh_rfs.vhd:17697]
INFO: [Synth 8-638] synthesizing module 'axi_datamover_ibttcc' [d:/Projects/2018/Infa-red-based-Image-processing-Zybo/src/bd/system/ipshared/bf41/hdl/axi_datamover_v5_1_vh_rfs.vhd:25723]
INFO: [Synth 8-256] done synthesizing module 'axi_datamover_ibttcc' (88#1) [d:/Projects/2018/Infa-red-based-Image-processing-Zybo/src/bd/system/ipshared/bf41/hdl/axi_datamover_v5_1_vh_rfs.vhd:25723]
INFO: [Synth 8-638] synthesizing module 'axi_datamover_s2mm_realign' [d:/Projects/2018/Infa-red-based-Image-processing-Zybo/src/bd/system/ipshared/bf41/hdl/axi_datamover_v5_1_vh_rfs.vhd:40129]
INFO: [Synth 8-638] synthesizing module 'axi_datamover_fifo__parameterized7' [d:/Projects/2018/Infa-red-based-Image-processing-Zybo/src/bd/system/ipshared/bf41/hdl/axi_datamover_v5_1_vh_rfs.vhd:1881]
INFO: [Synth 8-638] synthesizing module 'srl_fifo_f__parameterized7' [d:/Projects/2018/Infa-red-based-Image-processing-Zybo/src/bd/system/ipshared/6039/hdl/lib_srl_fifo_v1_0_rfs.vhd:1000]
INFO: [Synth 8-638] synthesizing module 'srl_fifo_rbu_f__parameterized7' [d:/Projects/2018/Infa-red-based-Image-processing-Zybo/src/bd/system/ipshared/6039/hdl/lib_srl_fifo_v1_0_rfs.vhd:697]
INFO: [Synth 8-638] synthesizing module 'dynshreg_f__parameterized7' [d:/Projects/2018/Infa-red-based-Image-processing-Zybo/src/bd/system/ipshared/6039/hdl/lib_srl_fifo_v1_0_rfs.vhd:397]
INFO: [Synth 8-256] done synthesizing module 'dynshreg_f__parameterized7' (88#1) [d:/Projects/2018/Infa-red-based-Image-processing-Zybo/src/bd/system/ipshared/6039/hdl/lib_srl_fifo_v1_0_rfs.vhd:397]
INFO: [Synth 8-256] done synthesizing module 'srl_fifo_rbu_f__parameterized7' (88#1) [d:/Projects/2018/Infa-red-based-Image-processing-Zybo/src/bd/system/ipshared/6039/hdl/lib_srl_fifo_v1_0_rfs.vhd:697]
INFO: [Synth 8-256] done synthesizing module 'srl_fifo_f__parameterized7' (88#1) [d:/Projects/2018/Infa-red-based-Image-processing-Zybo/src/bd/system/ipshared/6039/hdl/lib_srl_fifo_v1_0_rfs.vhd:1000]
INFO: [Synth 8-256] done synthesizing module 'axi_datamover_fifo__parameterized7' (88#1) [d:/Projects/2018/Infa-red-based-Image-processing-Zybo/src/bd/system/ipshared/bf41/hdl/axi_datamover_v5_1_vh_rfs.vhd:1881]
INFO: [Synth 8-638] synthesizing module 'axi_datamover_s2mm_scatter' [d:/Projects/2018/Infa-red-based-Image-processing-Zybo/src/bd/system/ipshared/bf41/hdl/axi_datamover_v5_1_vh_rfs.vhd:38236]
INFO: [Synth 8-638] synthesizing module 'axi_datamover_mssai_skid_buf' [d:/Projects/2018/Infa-red-based-Image-processing-Zybo/src/bd/system/ipshared/bf41/hdl/axi_datamover_v5_1_vh_rfs.vhd:37286]
INFO: [Synth 8-638] synthesizing module 'axi_datamover_ms_strb_set' [d:/Projects/2018/Infa-red-based-Image-processing-Zybo/src/bd/system/ipshared/bf41/hdl/axi_datamover_v5_1_vh_rfs.vhd:35726]
INFO: [Synth 8-256] done synthesizing module 'axi_datamover_ms_strb_set' (89#1) [d:/Projects/2018/Infa-red-based-Image-processing-Zybo/src/bd/system/ipshared/bf41/hdl/axi_datamover_v5_1_vh_rfs.vhd:35726]
INFO: [Synth 8-256] done synthesizing module 'axi_datamover_mssai_skid_buf' (90#1) [d:/Projects/2018/Infa-red-based-Image-processing-Zybo/src/bd/system/ipshared/bf41/hdl/axi_datamover_v5_1_vh_rfs.vhd:37286]
INFO: [Synth 8-638] synthesizing module 'axi_datamover_strb_gen2__parameterized1' [d:/Projects/2018/Infa-red-based-Image-processing-Zybo/src/bd/system/ipshared/bf41/hdl/axi_datamover_v5_1_vh_rfs.vhd:4337]
INFO: [Synth 8-256] done synthesizing module 'axi_datamover_strb_gen2__parameterized1' (90#1) [d:/Projects/2018/Infa-red-based-Image-processing-Zybo/src/bd/system/ipshared/bf41/hdl/axi_datamover_v5_1_vh_rfs.vhd:4337]
INFO: [Synth 8-638] synthesizing module 'axi_datamover_slice' [d:/Projects/2018/Infa-red-based-Image-processing-Zybo/src/bd/system/ipshared/bf41/hdl/axi_datamover_v5_1_vh_rfs.vhd:37975]
INFO: [Synth 8-256] done synthesizing module 'axi_datamover_slice' (91#1) [d:/Projects/2018/Infa-red-based-Image-processing-Zybo/src/bd/system/ipshared/bf41/hdl/axi_datamover_v5_1_vh_rfs.vhd:37975]
INFO: [Synth 8-638] synthesizing module 'axi_datamover_fifo__parameterized8' [d:/Projects/2018/Infa-red-based-Image-processing-Zybo/src/bd/system/ipshared/bf41/hdl/axi_datamover_v5_1_vh_rfs.vhd:1881]
INFO: [Synth 8-638] synthesizing module 'srl_fifo_f__parameterized8' [d:/Projects/2018/Infa-red-based-Image-processing-Zybo/src/bd/system/ipshared/6039/hdl/lib_srl_fifo_v1_0_rfs.vhd:1000]
INFO: [Synth 8-638] synthesizing module 'srl_fifo_rbu_f__parameterized8' [d:/Projects/2018/Infa-red-based-Image-processing-Zybo/src/bd/system/ipshared/6039/hdl/lib_srl_fifo_v1_0_rfs.vhd:697]
INFO: [Synth 8-638] synthesizing module 'cntr_incr_decr_addn_f__parameterized2' [d:/Projects/2018/Infa-red-based-Image-processing-Zybo/src/bd/system/ipshared/6039/hdl/lib_srl_fifo_v1_0_rfs.vhd:143]
INFO: [Synth 8-256] done synthesizing module 'cntr_incr_decr_addn_f__parameterized2' (91#1) [d:/Projects/2018/Infa-red-based-Image-processing-Zybo/src/bd/system/ipshared/6039/hdl/lib_srl_fifo_v1_0_rfs.vhd:143]
INFO: [Synth 8-638] synthesizing module 'dynshreg_f__parameterized8' [d:/Projects/2018/Infa-red-based-Image-processing-Zybo/src/bd/system/ipshared/6039/hdl/lib_srl_fifo_v1_0_rfs.vhd:397]
INFO: [Synth 8-256] done synthesizing module 'dynshreg_f__parameterized8' (91#1) [d:/Projects/2018/Infa-red-based-Image-processing-Zybo/src/bd/system/ipshared/6039/hdl/lib_srl_fifo_v1_0_rfs.vhd:397]
INFO: [Synth 8-256] done synthesizing module 'srl_fifo_rbu_f__parameterized8' (91#1) [d:/Projects/2018/Infa-red-based-Image-processing-Zybo/src/bd/system/ipshared/6039/hdl/lib_srl_fifo_v1_0_rfs.vhd:697]
INFO: [Synth 8-256] done synthesizing module 'srl_fifo_f__parameterized8' (91#1) [d:/Projects/2018/Infa-red-based-Image-processing-Zybo/src/bd/system/ipshared/6039/hdl/lib_srl_fifo_v1_0_rfs.vhd:1000]
INFO: [Synth 8-256] done synthesizing module 'axi_datamover_fifo__parameterized8' (91#1) [d:/Projects/2018/Infa-red-based-Image-processing-Zybo/src/bd/system/ipshared/bf41/hdl/axi_datamover_v5_1_vh_rfs.vhd:1881]
INFO: [Synth 8-256] done synthesizing module 'axi_datamover_s2mm_scatter' (92#1) [d:/Projects/2018/Infa-red-based-Image-processing-Zybo/src/bd/system/ipshared/bf41/hdl/axi_datamover_v5_1_vh_rfs.vhd:38236]
INFO: [Synth 8-256] done synthesizing module 'axi_datamover_s2mm_realign' (93#1) [d:/Projects/2018/Infa-red-based-Image-processing-Zybo/src/bd/system/ipshared/bf41/hdl/axi_datamover_v5_1_vh_rfs.vhd:40129]
INFO: [Synth 8-638] synthesizing module 'axi_datamover_indet_btt' [d:/Projects/2018/Infa-red-based-Image-processing-Zybo/src/bd/system/ipshared/bf41/hdl/axi_datamover_v5_1_vh_rfs.vhd:28422]
INFO: [Synth 8-638] synthesizing module 'axi_datamover_stbs_set' [d:/Projects/2018/Infa-red-based-Image-processing-Zybo/src/bd/system/ipshared/bf41/hdl/axi_datamover_v5_1_vh_rfs.vhd:23402]
INFO: [Synth 8-256] done synthesizing module 'axi_datamover_stbs_set' (94#1) [d:/Projects/2018/Infa-red-based-Image-processing-Zybo/src/bd/system/ipshared/bf41/hdl/axi_datamover_v5_1_vh_rfs.vhd:23402]
INFO: [Synth 8-638] synthesizing module 'axi_datamover_sfifo_autord__parameterized0' [d:/Projects/2018/Infa-red-based-Image-processing-Zybo/src/bd/system/ipshared/bf41/hdl/axi_datamover_v5_1_vh_rfs.vhd:1294]
INFO: [Synth 8-638] synthesizing module 'sync_fifo_fg__parameterized0' [d:/Projects/2018/Infa-red-based-Image-processing-Zybo/src/bd/system/ipshared/5ab6/hdl/lib_fifo_v1_0_rfs.vhd:2097]
INFO: [Synth 8-256] done synthesizing module 'sync_fifo_fg__parameterized0' (95#1) [d:/Projects/2018/Infa-red-based-Image-processing-Zybo/src/bd/system/ipshared/5ab6/hdl/lib_fifo_v1_0_rfs.vhd:2097]
INFO: [Synth 8-256] done synthesizing module 'axi_datamover_sfifo_autord__parameterized0' (95#1) [d:/Projects/2018/Infa-red-based-Image-processing-Zybo/src/bd/system/ipshared/bf41/hdl/axi_datamover_v5_1_vh_rfs.vhd:1294]
INFO: [Synth 8-638] synthesizing module 'axi_datamover_sfifo_autord__parameterized1' [d:/Projects/2018/Infa-red-based-Image-processing-Zybo/src/bd/system/ipshared/bf41/hdl/axi_datamover_v5_1_vh_rfs.vhd:1294]
INFO: [Synth 8-638] synthesizing module 'sync_fifo_fg__parameterized1' [d:/Projects/2018/Infa-red-based-Image-processing-Zybo/src/bd/system/ipshared/5ab6/hdl/lib_fifo_v1_0_rfs.vhd:2097]
INFO: [Synth 8-256] done synthesizing module 'sync_fifo_fg__parameterized1' (95#1) [d:/Projects/2018/Infa-red-based-Image-processing-Zybo/src/bd/system/ipshared/5ab6/hdl/lib_fifo_v1_0_rfs.vhd:2097]
INFO: [Synth 8-256] done synthesizing module 'axi_datamover_sfifo_autord__parameterized1' (95#1) [d:/Projects/2018/Infa-red-based-Image-processing-Zybo/src/bd/system/ipshared/bf41/hdl/axi_datamover_v5_1_vh_rfs.vhd:1294]
INFO: [Synth 8-638] synthesizing module 'axi_datamover_stbs_set__parameterized0' [d:/Projects/2018/Infa-red-based-Image-processing-Zybo/src/bd/system/ipshared/bf41/hdl/axi_datamover_v5_1_vh_rfs.vhd:23402]
INFO: [Synth 8-256] done synthesizing module 'axi_datamover_stbs_set__parameterized0' (95#1) [d:/Projects/2018/Infa-red-based-Image-processing-Zybo/src/bd/system/ipshared/bf41/hdl/axi_datamover_v5_1_vh_rfs.vhd:23402]
INFO: [Synth 8-638] synthesizing module 'axi_datamover_skid_buf' [d:/Projects/2018/Infa-red-based-Image-processing-Zybo/src/bd/system/ipshared/bf41/hdl/axi_datamover_v5_1_vh_rfs.vhd:19492]
INFO: [Synth 8-256] done synthesizing module 'axi_datamover_skid_buf' (96#1) [d:/Projects/2018/Infa-red-based-Image-processing-Zybo/src/bd/system/ipshared/bf41/hdl/axi_datamover_v5_1_vh_rfs.vhd:19492]
INFO: [Synth 8-256] done synthesizing module 'axi_datamover_indet_btt' (97#1) [d:/Projects/2018/Infa-red-based-Image-processing-Zybo/src/bd/system/ipshared/bf41/hdl/axi_datamover_v5_1_vh_rfs.vhd:28422]
INFO: [Synth 8-638] synthesizing module 'axi_datamover_addr_cntl__parameterized0' [d:/Projects/2018/Infa-red-based-Image-processing-Zybo/src/bd/system/ipshared/bf41/hdl/axi_datamover_v5_1_vh_rfs.vhd:9995]
INFO: [Synth 8-638] synthesizing module 'axi_datamover_fifo__parameterized9' [d:/Projects/2018/Infa-red-based-Image-processing-Zybo/src/bd/system/ipshared/bf41/hdl/axi_datamover_v5_1_vh_rfs.vhd:1881]
INFO: [Synth 8-638] synthesizing module 'srl_fifo_f__parameterized9' [d:/Projects/2018/Infa-red-based-Image-processing-Zybo/src/bd/system/ipshared/6039/hdl/lib_srl_fifo_v1_0_rfs.vhd:1000]
INFO: [Synth 8-638] synthesizing module 'srl_fifo_rbu_f__parameterized9' [d:/Projects/2018/Infa-red-based-Image-processing-Zybo/src/bd/system/ipshared/6039/hdl/lib_srl_fifo_v1_0_rfs.vhd:697]
INFO: [Synth 8-638] synthesizing module 'dynshreg_f__parameterized9' [d:/Projects/2018/Infa-red-based-Image-processing-Zybo/src/bd/system/ipshared/6039/hdl/lib_srl_fifo_v1_0_rfs.vhd:397]
INFO: [Synth 8-256] done synthesizing module 'dynshreg_f__parameterized9' (97#1) [d:/Projects/2018/Infa-red-based-Image-processing-Zybo/src/bd/system/ipshared/6039/hdl/lib_srl_fifo_v1_0_rfs.vhd:397]
INFO: [Synth 8-256] done synthesizing module 'srl_fifo_rbu_f__parameterized9' (97#1) [d:/Projects/2018/Infa-red-based-Image-processing-Zybo/src/bd/system/ipshared/6039/hdl/lib_srl_fifo_v1_0_rfs.vhd:697]
INFO: [Synth 8-256] done synthesizing module 'srl_fifo_f__parameterized9' (97#1) [d:/Projects/2018/Infa-red-based-Image-processing-Zybo/src/bd/system/ipshared/6039/hdl/lib_srl_fifo_v1_0_rfs.vhd:1000]
INFO: [Synth 8-256] done synthesizing module 'axi_datamover_fifo__parameterized9' (97#1) [d:/Projects/2018/Infa-red-based-Image-processing-Zybo/src/bd/system/ipshared/bf41/hdl/axi_datamover_v5_1_vh_rfs.vhd:1881]
INFO: [Synth 8-256] done synthesizing module 'axi_datamover_addr_cntl__parameterized0' (97#1) [d:/Projects/2018/Infa-red-based-Image-processing-Zybo/src/bd/system/ipshared/bf41/hdl/axi_datamover_v5_1_vh_rfs.vhd:9995]
INFO: [Synth 8-638] synthesizing module 'axi_datamover_wrdata_cntl' [d:/Projects/2018/Infa-red-based-Image-processing-Zybo/src/bd/system/ipshared/bf41/hdl/axi_datamover_v5_1_vh_rfs.vhd:15669]
INFO: [Synth 8-638] synthesizing module 'axi_datamover_fifo__parameterized10' [d:/Projects/2018/Infa-red-based-Image-processing-Zybo/src/bd/system/ipshared/bf41/hdl/axi_datamover_v5_1_vh_rfs.vhd:1881]
INFO: [Synth 8-638] synthesizing module 'srl_fifo_f__parameterized10' [d:/Projects/2018/Infa-red-based-Image-processing-Zybo/src/bd/system/ipshared/6039/hdl/lib_srl_fifo_v1_0_rfs.vhd:1000]
INFO: [Synth 8-638] synthesizing module 'srl_fifo_rbu_f__parameterized10' [d:/Projects/2018/Infa-red-based-Image-processing-Zybo/src/bd/system/ipshared/6039/hdl/lib_srl_fifo_v1_0_rfs.vhd:697]
INFO: [Synth 8-638] synthesizing module 'dynshreg_f__parameterized10' [d:/Projects/2018/Infa-red-based-Image-processing-Zybo/src/bd/system/ipshared/6039/hdl/lib_srl_fifo_v1_0_rfs.vhd:397]
INFO: [Synth 8-256] done synthesizing module 'dynshreg_f__parameterized10' (97#1) [d:/Projects/2018/Infa-red-based-Image-processing-Zybo/src/bd/system/ipshared/6039/hdl/lib_srl_fifo_v1_0_rfs.vhd:397]
INFO: [Synth 8-256] done synthesizing module 'srl_fifo_rbu_f__parameterized10' (97#1) [d:/Projects/2018/Infa-red-based-Image-processing-Zybo/src/bd/system/ipshared/6039/hdl/lib_srl_fifo_v1_0_rfs.vhd:697]
INFO: [Synth 8-256] done synthesizing module 'srl_fifo_f__parameterized10' (97#1) [d:/Projects/2018/Infa-red-based-Image-processing-Zybo/src/bd/system/ipshared/6039/hdl/lib_srl_fifo_v1_0_rfs.vhd:1000]
INFO: [Synth 8-256] done synthesizing module 'axi_datamover_fifo__parameterized10' (97#1) [d:/Projects/2018/Infa-red-based-Image-processing-Zybo/src/bd/system/ipshared/bf41/hdl/axi_datamover_v5_1_vh_rfs.vhd:1881]
INFO: [Synth 8-256] done synthesizing module 'axi_datamover_wrdata_cntl' (98#1) [d:/Projects/2018/Infa-red-based-Image-processing-Zybo/src/bd/system/ipshared/bf41/hdl/axi_datamover_v5_1_vh_rfs.vhd:15669]
INFO: [Synth 8-638] synthesizing module 'axi_datamover_skid2mm_buf' [d:/Projects/2018/Infa-red-based-Image-processing-Zybo/src/bd/system/ipshared/bf41/hdl/axi_datamover_v5_1_vh_rfs.vhd:18990]
INFO: [Synth 8-638] synthesizing module 'axi_datamover_wr_demux' [d:/Projects/2018/Infa-red-based-Image-processing-Zybo/src/bd/system/ipshared/bf41/hdl/axi_datamover_v5_1_vh_rfs.vhd:14112]
INFO: [Synth 8-256] done synthesizing module 'axi_datamover_wr_demux' (99#1) [d:/Projects/2018/Infa-red-based-Image-processing-Zybo/src/bd/system/ipshared/bf41/hdl/axi_datamover_v5_1_vh_rfs.vhd:14112]
INFO: [Synth 8-256] done synthesizing module 'axi_datamover_skid2mm_buf' (100#1) [d:/Projects/2018/Infa-red-based-Image-processing-Zybo/src/bd/system/ipshared/bf41/hdl/axi_datamover_v5_1_vh_rfs.vhd:18990]
INFO: [Synth 8-256] done synthesizing module 'axi_datamover_s2mm_full_wrap' (101#1) [d:/Projects/2018/Infa-red-based-Image-processing-Zybo/src/bd/system/ipshared/bf41/hdl/axi_datamover_v5_1_vh_rfs.vhd:43113]
INFO: [Synth 8-256] done synthesizing module 'axi_datamover' (102#1) [d:/Projects/2018/Infa-red-based-Image-processing-Zybo/src/bd/system/ipshared/bf41/hdl/axi_datamover_v5_1_vh_rfs.vhd:48516]
INFO: [Synth 8-256] done synthesizing module 'axi_vdma' (103#1) [d:/Projects/2018/Infa-red-based-Image-processing-Zybo/src/bd/system/ipshared/ed72/hdl/axi_vdma_v6_2_rfs.vhd:69480]
INFO: [Synth 8-256] done synthesizing module 'system_axi_vdma_0_0' (104#1) [d:/Projects/2018/Infa-red-based-Image-processing-Zybo/src/bd/system/ip/system_axi_vdma_0_0/synth/system_axi_vdma_0_0.vhd:131]
Finished RTL Elaboration : Time (s): cpu = 00:03:42 ; elapsed = 00:03:52 . Memory (MB): peak = 747.953 ; gain = 537.523
Finished RTL Optimization Phase 1 : Time (s): cpu = 00:03:43 ; elapsed = 00:03:53 . Memory (MB): peak = 747.953 ; gain = 537.523
INFO: [Device 21-403] Loading part xc7z020clg400-1
Constraint Validation Runtime : Time (s): cpu = 00:00:00 ; elapsed = 00:00:00.140 . Memory (MB): peak = 902.871 ; gain = 3.160
Finished Constraint Validation : Time (s): cpu = 00:03:56 ; elapsed = 00:04:11 . Memory (MB): peak = 902.871 ; gain = 692.441
Finished Loading Part and Timing Information : Time (s): cpu = 00:03:56 ; elapsed = 00:04:11 . Memory (MB): peak = 902.871 ; gain = 692.441
Finished applying 'set_property' XDC Constraints : Time (s): cpu = 00:03:56 ; elapsed = 00:04:12 . Memory (MB): peak = 902.871 ; gain = 692.441
Finished RTL Optimization Phase 2 : Time (s): cpu = 00:04:04 ; elapsed = 00:04:20 . Memory (MB): peak = 902.871 ; gain = 692.441
Finished Cross Boundary and Area Optimization : Time (s): cpu = 00:04:18 ; elapsed = 00:04:37 . Memory (MB): peak = 902.871 ; gain = 692.441
---------------------------------------------------------------------------------
Start ROM, RAM, DSP and Shift Register Reporting
---------------------------------------------------------------------------------

Distributed RAM: Preliminary Mapping  Report (see note below)
+--------------+---------------------------------------------------------------------------------------------------------------------------------------------------------------------------------------------------------------------------------+----------------+----------------------+--------------+
|Module Name   | RTL Object                                                                                                                                                                                                                      | Inference      | Size (Depth x Width) | Primitives   | 
+--------------+---------------------------------------------------------------------------------------------------------------------------------------------------------------------------------------------------------------------------------+----------------+----------------------+--------------+
|axi_datamover | GEN_S2MM_FULL.I_S2MM_FULL_WRAPPER/GEN_ENABLE_INDET_BTT_SF.I_INDET_BTT/I_XD_FIFO/NON_BLK_MEM.I_SYNC_FIFOGEN_FIFO/FAMILY_SUPPORTED.I_SYNC_FIFO_BRAM/inst_fifo_gen/gconvfifo.rf/grf.rf/gntv_or_sync_fifo.mem/gdm.dm_gen.dm/RAM_reg | User Attribute | 16 x 9               | RAM32M x 2   | 
+--------------+---------------------------------------------------------------------------------------------------------------------------------------------------------------------------------------------------------------------------------+----------------+----------------------+--------------+

Note: The table above is a preliminary report that shows the Distributed RAMs at the current stage of the synthesis flow. Some Distributed RAMs may be reimplemented as non Distributed RAM primitives later in the synthesis flow. Multiple instantiated RAMs are reported only once.
---------------------------------------------------------------------------------
Finished ROM, RAM, DSP and Shift Register Reporting
---------------------------------------------------------------------------------
Finished Applying XDC Timing Constraints : Time (s): cpu = 00:04:26 ; elapsed = 00:04:45 . Memory (MB): peak = 902.871 ; gain = 692.441
Finished Timing Optimization : Time (s): cpu = 00:04:29 ; elapsed = 00:04:48 . Memory (MB): peak = 913.273 ; gain = 702.844
Finished Technology Mapping : Time (s): cpu = 00:04:32 ; elapsed = 00:04:51 . Memory (MB): peak = 945.297 ; gain = 734.867
Finished IO Insertion : Time (s): cpu = 00:04:33 ; elapsed = 00:04:52 . Memory (MB): peak = 945.297 ; gain = 734.867
Finished Renaming Generated Instances : Time (s): cpu = 00:04:33 ; elapsed = 00:04:52 . Memory (MB): peak = 945.297 ; gain = 734.867
Finished Rebuilding User Hierarchy : Time (s): cpu = 00:04:34 ; elapsed = 00:04:53 . Memory (MB): peak = 945.297 ; gain = 734.867
Finished Renaming Generated Ports : Time (s): cpu = 00:04:34 ; elapsed = 00:04:53 . Memory (MB): peak = 945.297 ; gain = 734.867
Finished Handling Custom Attributes : Time (s): cpu = 00:04:34 ; elapsed = 00:04:53 . Memory (MB): peak = 945.297 ; gain = 734.867
Finished Renaming Generated Nets : Time (s): cpu = 00:04:34 ; elapsed = 00:04:53 . Memory (MB): peak = 945.297 ; gain = 734.867

Report Cell Usage: 
+------+---------+------+
|      |Cell     |Count |
+------+---------+------+
|1     |CARRY4   |    87|
|2     |FIFO36E1 |     6|
|3     |LUT1     |   207|
|4     |LUT2     |   419|
|5     |LUT3     |   569|
|6     |LUT4     |   396|
|7     |LUT5     |   476|
|8     |LUT6     |   871|
|9     |MUXF7    |     7|
|10    |RAM32M   |     2|
|11    |RAMB18E1 |     2|
|12    |RAMB36E1 |     2|
|13    |SRL16E   |   290|
|14    |FDPE     |    10|
|15    |FDR      |   324|
|16    |FDRE     |  4271|
|17    |FDSE     |   105|
+------+---------+------+
Finished Writing Synthesis Report : Time (s): cpu = 00:04:34 ; elapsed = 00:04:53 . Memory (MB): peak = 945.297 ; gain = 734.867
synth_design: Time (s): cpu = 00:04:31 ; elapsed = 00:04:48 . Memory (MB): peak = 945.297 ; gain = 600.570
